<?xml version="1.0" encoding="UTF-8"?>
<robot generator="Robot 7.1 (Python 3.12.7 on win32)" generated="2026-03-12T14:08:21.626415" rpa="false" schemaversion="5">
<suite id="s1" name="ServiceWA login" source="D:\Users\snatarajan\Desktop\Sundar\ServiceWAMobile\ServiceWA\ServiceWA\ExtentUtilities\..\rf-tests\ServiceWA_login.robot">
<kw name="Extent Report Creation" owner="ExtentReportListener" type="SETUP">
<status status="PASS" start="2026-03-12T14:08:22.625790" elapsed="0.020953"/>
</kw>
<test id="s1-t1" name="Stability_TC_01_Mobile Before check login and logout" line="20">
<kw name="Log To Console" owner="BuiltIn">
<arg>*************************************** User to perform Login &amp; logout from</arg>
<arg>Mobile app ***************************************</arg>
<doc>Logs the given message to the console.</doc>
<status status="PASS" start="2026-03-12T14:08:22.657472" elapsed="0.001451"/>
</kw>
<kw name="Load Config Properties Data" owner="PropertyUtilities">
<kw name="Read Properties" owner="ReadConfig_Properties">
<msg time="2026-03-12T14:08:22.662593" level="INFO">{'ConnectionURL': 'http://sundarnatarajan_iqyk45:wtYGx3ewdxiUVMBvSFX8@hub-cloud.browserstack.com/wd/hub', 'App_Environment': 'QA', 'TestType': 'smoke', 'App_Version': 'Android - Version 3.95.019 (92) &amp; iOS - 3.95.026 (72)', 'QA_URL': 'NA', 'MobileTestExecutionPlatform': 'BrowserStack', 'App_Path_Android': 'bs://0882dc2c9caaa9fac3f13d49486c913c13e48550 ', 'App_Path_iOS': 'bs://2252459fbfdeb65d27a17e8b5a0761a3180cc5fc', 'ExecutionPlatform': 'Mobile', 'OS_ExecutionPlatform': 'IOS', 'Orientation': 'PORTRAIT', 'AndroidDeviceName': 'Google Pixel 9', 'iOSDeviceName': 'iPhone 15 Pro', 'UserAccount': 'Batch1', 'App_URL': 'NA', 'Browser': 'chrome', 'PIPELINE_EXECUTION': 'false', 'CaptureScreenShotsOnlyForFailure': 'False', 'BASE_URL': 'na'}</msg>
<msg time="2026-03-12T14:08:22.663577" level="INFO">&amp;{Load Prop} = { ConnectionURL=http://sundarnatarajan_iqyk45:wtYGx3ewdxiUVMBvSFX8@hub-cloud.browserstack.com/wd/hub | App_Environment=QA | TestType=smoke | App_Version=Android - Version 3.95.019 (92) &amp; iOS - 3.95.02...</msg>
<var>&amp;{Load Prop}</var>
<arg>${PROPERTY FILE PATH}</arg>
<status status="PASS" start="2026-03-12T14:08:22.659966" elapsed="0.003611"/>
</kw>
<kw name="Log To Console" owner="BuiltIn">
<arg>${Load Prop}[ConnectionURL]</arg>
<doc>Logs the given message to the console.</doc>
<status status="PASS" start="2026-03-12T14:08:22.663577" elapsed="0.001626"/>
</kw>
<kw name="Set Environment Variable" owner="OperatingSystem">
<msg time="2026-03-12T14:08:22.665203" level="INFO">Environment variable 'MobileTestExecutionPlatform' set to value 'BrowserStack'.</msg>
<arg>MobileTestExecutionPlatform</arg>
<arg>${Load Prop}[MobileTestExecutionPlatform]</arg>
<doc>Sets an environment variable to a specified value.</doc>
<status status="PASS" start="2026-03-12T14:08:22.665203" elapsed="0.000000"/>
</kw>
<kw name="Set Environment Variable" owner="OperatingSystem">
<msg time="2026-03-12T14:08:22.665203" level="INFO">Environment variable 'ANDROID_DEVICE_NAME' set to value 'Google Pixel 9'.</msg>
<arg>ANDROID_DEVICE_NAME</arg>
<arg>${Load Prop}[AndroidDeviceName]</arg>
<doc>Sets an environment variable to a specified value.</doc>
<status status="PASS" start="2026-03-12T14:08:22.665203" elapsed="0.000000"/>
</kw>
<kw name="Set Environment Variable" owner="OperatingSystem">
<msg time="2026-03-12T14:08:22.666200" level="INFO">Environment variable 'IOS_DEVICE_NAME' set to value 'iPhone 15 Pro'.</msg>
<arg>IOS_DEVICE_NAME</arg>
<arg>${Load Prop}[iOSDeviceName]</arg>
<doc>Sets an environment variable to a specified value.</doc>
<status status="PASS" start="2026-03-12T14:08:22.666200" elapsed="0.000000"/>
</kw>
<kw name="Set Environment Variable" owner="OperatingSystem">
<msg time="2026-03-12T14:08:22.666200" level="INFO">Environment variable 'CONNECTION_URL' set to value 'http://sundarnatarajan_iqyk45:wtYGx3ewdxiUVMBvSFX8@hub-cloud.browserstack.com/wd/hub'.</msg>
<arg>CONNECTION_URL</arg>
<arg>${Load Prop}[ConnectionURL]</arg>
<doc>Sets an environment variable to a specified value.</doc>
<status status="PASS" start="2026-03-12T14:08:22.666200" elapsed="0.000000"/>
</kw>
<kw name="Set Environment Variable" owner="OperatingSystem">
<msg time="2026-03-12T14:08:22.666779" level="INFO">Environment variable 'TEST_TYPE' set to value 'smoke'.</msg>
<arg>TEST_TYPE</arg>
<arg>${Load Prop}[TestType]</arg>
<doc>Sets an environment variable to a specified value.</doc>
<status status="PASS" start="2026-03-12T14:08:22.666779" elapsed="0.000000"/>
</kw>
<kw name="Set Environment Variable" owner="OperatingSystem">
<msg time="2026-03-12T14:08:22.671402" level="INFO">Environment variable 'USER_ACCOUNT' set to value 'Batch1'.</msg>
<arg>USER_ACCOUNT</arg>
<arg>${Load Prop}[UserAccount]</arg>
<doc>Sets an environment variable to a specified value.</doc>
<status status="PASS" start="2026-03-12T14:08:22.671402" elapsed="0.000000"/>
</kw>
<kw name="Set Environment Variable" owner="OperatingSystem">
<msg time="2026-03-12T14:08:22.672426" level="INFO">Environment variable 'PIPELINE_EXECUTION' set to value 'false'.</msg>
<arg>PIPELINE_EXECUTION</arg>
<arg>${Load Prop}[PIPELINE_EXECUTION]</arg>
<doc>Sets an environment variable to a specified value.</doc>
<status status="PASS" start="2026-03-12T14:08:22.671402" elapsed="0.001024"/>
</kw>
<kw name="Set Environment Variable" owner="OperatingSystem">
<msg time="2026-03-12T14:08:22.673434" level="INFO">Environment variable 'MOBILE_VIEW' set to value 'NA'.</msg>
<arg>MOBILE_VIEW</arg>
<arg>${Load Prop}[QA_URL]</arg>
<doc>Sets an environment variable to a specified value.</doc>
<status status="PASS" start="2026-03-12T14:08:22.672426" elapsed="0.001008"/>
</kw>
<kw name="Set Environment Variable" owner="OperatingSystem">
<msg time="2026-03-12T14:08:22.673434" level="INFO">Environment variable 'EXECUTION_PLATFORM' set to value 'Mobile'.</msg>
<arg>EXECUTION_PLATFORM</arg>
<arg>${Load Prop}[ExecutionPlatform]</arg>
<doc>Sets an environment variable to a specified value.</doc>
<status status="PASS" start="2026-03-12T14:08:22.673434" elapsed="0.000000"/>
</kw>
<kw name="Set Environment Variable" owner="OperatingSystem">
<msg time="2026-03-12T14:08:22.673434" level="INFO">Environment variable 'APP_URL' set to value 'NA'.</msg>
<arg>APP_URL</arg>
<arg>${Load Prop}[App_URL]</arg>
<doc>Sets an environment variable to a specified value.</doc>
<status status="PASS" start="2026-03-12T14:08:22.673434" elapsed="0.000000"/>
</kw>
<kw name="Set Environment Variable" owner="OperatingSystem">
<msg time="2026-03-12T14:08:22.673434" level="INFO">Environment variable 'BROWSER' set to value 'chrome'.</msg>
<arg>BROWSER</arg>
<arg>${Load Prop}[Browser]</arg>
<doc>Sets an environment variable to a specified value.</doc>
<status status="PASS" start="2026-03-12T14:08:22.673434" elapsed="0.000000"/>
</kw>
<kw name="Set Environment Variable" owner="OperatingSystem">
<msg time="2026-03-12T14:08:22.675023" level="INFO">Environment variable 'MOBILE_VIEW' set to value 'NA'.</msg>
<arg>MOBILE_VIEW</arg>
<arg>${Load Prop}[QA_URL]</arg>
<doc>Sets an environment variable to a specified value.</doc>
<status status="PASS" start="2026-03-12T14:08:22.674440" elapsed="0.000583"/>
</kw>
<kw name="Set Environment Variable" owner="OperatingSystem">
<msg time="2026-03-12T14:08:22.675023" level="INFO">Environment variable 'CaptureScreenShotsOnlyForFailure' set to value 'False'.</msg>
<arg>CaptureScreenShotsOnlyForFailure</arg>
<arg>${Load Prop}[CaptureScreenShotsOnlyForFailure]</arg>
<doc>Sets an environment variable to a specified value.</doc>
<status status="PASS" start="2026-03-12T14:08:22.675023" elapsed="0.000000"/>
</kw>
<kw name="Set Environment Variable" owner="OperatingSystem">
<msg time="2026-03-12T14:08:22.675023" level="INFO">Environment variable 'BASE_URL' set to value 'na'.</msg>
<arg>BASE_URL</arg>
<arg>${Load Prop}[BASE_URL]</arg>
<doc>Sets an environment variable to a specified value.</doc>
<status status="PASS" start="2026-03-12T14:08:22.675023" elapsed="0.000000"/>
</kw>
<kw name="Log" owner="BuiltIn">
<msg time="2026-03-12T14:08:22.675023" level="INFO">Execution Platform is IOS</msg>
<arg>Execution Platform is ${Load Prop}[OS_ExecutionPlatform]</arg>
<doc>Logs the given message with the given level.</doc>
<status status="PASS" start="2026-03-12T14:08:22.675023" elapsed="0.000000"/>
</kw>
<if>
<branch type="IF" condition="&quot;${Load Prop}[OS_ExecutionPlatform]&quot; == &quot;Android&quot;">
<kw name="Set Environment Variable" owner="OperatingSystem">
<arg>DEVICE_NAME</arg>
<arg>${Load Prop}[AndroidDeviceName]</arg>
<doc>Sets an environment variable to a specified value.</doc>
<status status="NOT RUN" start="2026-03-12T14:08:22.676184" elapsed="0.000000"/>
</kw>
<kw name="Set Environment Variable" owner="OperatingSystem">
<arg>APP_PATH</arg>
<arg>${Load Prop}[App_Path_Android]</arg>
<doc>Sets an environment variable to a specified value.</doc>
<status status="NOT RUN" start="2026-03-12T14:08:22.676184" elapsed="0.000000"/>
</kw>
<status status="NOT RUN" start="2026-03-12T14:08:22.675023" elapsed="0.001161"/>
</branch>
<branch type="ELSE">
<kw name="Set Environment Variable" owner="OperatingSystem">
<msg time="2026-03-12T14:08:22.677172" level="INFO">Environment variable 'DEVICE_NAME' set to value 'iPhone 15 Pro'.</msg>
<arg>DEVICE_NAME</arg>
<arg>${Load Prop}[iOSDeviceName]</arg>
<doc>Sets an environment variable to a specified value.</doc>
<status status="PASS" start="2026-03-12T14:08:22.676184" elapsed="0.000988"/>
</kw>
<kw name="Set Environment Variable" owner="OperatingSystem">
<msg time="2026-03-12T14:08:22.677172" level="INFO">Environment variable 'APP_PATH' set to value 'bs://2252459fbfdeb65d27a17e8b5a0761a3180cc5fc'.</msg>
<arg>APP_PATH</arg>
<arg>${Load Prop}[App_Path_iOS]</arg>
<doc>Sets an environment variable to a specified value.</doc>
<status status="PASS" start="2026-03-12T14:08:22.677172" elapsed="0.000000"/>
</kw>
<status status="PASS" start="2026-03-12T14:08:22.676184" elapsed="0.000988"/>
</branch>
<status status="PASS" start="2026-03-12T14:08:22.675023" elapsed="0.002695"/>
</if>
<return>
<value>&amp;{Load Prop}</value>
<status status="PASS" start="2026-03-12T14:08:22.677766" elapsed="0.000000"/>
</return>
<msg time="2026-03-12T14:08:22.677766" level="INFO">&amp;{prop} = { ConnectionURL=http://sundarnatarajan_iqyk45:wtYGx3ewdxiUVMBvSFX8@hub-cloud.browserstack.com/wd/hub | App_Environment=QA | TestType=smoke | App_Version=Android - Version 3.95.019 (92) &amp; iOS - 3.95.02...</msg>
<var>&amp;{prop}</var>
<doc>Keyword wrapper to load the properties file</doc>
<status status="PASS" start="2026-03-12T14:08:22.659966" elapsed="0.017800"/>
</kw>
<kw name="Load Test Data From File" owner="DataUtility">
<kw name="Log To Console" owner="BuiltIn">
<arg>"Inside Load Testdata from file"</arg>
<doc>Logs the given message to the console.</doc>
<status status="PASS" start="2026-03-12T14:08:22.679801" elapsed="0.002612"/>
</kw>
<kw name="Generate Random String" owner="String">
<msg time="2026-03-12T14:08:22.684025" level="INFO">${doc_id} = 3806</msg>
<var>${doc_id}</var>
<arg>4</arg>
<arg>0123456789</arg>
<doc>Generates a string with a desired ``length`` from the given ``chars``.</doc>
<status status="PASS" start="2026-03-12T14:08:22.682413" elapsed="0.001612"/>
</kw>
<kw name="Convert To Lower Case" owner="String">
<msg time="2026-03-12T14:08:22.684025" level="INFO">${TEST_TYPE} = smoke</msg>
<var>${TEST_TYPE}</var>
<arg>%{TEST_TYPE}</arg>
<doc>Converts string to lower case.</doc>
<status status="PASS" start="2026-03-12T14:08:22.684025" elapsed="0.000000"/>
</kw>
<kw name="Open Excel Document" owner="ExcelLibrary">
<arg>${TESTDATA FILE PATH}\\${TEST_TYPE}\\${FileName}</arg>
<arg>${doc_id}</arg>
<doc>Opens xlsx document file.</doc>
<status status="PASS" start="2026-03-12T14:08:22.686041" elapsed="5.239850"/>
</kw>
<kw name="Read Excel Row" owner="ExcelLibrary">
<msg time="2026-03-12T14:08:27.925891" level="INFO">@{FIRST ROW COLUMN VALUE} = [ Execute | UniqueID | TestcaseID | TestcaseName | UserName ]</msg>
<var>@{FIRST ROW COLUMN VALUE}</var>
<arg>row_num=1</arg>
<arg>sheet_name=${Sheet Name}</arg>
<doc>Returns content of a row from the current sheet of the document.</doc>
<status status="PASS" start="2026-03-12T14:08:27.925891" elapsed="0.000000"/>
</kw>
<kw name="Log To Console" owner="BuiltIn">
<arg>"Inside Load Testdata from file... 1"</arg>
<doc>Logs the given message to the console.</doc>
<status status="PASS" start="2026-03-12T14:08:27.925891" elapsed="0.001177"/>
</kw>
<for flavor="IN ENUMERATE" start="1">
<iter>
<if>
<branch type="IF" condition="'${item}' == 'UniqueID'">
<kw name="Set Variable" owner="BuiltIn">
<var>${colmn_num}</var>
<arg>${index}</arg>
<doc>Returns the given values which can then be assigned to a variables.</doc>
<status status="NOT RUN" start="2026-03-12T14:08:27.928116" elapsed="0.000000"/>
</kw>
<kw name="Exit For Loop" owner="BuiltIn">
<doc>Stops executing the enclosing FOR loop.</doc>
<status status="NOT RUN" start="2026-03-12T14:08:27.929056" elapsed="0.000000"/>
</kw>
<status status="NOT RUN" start="2026-03-12T14:08:27.928116" elapsed="0.000940"/>
</branch>
<status status="PASS" start="2026-03-12T14:08:27.928116" elapsed="0.000940"/>
</if>
<var name="${index}">1</var>
<var name="${item}">Execute</var>
<status status="PASS" start="2026-03-12T14:08:27.928116" elapsed="0.000940"/>
</iter>
<iter>
<if>
<branch type="IF" condition="'${item}' == 'UniqueID'">
<kw name="Set Variable" owner="BuiltIn">
<msg time="2026-03-12T14:08:27.929818" level="INFO">${colmn_num} = 2</msg>
<var>${colmn_num}</var>
<arg>${index}</arg>
<doc>Returns the given values which can then be assigned to a variables.</doc>
<status status="PASS" start="2026-03-12T14:08:27.929056" elapsed="0.000762"/>
</kw>
<kw name="Exit For Loop" owner="BuiltIn">
<msg time="2026-03-12T14:08:27.929818" level="INFO">Exiting for loop altogether.</msg>
<doc>Stops executing the enclosing FOR loop.</doc>
<status status="PASS" start="2026-03-12T14:08:27.929818" elapsed="0.000000"/>
</kw>
<status status="PASS" start="2026-03-12T14:08:27.929056" elapsed="0.000762"/>
</branch>
<status status="PASS" start="2026-03-12T14:08:27.929056" elapsed="0.000762"/>
</if>
<var name="${index}">2</var>
<var name="${item}">UniqueID</var>
<status status="PASS" start="2026-03-12T14:08:27.929056" elapsed="0.000762"/>
</iter>
<var>${index}</var>
<var>${item}</var>
<value>@{FIRST ROW COLUMN VALUE}</value>
<status status="PASS" start="2026-03-12T14:08:27.928116" elapsed="0.001702"/>
</for>
<kw name="Run Keyword And Return Status" owner="BuiltIn">
<kw name="Evaluate" owner="BuiltIn">
<arg>${colmn_num} in globals()</arg>
<doc>Evaluates the given expression in Python and returns the result.</doc>
<status status="PASS" start="2026-03-12T14:08:27.929818" elapsed="0.000000"/>
</kw>
<msg time="2026-03-12T14:08:27.929818" level="INFO">${Column_name_exist} = True</msg>
<var>${Column_name_exist}</var>
<arg>Evaluate</arg>
<arg>${colmn_num} in globals()</arg>
<doc>Runs the given keyword with given arguments and returns the status as a Boolean value.</doc>
<status status="PASS" start="2026-03-12T14:08:27.929818" elapsed="0.000000"/>
</kw>
<if>
<branch type="IF" condition="not ${Column_name_exist}">
<kw name="Fail" owner="BuiltIn">
<arg>Given first row column header name 'TestcaseID' not exists in the following xls/xlsx file '${File Name}'</arg>
<doc>Fails the test with the given message and optionally alters its tags.</doc>
<status status="NOT RUN" start="2026-03-12T14:08:27.930858" elapsed="0.000000"/>
</kw>
<status status="NOT RUN" start="2026-03-12T14:08:27.929818" elapsed="0.001040"/>
</branch>
<status status="PASS" start="2026-03-12T14:08:27.929818" elapsed="0.001040"/>
</if>
<kw name="Log To Console" owner="BuiltIn">
<arg>"Inside Load Testdata from file... 2"</arg>
<doc>Logs the given message to the console.</doc>
<status status="PASS" start="2026-03-12T14:08:27.930858" elapsed="0.000000"/>
</kw>
<kw name="Read Excel Column" owner="ExcelLibrary">
<msg time="2026-03-12T14:08:27.930858" level="INFO">@{COLUMN VALUE} = [ UniqueID | ServiceDashboard0001 ]</msg>
<var>@{COLUMN VALUE}</var>
<arg>col_num=${colmn_num}</arg>
<arg>sheet_name=${Sheet Name}</arg>
<doc>Returns content of a column from the current sheet of the document.</doc>
<status status="PASS" start="2026-03-12T14:08:27.930858" elapsed="0.001001"/>
</kw>
<kw name="Get Length" owner="BuiltIn">
<msg time="2026-03-12T14:08:27.931859" level="INFO">Length is 2.</msg>
<msg time="2026-03-12T14:08:27.931859" level="INFO">${ROW COUNT} = 2</msg>
<var>${ROW COUNT}</var>
<arg>${COLUMN VALUE}</arg>
<doc>Returns and logs the length of the given item as an integer.</doc>
<status status="PASS" start="2026-03-12T14:08:27.931859" elapsed="0.000000"/>
</kw>
<kw name="Get Index From List" owner="Collections">
<msg time="2026-03-12T14:08:27.932939" level="INFO">${TESTDATA ROW NUMBER} = -1</msg>
<var>${TESTDATA ROW NUMBER}</var>
<arg>${COLUMN VALUE}</arg>
<arg>${Row Name}</arg>
<doc>Returns the index of the first occurrence of the ``value`` on the list.</doc>
<status status="PASS" start="2026-03-12T14:08:27.931859" elapsed="0.001080"/>
</kw>
<kw name="Evaluate" owner="BuiltIn">
<msg time="2026-03-12T14:08:27.932939" level="INFO">${TESTDATA ROW NUMBER} = 0</msg>
<var>${TESTDATA ROW NUMBER}</var>
<arg>int(${TESTDATA ROW NUMBER}) + 1</arg>
<doc>Evaluates the given expression in Python and returns the result.</doc>
<status status="PASS" start="2026-03-12T14:08:27.932939" elapsed="0.000000"/>
</kw>
<kw name="Read Excel Row" owner="ExcelLibrary">
<msg time="2026-03-12T14:08:27.932939" level="INFO">@{SELECTED ROW VALUE} = [ Execute | UniqueID | TestcaseID | TestcaseName | UserName ]</msg>
<var>@{SELECTED ROW VALUE}</var>
<arg>row_num=${TESTDATA ROW NUMBER}</arg>
<arg>sheet_name=${Sheet Name}</arg>
<doc>Returns content of a row from the current sheet of the document.</doc>
<status status="PASS" start="2026-03-12T14:08:27.932939" elapsed="0.000000"/>
</kw>
<kw name="Read Excel Row" owner="ExcelLibrary">
<msg time="2026-03-12T14:08:27.934019" level="INFO">@{HEADER ROW VALUE} = [ Execute | UniqueID | TestcaseID | TestcaseName | UserName ]</msg>
<var>@{HEADER ROW VALUE}</var>
<arg>row_num=1</arg>
<arg>sheet_name=${Sheet Name}</arg>
<doc>Returns content of a row from the current sheet of the document.</doc>
<status status="PASS" start="2026-03-12T14:08:27.932939" elapsed="0.001080"/>
</kw>
<kw name="Log To Console" owner="BuiltIn">
<arg>"Inside Load Testdata from file... 3"</arg>
<doc>Logs the given message to the console.</doc>
<status status="PASS" start="2026-03-12T14:08:27.934019" elapsed="0.000000"/>
</kw>
<kw name="Convert Two List Into Dictionary" owner="DataUtility">
<kw name="Create Dictionary" owner="BuiltIn">
<msg time="2026-03-12T14:08:27.934990" level="INFO">&amp;{Dict Data} = { }</msg>
<var>&amp;{Dict Data}</var>
<doc>Creates and returns a dictionary based on the given ``items``.</doc>
<status status="PASS" start="2026-03-12T14:08:27.934990" elapsed="0.000000"/>
</kw>
<for flavor="IN ZIP">
<iter>
<kw name="Run Keyword And Return Status" owner="BuiltIn">
<kw name="Should Contain" owner="BuiltIn">
<msg time="2026-03-12T14:08:27.936721" level="FAIL">'Execute' does not contain '"'</msg>
<arg>${value}</arg>
<arg>"</arg>
<doc>Fails if ``container`` does not contain ``item`` one or more times.</doc>
<status status="FAIL" start="2026-03-12T14:08:27.936721" elapsed="0.000000">'Execute' does not contain '"'</status>
</kw>
<msg time="2026-03-12T14:08:27.936721" level="INFO">${STATUS} = False</msg>
<var>${STATUS}</var>
<arg>Should Contain</arg>
<arg>${value}</arg>
<arg>"</arg>
<doc>Runs the given keyword with given arguments and returns the status as a Boolean value.</doc>
<status status="PASS" start="2026-03-12T14:08:27.936721" elapsed="0.000000"/>
</kw>
<kw name="Run Keyword And Return Status" owner="BuiltIn">
<kw name="Should Contain" owner="BuiltIn">
<msg time="2026-03-12T14:08:27.938313" level="FAIL">'Execute' does not contain '''</msg>
<arg>${value}</arg>
<arg>'</arg>
<doc>Fails if ``container`` does not contain ``item`` one or more times.</doc>
<status status="FAIL" start="2026-03-12T14:08:27.937724" elapsed="0.000589">'Execute' does not contain '''</status>
</kw>
<msg time="2026-03-12T14:08:27.938313" level="INFO">${STATUS1} = False</msg>
<var>${STATUS1}</var>
<arg>Should Contain</arg>
<arg>${value}</arg>
<arg>'</arg>
<doc>Runs the given keyword with given arguments and returns the status as a Boolean value.</doc>
<status status="PASS" start="2026-03-12T14:08:27.937724" elapsed="0.000589"/>
</kw>
<if>
<branch type="IF" condition="not ${STATUS} and not ${STATUS1}">
<kw name="Evaluate" owner="BuiltIn">
<msg time="2026-03-12T14:08:27.938313" level="INFO">${value} = Execute</msg>
<var>${value}</var>
<arg>str('${value}')</arg>
<doc>Evaluates the given expression in Python and returns the result.</doc>
<status status="PASS" start="2026-03-12T14:08:27.938313" elapsed="0.000000"/>
</kw>
<status status="PASS" start="2026-03-12T14:08:27.938313" elapsed="0.000000"/>
</branch>
<status status="PASS" start="2026-03-12T14:08:27.938313" elapsed="0.000000"/>
</if>
<kw name="Strip String" owner="String">
<msg time="2026-03-12T14:08:27.938313" level="INFO">${value} = Execute</msg>
<var>${value}</var>
<arg>${value}</arg>
<doc>Remove leading and/or trailing whitespaces from the given string.</doc>
<status status="PASS" start="2026-03-12T14:08:27.938313" elapsed="0.000000"/>
</kw>
<if>
<branch type="IF" condition="'${key}' == 'Catalog'">
<kw name="Convert To Upper Case" owner="String">
<var>${value}</var>
<arg>${value}</arg>
<doc>Converts string to upper case.</doc>
<status status="NOT RUN" start="2026-03-12T14:08:27.939351" elapsed="0.000000"/>
</kw>
<status status="NOT RUN" start="2026-03-12T14:08:27.938313" elapsed="0.001038"/>
</branch>
<status status="PASS" start="2026-03-12T14:08:27.938313" elapsed="0.001038"/>
</if>
<kw name="Set To Dictionary" owner="Collections">
<arg>${Dict Data}</arg>
<arg>${Key}</arg>
<arg>${value}</arg>
<doc>Adds the given ``key_value_pairs`` and/or ``items`` to the ``dictionary``.</doc>
<status status="PASS" start="2026-03-12T14:08:27.939351" elapsed="0.000000"/>
</kw>
<var name="${key}">Execute</var>
<var name="${value}">Execute</var>
<status status="PASS" start="2026-03-12T14:08:27.935686" elapsed="0.003665"/>
</iter>
<iter>
<kw name="Run Keyword And Return Status" owner="BuiltIn">
<kw name="Should Contain" owner="BuiltIn">
<msg time="2026-03-12T14:08:27.940355" level="FAIL">'UniqueID' does not contain '"'</msg>
<arg>${value}</arg>
<arg>"</arg>
<doc>Fails if ``container`` does not contain ``item`` one or more times.</doc>
<status status="FAIL" start="2026-03-12T14:08:27.940355" elapsed="0.000000">'UniqueID' does not contain '"'</status>
</kw>
<msg time="2026-03-12T14:08:27.940941" level="INFO">${STATUS} = False</msg>
<var>${STATUS}</var>
<arg>Should Contain</arg>
<arg>${value}</arg>
<arg>"</arg>
<doc>Runs the given keyword with given arguments and returns the status as a Boolean value.</doc>
<status status="PASS" start="2026-03-12T14:08:27.939351" elapsed="0.001590"/>
</kw>
<kw name="Run Keyword And Return Status" owner="BuiltIn">
<kw name="Should Contain" owner="BuiltIn">
<msg time="2026-03-12T14:08:27.940941" level="FAIL">'UniqueID' does not contain '''</msg>
<arg>${value}</arg>
<arg>'</arg>
<doc>Fails if ``container`` does not contain ``item`` one or more times.</doc>
<status status="FAIL" start="2026-03-12T14:08:27.940941" elapsed="0.000000">'UniqueID' does not contain '''</status>
</kw>
<msg time="2026-03-12T14:08:27.941521" level="INFO">${STATUS1} = False</msg>
<var>${STATUS1}</var>
<arg>Should Contain</arg>
<arg>${value}</arg>
<arg>'</arg>
<doc>Runs the given keyword with given arguments and returns the status as a Boolean value.</doc>
<status status="PASS" start="2026-03-12T14:08:27.940941" elapsed="0.000580"/>
</kw>
<if>
<branch type="IF" condition="not ${STATUS} and not ${STATUS1}">
<kw name="Evaluate" owner="BuiltIn">
<msg time="2026-03-12T14:08:27.941521" level="INFO">${value} = UniqueID</msg>
<var>${value}</var>
<arg>str('${value}')</arg>
<doc>Evaluates the given expression in Python and returns the result.</doc>
<status status="PASS" start="2026-03-12T14:08:27.941521" elapsed="0.000000"/>
</kw>
<status status="PASS" start="2026-03-12T14:08:27.941521" elapsed="0.000590"/>
</branch>
<status status="PASS" start="2026-03-12T14:08:27.941521" elapsed="0.000590"/>
</if>
<kw name="Strip String" owner="String">
<msg time="2026-03-12T14:08:27.942111" level="INFO">${value} = UniqueID</msg>
<var>${value}</var>
<arg>${value}</arg>
<doc>Remove leading and/or trailing whitespaces from the given string.</doc>
<status status="PASS" start="2026-03-12T14:08:27.942111" elapsed="0.000000"/>
</kw>
<if>
<branch type="IF" condition="'${key}' == 'Catalog'">
<kw name="Convert To Upper Case" owner="String">
<var>${value}</var>
<arg>${value}</arg>
<doc>Converts string to upper case.</doc>
<status status="NOT RUN" start="2026-03-12T14:08:27.942111" elapsed="0.000000"/>
</kw>
<status status="NOT RUN" start="2026-03-12T14:08:27.942111" elapsed="0.000000"/>
</branch>
<status status="PASS" start="2026-03-12T14:08:27.942111" elapsed="0.000000"/>
</if>
<kw name="Set To Dictionary" owner="Collections">
<arg>${Dict Data}</arg>
<arg>${Key}</arg>
<arg>${value}</arg>
<doc>Adds the given ``key_value_pairs`` and/or ``items`` to the ``dictionary``.</doc>
<status status="PASS" start="2026-03-12T14:08:27.943162" elapsed="0.000000"/>
</kw>
<var name="${key}">UniqueID</var>
<var name="${value}">UniqueID</var>
<status status="PASS" start="2026-03-12T14:08:27.939351" elapsed="0.003811"/>
</iter>
<iter>
<kw name="Run Keyword And Return Status" owner="BuiltIn">
<kw name="Should Contain" owner="BuiltIn">
<msg time="2026-03-12T14:08:27.943162" level="FAIL">'TestcaseID' does not contain '"'</msg>
<arg>${value}</arg>
<arg>"</arg>
<doc>Fails if ``container`` does not contain ``item`` one or more times.</doc>
<status status="FAIL" start="2026-03-12T14:08:27.943162" elapsed="0.000000">'TestcaseID' does not contain '"'</status>
</kw>
<msg time="2026-03-12T14:08:27.943162" level="INFO">${STATUS} = False</msg>
<var>${STATUS}</var>
<arg>Should Contain</arg>
<arg>${value}</arg>
<arg>"</arg>
<doc>Runs the given keyword with given arguments and returns the status as a Boolean value.</doc>
<status status="PASS" start="2026-03-12T14:08:27.943162" elapsed="0.000000"/>
</kw>
<kw name="Run Keyword And Return Status" owner="BuiltIn">
<kw name="Should Contain" owner="BuiltIn">
<msg time="2026-03-12T14:08:27.944151" level="FAIL">'TestcaseID' does not contain '''</msg>
<arg>${value}</arg>
<arg>'</arg>
<doc>Fails if ``container`` does not contain ``item`` one or more times.</doc>
<status status="FAIL" start="2026-03-12T14:08:27.944151" elapsed="0.000000">'TestcaseID' does not contain '''</status>
</kw>
<msg time="2026-03-12T14:08:27.944151" level="INFO">${STATUS1} = False</msg>
<var>${STATUS1}</var>
<arg>Should Contain</arg>
<arg>${value}</arg>
<arg>'</arg>
<doc>Runs the given keyword with given arguments and returns the status as a Boolean value.</doc>
<status status="PASS" start="2026-03-12T14:08:27.944151" elapsed="0.000000"/>
</kw>
<if>
<branch type="IF" condition="not ${STATUS} and not ${STATUS1}">
<kw name="Evaluate" owner="BuiltIn">
<msg time="2026-03-12T14:08:27.944776" level="INFO">${value} = TestcaseID</msg>
<var>${value}</var>
<arg>str('${value}')</arg>
<doc>Evaluates the given expression in Python and returns the result.</doc>
<status status="PASS" start="2026-03-12T14:08:27.944776" elapsed="0.000000"/>
</kw>
<status status="PASS" start="2026-03-12T14:08:27.944151" elapsed="0.000625"/>
</branch>
<status status="PASS" start="2026-03-12T14:08:27.944151" elapsed="0.000625"/>
</if>
<kw name="Strip String" owner="String">
<msg time="2026-03-12T14:08:27.944776" level="INFO">${value} = TestcaseID</msg>
<var>${value}</var>
<arg>${value}</arg>
<doc>Remove leading and/or trailing whitespaces from the given string.</doc>
<status status="PASS" start="2026-03-12T14:08:27.944776" elapsed="0.000000"/>
</kw>
<if>
<branch type="IF" condition="'${key}' == 'Catalog'">
<kw name="Convert To Upper Case" owner="String">
<var>${value}</var>
<arg>${value}</arg>
<doc>Converts string to upper case.</doc>
<status status="NOT RUN" start="2026-03-12T14:08:27.945985" elapsed="0.000000"/>
</kw>
<status status="NOT RUN" start="2026-03-12T14:08:27.944776" elapsed="0.001209"/>
</branch>
<status status="PASS" start="2026-03-12T14:08:27.944776" elapsed="0.001209"/>
</if>
<kw name="Set To Dictionary" owner="Collections">
<arg>${Dict Data}</arg>
<arg>${Key}</arg>
<arg>${value}</arg>
<doc>Adds the given ``key_value_pairs`` and/or ``items`` to the ``dictionary``.</doc>
<status status="PASS" start="2026-03-12T14:08:27.945985" elapsed="0.000000"/>
</kw>
<var name="${key}">TestcaseID</var>
<var name="${value}">TestcaseID</var>
<status status="PASS" start="2026-03-12T14:08:27.943162" elapsed="0.002823"/>
</iter>
<iter>
<kw name="Run Keyword And Return Status" owner="BuiltIn">
<kw name="Should Contain" owner="BuiltIn">
<msg time="2026-03-12T14:08:27.947370" level="FAIL">'TestcaseName' does not contain '"'</msg>
<arg>${value}</arg>
<arg>"</arg>
<doc>Fails if ``container`` does not contain ``item`` one or more times.</doc>
<status status="FAIL" start="2026-03-12T14:08:27.946795" elapsed="0.000575">'TestcaseName' does not contain '"'</status>
</kw>
<msg time="2026-03-12T14:08:27.947370" level="INFO">${STATUS} = False</msg>
<var>${STATUS}</var>
<arg>Should Contain</arg>
<arg>${value}</arg>
<arg>"</arg>
<doc>Runs the given keyword with given arguments and returns the status as a Boolean value.</doc>
<status status="PASS" start="2026-03-12T14:08:27.946795" elapsed="0.000575"/>
</kw>
<kw name="Run Keyword And Return Status" owner="BuiltIn">
<kw name="Should Contain" owner="BuiltIn">
<msg time="2026-03-12T14:08:27.947370" level="FAIL">'TestcaseName' does not contain '''</msg>
<arg>${value}</arg>
<arg>'</arg>
<doc>Fails if ``container`` does not contain ``item`` one or more times.</doc>
<status status="FAIL" start="2026-03-12T14:08:27.947370" elapsed="0.000000">'TestcaseName' does not contain '''</status>
</kw>
<msg time="2026-03-12T14:08:27.947370" level="INFO">${STATUS1} = False</msg>
<var>${STATUS1}</var>
<arg>Should Contain</arg>
<arg>${value}</arg>
<arg>'</arg>
<doc>Runs the given keyword with given arguments and returns the status as a Boolean value.</doc>
<status status="PASS" start="2026-03-12T14:08:27.947370" elapsed="0.000000"/>
</kw>
<if>
<branch type="IF" condition="not ${STATUS} and not ${STATUS1}">
<kw name="Evaluate" owner="BuiltIn">
<msg time="2026-03-12T14:08:27.948385" level="INFO">${value} = TestcaseName</msg>
<var>${value}</var>
<arg>str('${value}')</arg>
<doc>Evaluates the given expression in Python and returns the result.</doc>
<status status="PASS" start="2026-03-12T14:08:27.947370" elapsed="0.001015"/>
</kw>
<status status="PASS" start="2026-03-12T14:08:27.947370" elapsed="0.001015"/>
</branch>
<status status="PASS" start="2026-03-12T14:08:27.947370" elapsed="0.001015"/>
</if>
<kw name="Strip String" owner="String">
<msg time="2026-03-12T14:08:27.948385" level="INFO">${value} = TestcaseName</msg>
<var>${value}</var>
<arg>${value}</arg>
<doc>Remove leading and/or trailing whitespaces from the given string.</doc>
<status status="PASS" start="2026-03-12T14:08:27.948385" elapsed="0.000000"/>
</kw>
<if>
<branch type="IF" condition="'${key}' == 'Catalog'">
<kw name="Convert To Upper Case" owner="String">
<var>${value}</var>
<arg>${value}</arg>
<doc>Converts string to upper case.</doc>
<status status="NOT RUN" start="2026-03-12T14:08:27.948385" elapsed="0.000000"/>
</kw>
<status status="NOT RUN" start="2026-03-12T14:08:27.948385" elapsed="0.000000"/>
</branch>
<status status="PASS" start="2026-03-12T14:08:27.948385" elapsed="0.000000"/>
</if>
<kw name="Set To Dictionary" owner="Collections">
<arg>${Dict Data}</arg>
<arg>${Key}</arg>
<arg>${value}</arg>
<doc>Adds the given ``key_value_pairs`` and/or ``items`` to the ``dictionary``.</doc>
<status status="PASS" start="2026-03-12T14:08:27.948385" elapsed="0.000000"/>
</kw>
<var name="${key}">TestcaseName</var>
<var name="${value}">TestcaseName</var>
<status status="PASS" start="2026-03-12T14:08:27.946795" elapsed="0.001590"/>
</iter>
<iter>
<kw name="Run Keyword And Return Status" owner="BuiltIn">
<kw name="Should Contain" owner="BuiltIn">
<msg time="2026-03-12T14:08:27.949422" level="FAIL">'UserName' does not contain '"'</msg>
<arg>${value}</arg>
<arg>"</arg>
<doc>Fails if ``container`` does not contain ``item`` one or more times.</doc>
<status status="FAIL" start="2026-03-12T14:08:27.949422" elapsed="0.000000">'UserName' does not contain '"'</status>
</kw>
<msg time="2026-03-12T14:08:27.949422" level="INFO">${STATUS} = False</msg>
<var>${STATUS}</var>
<arg>Should Contain</arg>
<arg>${value}</arg>
<arg>"</arg>
<doc>Runs the given keyword with given arguments and returns the status as a Boolean value.</doc>
<status status="PASS" start="2026-03-12T14:08:27.949422" elapsed="0.000000"/>
</kw>
<kw name="Run Keyword And Return Status" owner="BuiltIn">
<kw name="Should Contain" owner="BuiltIn">
<msg time="2026-03-12T14:08:27.950405" level="FAIL">'UserName' does not contain '''</msg>
<arg>${value}</arg>
<arg>'</arg>
<doc>Fails if ``container`` does not contain ``item`` one or more times.</doc>
<status status="FAIL" start="2026-03-12T14:08:27.950405" elapsed="0.000000">'UserName' does not contain '''</status>
</kw>
<msg time="2026-03-12T14:08:27.950405" level="INFO">${STATUS1} = False</msg>
<var>${STATUS1}</var>
<arg>Should Contain</arg>
<arg>${value}</arg>
<arg>'</arg>
<doc>Runs the given keyword with given arguments and returns the status as a Boolean value.</doc>
<status status="PASS" start="2026-03-12T14:08:27.949422" elapsed="0.000983"/>
</kw>
<if>
<branch type="IF" condition="not ${STATUS} and not ${STATUS1}">
<kw name="Evaluate" owner="BuiltIn">
<msg time="2026-03-12T14:08:27.950990" level="INFO">${value} = UserName</msg>
<var>${value}</var>
<arg>str('${value}')</arg>
<doc>Evaluates the given expression in Python and returns the result.</doc>
<status status="PASS" start="2026-03-12T14:08:27.950990" elapsed="0.000000"/>
</kw>
<status status="PASS" start="2026-03-12T14:08:27.950405" elapsed="0.000585"/>
</branch>
<status status="PASS" start="2026-03-12T14:08:27.950405" elapsed="0.000585"/>
</if>
<kw name="Strip String" owner="String">
<msg time="2026-03-12T14:08:27.951577" level="INFO">${value} = UserName</msg>
<var>${value}</var>
<arg>${value}</arg>
<doc>Remove leading and/or trailing whitespaces from the given string.</doc>
<status status="PASS" start="2026-03-12T14:08:27.951577" elapsed="0.000000"/>
</kw>
<if>
<branch type="IF" condition="'${key}' == 'Catalog'">
<kw name="Convert To Upper Case" owner="String">
<var>${value}</var>
<arg>${value}</arg>
<doc>Converts string to upper case.</doc>
<status status="NOT RUN" start="2026-03-12T14:08:27.951577" elapsed="0.000000"/>
</kw>
<status status="NOT RUN" start="2026-03-12T14:08:27.951577" elapsed="0.000000"/>
</branch>
<status status="PASS" start="2026-03-12T14:08:27.951577" elapsed="0.000000"/>
</if>
<kw name="Set To Dictionary" owner="Collections">
<arg>${Dict Data}</arg>
<arg>${Key}</arg>
<arg>${value}</arg>
<doc>Adds the given ``key_value_pairs`` and/or ``items`` to the ``dictionary``.</doc>
<status status="PASS" start="2026-03-12T14:08:27.951577" elapsed="0.000581"/>
</kw>
<var name="${key}">UserName</var>
<var name="${value}">UserName</var>
<status status="PASS" start="2026-03-12T14:08:27.949422" elapsed="0.002736"/>
</iter>
<var>${key}</var>
<var>${value}</var>
<value>${LIST1}</value>
<value>${LIST2}</value>
<status status="PASS" start="2026-03-12T14:08:27.934990" elapsed="0.017168"/>
</for>
<return>
<value>&amp;{Dict Data}</value>
<status status="PASS" start="2026-03-12T14:08:27.952158" elapsed="0.000000"/>
</return>
<msg time="2026-03-12T14:08:27.952158" level="INFO">&amp;{TEST DATA DICT} = { Execute=Execute | UniqueID=UniqueID | TestcaseID=TestcaseID | TestcaseName=TestcaseName | UserName=UserName }</msg>
<var>&amp;{TEST DATA DICT}</var>
<arg>${HEADER ROW VALUE}</arg>
<arg>${SELECTED ROW VALUE}</arg>
<doc>keyword wrapper to convert the two list into dictionary</doc>
<status status="PASS" start="2026-03-12T14:08:27.934019" elapsed="0.018139"/>
</kw>
<kw name="Set Environment Variable" owner="OperatingSystem">
<msg time="2026-03-12T14:08:27.953199" level="INFO">Environment variable 'EXECUTE_TEST' set to value 'Execute'.</msg>
<arg>EXECUTE_TEST</arg>
<arg>${TEST DATA DICT.Execute}</arg>
<doc>Sets an environment variable to a specified value.</doc>
<status status="PASS" start="2026-03-12T14:08:27.952158" elapsed="0.001041"/>
</kw>
<kw name="Close Current Excel Document" owner="ExcelLibrary">
<doc>Closes current document.</doc>
<status status="PASS" start="2026-03-12T14:08:27.953199" elapsed="0.000000"/>
</kw>
<if>
<branch type="IF" condition="'${TEST DATA DICT.UserName}' != 'None'">
<if>
<branch type="IF" condition="${USER_DATA} == {}">
<kw name="Load Login Credential From User Credential File" owner="DataUtility">
<kw name="Generate Random String" owner="String">
<msg time="2026-03-12T14:08:27.955160" level="INFO">${doc_id} = 2369</msg>
<var>${doc_id}</var>
<arg>4</arg>
<arg>0123456789abc</arg>
<doc>Generates a string with a desired ``length`` from the given ``chars``.</doc>
<status status="PASS" start="2026-03-12T14:08:27.955160" elapsed="0.000000"/>
</kw>
<kw name="Open Excel Document" owner="ExcelLibrary">
<arg>${USER CREDENTIAL FILE PATH}</arg>
<arg>${doc_id}</arg>
<doc>Opens xlsx document file.</doc>
<status status="PASS" start="2026-03-12T14:08:27.955160" elapsed="0.010573"/>
</kw>
<kw name="Create List" owner="BuiltIn">
<msg time="2026-03-12T14:08:27.966337" level="INFO">${PASSWORD_KEY} = []</msg>
<var>${PASSWORD_KEY}</var>
<doc>Returns a list containing given items.</doc>
<status status="PASS" start="2026-03-12T14:08:27.965733" elapsed="0.000604"/>
</kw>
<kw name="Read Excel Column" owner="ExcelLibrary">
<msg time="2026-03-12T14:08:27.966337" level="INFO">@{FIRST COLUMN VALUE} = [ UserName | serviceWA_User1 ]</msg>
<var>@{FIRST COLUMN VALUE}</var>
<arg>col_num=1</arg>
<arg>sheet_name=${Sheet Name}</arg>
<doc>Returns content of a column from the current sheet of the document.</doc>
<status status="PASS" start="2026-03-12T14:08:27.966337" elapsed="0.000000"/>
</kw>
<kw name="Read Excel Row" owner="ExcelLibrary">
<msg time="2026-03-12T14:08:27.966337" level="INFO">@{HEADER ROW VALUE} = [ UserName | Batch1 | Batch2 | Batch3 | Batch4 | Batch5 | Batch1_Password | Batch2_Password | Batch3_Password | Batch4_Password | Batch5_Password ]</msg>
<var>@{HEADER ROW VALUE}</var>
<arg>row_num=1</arg>
<arg>sheet_name=${Sheet Name}</arg>
<doc>Returns content of a row from the current sheet of the document.</doc>
<status status="PASS" start="2026-03-12T14:08:27.966337" elapsed="0.000000"/>
</kw>
<kw name="Get Length" owner="BuiltIn">
<msg time="2026-03-12T14:08:27.967372" level="INFO">Length is 11.</msg>
<msg time="2026-03-12T14:08:27.967372" level="INFO">${COLUMN COUNT} = 11</msg>
<var>${COLUMN COUNT}</var>
<arg>${HEADER ROW VALUE}</arg>
<doc>Returns and logs the length of the given item as an integer.</doc>
<status status="PASS" start="2026-03-12T14:08:27.967372" elapsed="0.000000"/>
</kw>
<kw name="Remove Given Index From List" owner="CollectionUtilities">
<msg time="2026-03-12T14:08:27.968361" level="INFO">@{USER_NAME_KEY} = [ serviceWA_User1 ]</msg>
<var>@{USER_NAME_KEY}</var>
<arg>${FIRST COLUMN VALUE}</arg>
<arg>0</arg>
<status status="PASS" start="2026-03-12T14:08:27.968361" elapsed="0.000000"/>
</kw>
<for flavor="IN ENUMERATE" start="1">
<iter>
<if>
<branch type="IF" condition="'${item}' == '${COLUMN_NAME}'">
<kw name="Set Variable" owner="BuiltIn">
<var>${col_num}</var>
<arg>${index}</arg>
<doc>Returns the given values which can then be assigned to a variables.</doc>
<status status="NOT RUN" start="2026-03-12T14:08:27.968954" elapsed="0.000000"/>
</kw>
<kw name="Exit For Loop" owner="BuiltIn">
<doc>Stops executing the enclosing FOR loop.</doc>
<status status="NOT RUN" start="2026-03-12T14:08:27.968954" elapsed="0.000000"/>
</kw>
<status status="NOT RUN" start="2026-03-12T14:08:27.968954" elapsed="0.000000"/>
</branch>
<status status="PASS" start="2026-03-12T14:08:27.968954" elapsed="0.000000"/>
</if>
<var name="${index}">1</var>
<var name="${item}">UserName</var>
<status status="PASS" start="2026-03-12T14:08:27.968361" elapsed="0.000593"/>
</iter>
<iter>
<if>
<branch type="IF" condition="'${item}' == '${COLUMN_NAME}'">
<kw name="Set Variable" owner="BuiltIn">
<msg time="2026-03-12T14:08:27.970222" level="INFO">${col_num} = 2</msg>
<var>${col_num}</var>
<arg>${index}</arg>
<doc>Returns the given values which can then be assigned to a variables.</doc>
<status status="PASS" start="2026-03-12T14:08:27.970222" elapsed="0.000000"/>
</kw>
<kw name="Exit For Loop" owner="BuiltIn">
<msg time="2026-03-12T14:08:27.970222" level="INFO">Exiting for loop altogether.</msg>
<doc>Stops executing the enclosing FOR loop.</doc>
<status status="PASS" start="2026-03-12T14:08:27.970222" elapsed="0.000000"/>
</kw>
<status status="PASS" start="2026-03-12T14:08:27.968954" elapsed="0.001268"/>
</branch>
<status status="PASS" start="2026-03-12T14:08:27.968954" elapsed="0.001268"/>
</if>
<var name="${index}">2</var>
<var name="${item}">Batch1</var>
<status status="PASS" start="2026-03-12T14:08:27.968954" elapsed="0.001268"/>
</iter>
<var>${index}</var>
<var>${item}</var>
<value>@{HEADER ROW VALUE}</value>
<status status="PASS" start="2026-03-12T14:08:27.968361" elapsed="0.001861"/>
</for>
<for flavor="IN ENUMERATE" start="1">
<iter>
<if>
<branch type="IF" condition="'${item}' == '${COLUMN_NAME}_Password'">
<kw name="Set Variable" owner="BuiltIn">
<var>${pass_col_num}</var>
<arg>${index}</arg>
<doc>Returns the given values which can then be assigned to a variables.</doc>
<status status="NOT RUN" start="2026-03-12T14:08:27.971296" elapsed="0.000000"/>
</kw>
<kw name="Exit For Loop" owner="BuiltIn">
<doc>Stops executing the enclosing FOR loop.</doc>
<status status="NOT RUN" start="2026-03-12T14:08:27.971296" elapsed="0.000000"/>
</kw>
<status status="NOT RUN" start="2026-03-12T14:08:27.971296" elapsed="0.000000"/>
</branch>
<status status="PASS" start="2026-03-12T14:08:27.971296" elapsed="0.000000"/>
</if>
<var name="${index}">1</var>
<var name="${item}">UserName</var>
<status status="PASS" start="2026-03-12T14:08:27.971296" elapsed="0.000000"/>
</iter>
<iter>
<if>
<branch type="IF" condition="'${item}' == '${COLUMN_NAME}_Password'">
<kw name="Set Variable" owner="BuiltIn">
<var>${pass_col_num}</var>
<arg>${index}</arg>
<doc>Returns the given values which can then be assigned to a variables.</doc>
<status status="NOT RUN" start="2026-03-12T14:08:27.971296" elapsed="0.000000"/>
</kw>
<kw name="Exit For Loop" owner="BuiltIn">
<doc>Stops executing the enclosing FOR loop.</doc>
<status status="NOT RUN" start="2026-03-12T14:08:27.971296" elapsed="0.000000"/>
</kw>
<status status="NOT RUN" start="2026-03-12T14:08:27.971296" elapsed="0.000000"/>
</branch>
<status status="PASS" start="2026-03-12T14:08:27.971296" elapsed="0.000000"/>
</if>
<var name="${index}">2</var>
<var name="${item}">Batch1</var>
<status status="PASS" start="2026-03-12T14:08:27.971296" elapsed="0.000000"/>
</iter>
<iter>
<if>
<branch type="IF" condition="'${item}' == '${COLUMN_NAME}_Password'">
<kw name="Set Variable" owner="BuiltIn">
<var>${pass_col_num}</var>
<arg>${index}</arg>
<doc>Returns the given values which can then be assigned to a variables.</doc>
<status status="NOT RUN" start="2026-03-12T14:08:27.972389" elapsed="0.000000"/>
</kw>
<kw name="Exit For Loop" owner="BuiltIn">
<doc>Stops executing the enclosing FOR loop.</doc>
<status status="NOT RUN" start="2026-03-12T14:08:27.972389" elapsed="0.000000"/>
</kw>
<status status="NOT RUN" start="2026-03-12T14:08:27.972389" elapsed="0.000596"/>
</branch>
<status status="PASS" start="2026-03-12T14:08:27.972389" elapsed="0.000596"/>
</if>
<var name="${index}">3</var>
<var name="${item}">Batch2</var>
<status status="PASS" start="2026-03-12T14:08:27.971296" elapsed="0.001689"/>
</iter>
<iter>
<if>
<branch type="IF" condition="'${item}' == '${COLUMN_NAME}_Password'">
<kw name="Set Variable" owner="BuiltIn">
<var>${pass_col_num}</var>
<arg>${index}</arg>
<doc>Returns the given values which can then be assigned to a variables.</doc>
<status status="NOT RUN" start="2026-03-12T14:08:27.973578" elapsed="0.000000"/>
</kw>
<kw name="Exit For Loop" owner="BuiltIn">
<doc>Stops executing the enclosing FOR loop.</doc>
<status status="NOT RUN" start="2026-03-12T14:08:27.973578" elapsed="0.000000"/>
</kw>
<status status="NOT RUN" start="2026-03-12T14:08:27.972985" elapsed="0.000593"/>
</branch>
<status status="PASS" start="2026-03-12T14:08:27.972985" elapsed="0.000593"/>
</if>
<var name="${index}">4</var>
<var name="${item}">Batch3</var>
<status status="PASS" start="2026-03-12T14:08:27.972985" elapsed="0.000593"/>
</iter>
<iter>
<if>
<branch type="IF" condition="'${item}' == '${COLUMN_NAME}_Password'">
<kw name="Set Variable" owner="BuiltIn">
<var>${pass_col_num}</var>
<arg>${index}</arg>
<doc>Returns the given values which can then be assigned to a variables.</doc>
<status status="NOT RUN" start="2026-03-12T14:08:27.973578" elapsed="0.000000"/>
</kw>
<kw name="Exit For Loop" owner="BuiltIn">
<doc>Stops executing the enclosing FOR loop.</doc>
<status status="NOT RUN" start="2026-03-12T14:08:27.974620" elapsed="0.000000"/>
</kw>
<status status="NOT RUN" start="2026-03-12T14:08:27.973578" elapsed="0.001042"/>
</branch>
<status status="PASS" start="2026-03-12T14:08:27.973578" elapsed="0.001042"/>
</if>
<var name="${index}">5</var>
<var name="${item}">Batch4</var>
<status status="PASS" start="2026-03-12T14:08:27.973578" elapsed="0.001042"/>
</iter>
<iter>
<if>
<branch type="IF" condition="'${item}' == '${COLUMN_NAME}_Password'">
<kw name="Set Variable" owner="BuiltIn">
<var>${pass_col_num}</var>
<arg>${index}</arg>
<doc>Returns the given values which can then be assigned to a variables.</doc>
<status status="NOT RUN" start="2026-03-12T14:08:27.974620" elapsed="0.000000"/>
</kw>
<kw name="Exit For Loop" owner="BuiltIn">
<doc>Stops executing the enclosing FOR loop.</doc>
<status status="NOT RUN" start="2026-03-12T14:08:27.974620" elapsed="0.000000"/>
</kw>
<status status="NOT RUN" start="2026-03-12T14:08:27.974620" elapsed="0.000000"/>
</branch>
<status status="PASS" start="2026-03-12T14:08:27.974620" elapsed="0.000000"/>
</if>
<var name="${index}">6</var>
<var name="${item}">Batch5</var>
<status status="PASS" start="2026-03-12T14:08:27.974620" elapsed="0.000000"/>
</iter>
<iter>
<if>
<branch type="IF" condition="'${item}' == '${COLUMN_NAME}_Password'">
<kw name="Set Variable" owner="BuiltIn">
<msg time="2026-03-12T14:08:27.975640" level="INFO">${pass_col_num} = 7</msg>
<var>${pass_col_num}</var>
<arg>${index}</arg>
<doc>Returns the given values which can then be assigned to a variables.</doc>
<status status="PASS" start="2026-03-12T14:08:27.975640" elapsed="0.000000"/>
</kw>
<kw name="Exit For Loop" owner="BuiltIn">
<msg time="2026-03-12T14:08:27.975640" level="INFO">Exiting for loop altogether.</msg>
<doc>Stops executing the enclosing FOR loop.</doc>
<status status="PASS" start="2026-03-12T14:08:27.975640" elapsed="0.000000"/>
</kw>
<status status="PASS" start="2026-03-12T14:08:27.974620" elapsed="0.001020"/>
</branch>
<status status="PASS" start="2026-03-12T14:08:27.974620" elapsed="0.001020"/>
</if>
<var name="${index}">7</var>
<var name="${item}">Batch1_Password</var>
<status status="PASS" start="2026-03-12T14:08:27.974620" elapsed="0.001020"/>
</iter>
<var>${index}</var>
<var>${item}</var>
<value>@{HEADER ROW VALUE}</value>
<status status="PASS" start="2026-03-12T14:08:27.970222" elapsed="0.005418"/>
</for>
<kw name="Read Excel Column" owner="ExcelLibrary">
<msg time="2026-03-12T14:08:27.975640" level="INFO">@{EMAIL_ID} = [ Batch1 | serviceWAUser1@servicewa.com ]</msg>
<var>@{EMAIL_ID}</var>
<arg>col_num=${col_num}</arg>
<arg>sheet_name=${Sheet Name}</arg>
<doc>Returns content of a column from the current sheet of the document.</doc>
<status status="PASS" start="2026-03-12T14:08:27.975640" elapsed="0.000000"/>
</kw>
<kw name="Remove Given Index From List" owner="CollectionUtilities">
<msg time="2026-03-12T14:08:27.976627" level="INFO">@{EMAIL_ID} = [ serviceWAUser1@servicewa.com ]</msg>
<var>@{EMAIL_ID}</var>
<arg>${EMAIL_ID}</arg>
<arg>0</arg>
<status status="PASS" start="2026-03-12T14:08:27.976627" elapsed="0.000000"/>
</kw>
<kw name="Read Excel Column" owner="ExcelLibrary">
<msg time="2026-03-12T14:08:27.977174" level="INFO">@{PASSWORD} = [ Batch1_Password | Test123 ]</msg>
<var>@{PASSWORD}</var>
<arg>col_num=${pass_col_num}</arg>
<arg>sheet_name=${Sheet Name}</arg>
<doc>Returns content of a column from the current sheet of the document.</doc>
<status status="PASS" start="2026-03-12T14:08:27.976627" elapsed="0.000608"/>
</kw>
<kw name="Remove Given Index From List" owner="CollectionUtilities">
<msg time="2026-03-12T14:08:27.977235" level="INFO">@{PASSWORD} = [ Test123 ]</msg>
<var>@{PASSWORD}</var>
<arg>${PASSWORD}</arg>
<arg>0</arg>
<status status="PASS" start="2026-03-12T14:08:27.977235" elapsed="0.000000"/>
</kw>
<for flavor="IN">
<iter>
<kw name="Append To List" owner="Collections">
<arg>${PASSWORD_KEY}</arg>
<arg>${item}_Password</arg>
<doc>Adds ``values`` to the end of ``list``.</doc>
<status status="PASS" start="2026-03-12T14:08:27.977235" elapsed="0.000000"/>
</kw>
<var name="${item}">serviceWA_User1</var>
<status status="PASS" start="2026-03-12T14:08:27.977235" elapsed="0.000000"/>
</iter>
<var>${item}</var>
<value>@{USER_NAME_KEY}</value>
<status status="PASS" start="2026-03-12T14:08:27.977235" elapsed="0.000000"/>
</for>
<kw name="Convert Two List Into Dictionary" owner="DataUtility">
<kw name="Create Dictionary" owner="BuiltIn">
<msg time="2026-03-12T14:08:27.978259" level="INFO">&amp;{Dict Data} = { }</msg>
<var>&amp;{Dict Data}</var>
<doc>Creates and returns a dictionary based on the given ``items``.</doc>
<status status="PASS" start="2026-03-12T14:08:27.978259" elapsed="0.000000"/>
</kw>
<for flavor="IN ZIP">
<iter>
<kw name="Run Keyword And Return Status" owner="BuiltIn">
<kw name="Should Contain" owner="BuiltIn">
<msg time="2026-03-12T14:08:27.979253" level="FAIL">'serviceWAUser1@servicewa.com' does not contain '"'</msg>
<arg>${value}</arg>
<arg>"</arg>
<doc>Fails if ``container`` does not contain ``item`` one or more times.</doc>
<status status="FAIL" start="2026-03-12T14:08:27.978259" elapsed="0.000994">'serviceWAUser1@servicewa.com' does not contain '"'</status>
</kw>
<msg time="2026-03-12T14:08:27.979253" level="INFO">${STATUS} = False</msg>
<var>${STATUS}</var>
<arg>Should Contain</arg>
<arg>${value}</arg>
<arg>"</arg>
<doc>Runs the given keyword with given arguments and returns the status as a Boolean value.</doc>
<status status="PASS" start="2026-03-12T14:08:27.978259" elapsed="0.000994"/>
</kw>
<kw name="Run Keyword And Return Status" owner="BuiltIn">
<kw name="Should Contain" owner="BuiltIn">
<msg time="2026-03-12T14:08:27.980885" level="FAIL">'serviceWAUser1@servicewa.com' does not contain '''</msg>
<arg>${value}</arg>
<arg>'</arg>
<doc>Fails if ``container`` does not contain ``item`` one or more times.</doc>
<status status="FAIL" start="2026-03-12T14:08:27.979842" elapsed="0.001043">'serviceWAUser1@servicewa.com' does not contain '''</status>
</kw>
<msg time="2026-03-12T14:08:27.980885" level="INFO">${STATUS1} = False</msg>
<var>${STATUS1}</var>
<arg>Should Contain</arg>
<arg>${value}</arg>
<arg>'</arg>
<doc>Runs the given keyword with given arguments and returns the status as a Boolean value.</doc>
<status status="PASS" start="2026-03-12T14:08:27.979253" elapsed="0.001632"/>
</kw>
<if>
<branch type="IF" condition="not ${STATUS} and not ${STATUS1}">
<kw name="Evaluate" owner="BuiltIn">
<msg time="2026-03-12T14:08:27.980885" level="INFO">${value} = serviceWAUser1@servicewa.com</msg>
<var>${value}</var>
<arg>str('${value}')</arg>
<doc>Evaluates the given expression in Python and returns the result.</doc>
<status status="PASS" start="2026-03-12T14:08:27.980885" elapsed="0.000000"/>
</kw>
<status status="PASS" start="2026-03-12T14:08:27.980885" elapsed="0.000000"/>
</branch>
<status status="PASS" start="2026-03-12T14:08:27.980885" elapsed="0.001006"/>
</if>
<kw name="Strip String" owner="String">
<msg time="2026-03-12T14:08:27.981891" level="INFO">${value} = serviceWAUser1@servicewa.com</msg>
<var>${value}</var>
<arg>${value}</arg>
<doc>Remove leading and/or trailing whitespaces from the given string.</doc>
<status status="PASS" start="2026-03-12T14:08:27.981891" elapsed="0.000000"/>
</kw>
<if>
<branch type="IF" condition="'${key}' == 'Catalog'">
<kw name="Convert To Upper Case" owner="String">
<var>${value}</var>
<arg>${value}</arg>
<doc>Converts string to upper case.</doc>
<status status="NOT RUN" start="2026-03-12T14:08:27.981891" elapsed="0.000000"/>
</kw>
<status status="NOT RUN" start="2026-03-12T14:08:27.981891" elapsed="0.000000"/>
</branch>
<status status="PASS" start="2026-03-12T14:08:27.981891" elapsed="0.000000"/>
</if>
<kw name="Set To Dictionary" owner="Collections">
<arg>${Dict Data}</arg>
<arg>${Key}</arg>
<arg>${value}</arg>
<doc>Adds the given ``key_value_pairs`` and/or ``items`` to the ``dictionary``.</doc>
<status status="PASS" start="2026-03-12T14:08:27.981891" elapsed="0.000000"/>
</kw>
<var name="${key}">serviceWA_User1</var>
<var name="${value}">serviceWAUser1@servicewa.com</var>
<status status="PASS" start="2026-03-12T14:08:27.978259" elapsed="0.003632"/>
</iter>
<var>${key}</var>
<var>${value}</var>
<value>${LIST1}</value>
<value>${LIST2}</value>
<status status="PASS" start="2026-03-12T14:08:27.978259" elapsed="0.004625"/>
</for>
<return>
<value>&amp;{Dict Data}</value>
<status status="PASS" start="2026-03-12T14:08:27.982884" elapsed="0.000000"/>
</return>
<msg time="2026-03-12T14:08:27.982884" level="INFO">&amp;{USER_DICT} = { serviceWA_User1=serviceWAUser1@servicewa.com }</msg>
<var>&amp;{USER_DICT}</var>
<arg>${USER_NAME_KEY}</arg>
<arg>${EMAIL_ID}</arg>
<doc>keyword wrapper to convert the two list into dictionary</doc>
<status status="PASS" start="2026-03-12T14:08:27.977235" elapsed="0.005649"/>
</kw>
<kw name="Convert Two List Into Dictionary" owner="DataUtility">
<kw name="Create Dictionary" owner="BuiltIn">
<msg time="2026-03-12T14:08:27.983890" level="INFO">&amp;{Dict Data} = { }</msg>
<var>&amp;{Dict Data}</var>
<doc>Creates and returns a dictionary based on the given ``items``.</doc>
<status status="PASS" start="2026-03-12T14:08:27.983890" elapsed="0.000000"/>
</kw>
<for flavor="IN ZIP">
<iter>
<kw name="Run Keyword And Return Status" owner="BuiltIn">
<kw name="Should Contain" owner="BuiltIn">
<msg time="2026-03-12T14:08:27.984488" level="FAIL">'Test123' does not contain '"'</msg>
<arg>${value}</arg>
<arg>"</arg>
<doc>Fails if ``container`` does not contain ``item`` one or more times.</doc>
<status status="FAIL" start="2026-03-12T14:08:27.984488" elapsed="0.000000">'Test123' does not contain '"'</status>
</kw>
<msg time="2026-03-12T14:08:27.984488" level="INFO">${STATUS} = False</msg>
<var>${STATUS}</var>
<arg>Should Contain</arg>
<arg>${value}</arg>
<arg>"</arg>
<doc>Runs the given keyword with given arguments and returns the status as a Boolean value.</doc>
<status status="PASS" start="2026-03-12T14:08:27.984488" elapsed="0.000000"/>
</kw>
<kw name="Run Keyword And Return Status" owner="BuiltIn">
<kw name="Should Contain" owner="BuiltIn">
<msg time="2026-03-12T14:08:27.984488" level="FAIL">'Test123' does not contain '''</msg>
<arg>${value}</arg>
<arg>'</arg>
<doc>Fails if ``container`` does not contain ``item`` one or more times.</doc>
<status status="FAIL" start="2026-03-12T14:08:27.984488" elapsed="0.000000">'Test123' does not contain '''</status>
</kw>
<msg time="2026-03-12T14:08:27.984488" level="INFO">${STATUS1} = False</msg>
<var>${STATUS1}</var>
<arg>Should Contain</arg>
<arg>${value}</arg>
<arg>'</arg>
<doc>Runs the given keyword with given arguments and returns the status as a Boolean value.</doc>
<status status="PASS" start="2026-03-12T14:08:27.984488" elapsed="0.000000"/>
</kw>
<if>
<branch type="IF" condition="not ${STATUS} and not ${STATUS1}">
<kw name="Evaluate" owner="BuiltIn">
<msg time="2026-03-12T14:08:27.985510" level="INFO">${value} = Test123</msg>
<var>${value}</var>
<arg>str('${value}')</arg>
<doc>Evaluates the given expression in Python and returns the result.</doc>
<status status="PASS" start="2026-03-12T14:08:27.985510" elapsed="0.000000"/>
</kw>
<status status="PASS" start="2026-03-12T14:08:27.984488" elapsed="0.001022"/>
</branch>
<status status="PASS" start="2026-03-12T14:08:27.984488" elapsed="0.001022"/>
</if>
<kw name="Strip String" owner="String">
<msg time="2026-03-12T14:08:27.985510" level="INFO">${value} = Test123</msg>
<var>${value}</var>
<arg>${value}</arg>
<doc>Remove leading and/or trailing whitespaces from the given string.</doc>
<status status="PASS" start="2026-03-12T14:08:27.985510" elapsed="0.000000"/>
</kw>
<if>
<branch type="IF" condition="'${key}' == 'Catalog'">
<kw name="Convert To Upper Case" owner="String">
<var>${value}</var>
<arg>${value}</arg>
<doc>Converts string to upper case.</doc>
<status status="NOT RUN" start="2026-03-12T14:08:27.985510" elapsed="0.000000"/>
</kw>
<status status="NOT RUN" start="2026-03-12T14:08:27.985510" elapsed="0.000000"/>
</branch>
<status status="PASS" start="2026-03-12T14:08:27.985510" elapsed="0.000000"/>
</if>
<kw name="Set To Dictionary" owner="Collections">
<arg>${Dict Data}</arg>
<arg>${Key}</arg>
<arg>${value}</arg>
<doc>Adds the given ``key_value_pairs`` and/or ``items`` to the ``dictionary``.</doc>
<status status="PASS" start="2026-03-12T14:08:27.986522" elapsed="0.000000"/>
</kw>
<var name="${key}">serviceWA_User1_Password</var>
<var name="${value}">Test123</var>
<status status="PASS" start="2026-03-12T14:08:27.983890" elapsed="0.002632"/>
</iter>
<var>${key}</var>
<var>${value}</var>
<value>${LIST1}</value>
<value>${LIST2}</value>
<status status="PASS" start="2026-03-12T14:08:27.983890" elapsed="0.002632"/>
</for>
<return>
<value>&amp;{Dict Data}</value>
<status status="PASS" start="2026-03-12T14:08:27.986522" elapsed="0.000000"/>
</return>
<msg time="2026-03-12T14:08:27.986522" level="INFO">&amp;{PASSWORD_DICT} = { serviceWA_User1_Password=Test123 }</msg>
<var>&amp;{PASSWORD_DICT}</var>
<arg>${PASSWORD_KEY}</arg>
<arg>${PASSWORD}</arg>
<doc>keyword wrapper to convert the two list into dictionary</doc>
<status status="PASS" start="2026-03-12T14:08:27.982884" elapsed="0.003638"/>
</kw>
<kw name="Combine Two Dictionary" owner="CollectionUtilities">
<msg time="2026-03-12T14:08:27.986522" level="INFO">&amp;{USER_CREDENTIAL_DICT} = { serviceWA_User1=serviceWAUser1@servicewa.com | serviceWA_User1_Password=Test123 }</msg>
<var>&amp;{USER_CREDENTIAL_DICT}</var>
<arg>${USER_DICT}</arg>
<arg>${PASSWORD_DICT}</arg>
<status status="PASS" start="2026-03-12T14:08:27.986522" elapsed="0.000000"/>
</kw>
<kw name="Close Current Excel Document" owner="ExcelLibrary">
<doc>Closes current document.</doc>
<status status="PASS" start="2026-03-12T14:08:27.986522" elapsed="0.000000"/>
</kw>
<return>
<value>&amp;{USER_CREDENTIAL_DICT}</value>
<status status="PASS" start="2026-03-12T14:08:27.986522" elapsed="0.000000"/>
</return>
<msg time="2026-03-12T14:08:27.987517" level="INFO">${USER_DATA} = {'serviceWA_User1': 'serviceWAUser1@servicewa.com', 'serviceWA_User1_Password': 'Test123'}</msg>
<var>${USER_DATA}</var>
<doc>Load Test Data From an Excel(.xls) File</doc>
<status status="PASS" start="2026-03-12T14:08:27.954205" elapsed="0.033312"/>
</kw>
<kw name="Set Global Variable" owner="BuiltIn">
<msg time="2026-03-12T14:08:27.987517" level="INFO">${USER_DATA} = {'serviceWA_User1': 'serviceWAUser1@servicewa.com', 'serviceWA_User1_Password': 'Test123'}</msg>
<arg>${USER_DATA}</arg>
<doc>Makes a variable available globally in all tests and suites.</doc>
<status status="PASS" start="2026-03-12T14:08:27.987517" elapsed="0.000000"/>
</kw>
<status status="PASS" start="2026-03-12T14:08:27.954205" elapsed="0.033851"/>
</branch>
<status status="PASS" start="2026-03-12T14:08:27.954205" elapsed="0.033920"/>
</if>
<kw name="Convert Given String To List Based On Delimiter" owner="DataUtility">
<kw name="Split String" owner="String">
<msg time="2026-03-12T14:08:27.989130" level="INFO">@{DATA LIST} = [ UserName ]</msg>
<var>@{DATA LIST}</var>
<arg>${STRING}</arg>
<arg>${SEPARATOR}</arg>
<doc>Splits the ``string`` using ``separator`` as a delimiter string.</doc>
<status status="PASS" start="2026-03-12T14:08:27.989130" elapsed="0.000000"/>
</kw>
<if>
<branch type="IF" condition="${STRIP}">
<kw name="Evaluate" owner="BuiltIn">
<msg time="2026-03-12T14:08:27.990151" level="INFO">@{DATA LIST} = [ UserName ]</msg>
<var>@{DATA LIST}</var>
<arg>[value.strip() for value in ${DATA LIST}]</arg>
<doc>Evaluates the given expression in Python and returns the result.</doc>
<status status="PASS" start="2026-03-12T14:08:27.989130" elapsed="0.001021"/>
</kw>
<status status="PASS" start="2026-03-12T14:08:27.989130" elapsed="0.001021"/>
</branch>
<status status="PASS" start="2026-03-12T14:08:27.989130" elapsed="0.001021"/>
</if>
<return>
<value>@{DATA LIST}</value>
<status status="PASS" start="2026-03-12T14:08:27.990151" elapsed="0.000000"/>
</return>
<msg time="2026-03-12T14:08:27.991295" level="INFO">@{USER_LIST} = [ UserName ]</msg>
<var>@{USER_LIST}</var>
<arg>${TEST DATA DICT.UserName}</arg>
<arg>&amp;</arg>
<doc>keyword wrapper to convert string to list based on delimiter</doc>
<status status="PASS" start="2026-03-12T14:08:27.988125" elapsed="0.003170"/>
</kw>
<kw name="Evaluate" owner="BuiltIn">
<msg time="2026-03-12T14:08:27.991295" level="INFO">@{PASS_LIST} = [ UserName_Password ]</msg>
<var>@{PASS_LIST}</var>
<arg>[ list_item+"_Password" for list_item in ${USER_LIST}]</arg>
<doc>Evaluates the given expression in Python and returns the result.</doc>
<status status="PASS" start="2026-03-12T14:08:27.991295" elapsed="0.000000"/>
</kw>
<kw name="Combine Lists" owner="Collections">
<msg time="2026-03-12T14:08:27.992359" level="INFO">@{USER_LIST} = [ UserName | UserName_Password ]</msg>
<var>@{USER_LIST}</var>
<arg>${USER_LIST}</arg>
<arg>${PASS_LIST}</arg>
<doc>Combines the given ``lists`` together and returns the result.</doc>
<status status="PASS" start="2026-03-12T14:08:27.991295" elapsed="0.002005"/>
</kw>
<kw name="Create New Dict For Given Values" owner="CollectionUtilities">
<msg time="2026-03-12T14:08:27.994076" level="INFO">&amp;{USER_DICT} = { }</msg>
<var>&amp;{USER_DICT}</var>
<arg>${USER_DATA}</arg>
<arg>${USER_LIST}</arg>
<status status="PASS" start="2026-03-12T14:08:27.993300" elapsed="0.000776"/>
</kw>
<kw name="Combine Two Dictionary" owner="CollectionUtilities">
<msg time="2026-03-12T14:08:27.996108" level="INFO">&amp;{TEST DATA DICT} = { Execute=Execute | UniqueID=UniqueID | TestcaseID=TestcaseID | TestcaseName=TestcaseName | UserName=UserName }</msg>
<var>&amp;{TEST DATA DICT}</var>
<arg>${TEST DATA DICT}</arg>
<arg>${USER_DICT}</arg>
<status status="PASS" start="2026-03-12T14:08:27.994076" elapsed="0.002788"/>
</kw>
<kw name="Set Environment Variable" owner="OperatingSystem">
<msg time="2026-03-12T14:08:27.997896" level="INFO">Environment variable 'USER_LOGIN' set to value 'UserName'.</msg>
<arg>USER_LOGIN</arg>
<arg>${TEST DATA DICT.UserName}</arg>
<doc>Sets an environment variable to a specified value.</doc>
<status status="PASS" start="2026-03-12T14:08:27.996864" elapsed="0.001032"/>
</kw>
<status status="PASS" start="2026-03-12T14:08:27.953199" elapsed="0.044697"/>
</branch>
<branch type="ELSE">
<kw name="Set Environment Variable" owner="OperatingSystem">
<arg>USER_LOGIN</arg>
<arg>${TEST DATA DICT.UserName}</arg>
<doc>Sets an environment variable to a specified value.</doc>
<status status="NOT RUN" start="2026-03-12T14:08:27.997896" elapsed="0.000000"/>
</kw>
<status status="NOT RUN" start="2026-03-12T14:08:27.997896" elapsed="0.000000"/>
</branch>
<status status="PASS" start="2026-03-12T14:08:27.953199" elapsed="0.044697"/>
</if>
<kw name="Get Creditcard And Shipping Address Details From Test Data file" owner="DataUtility">
<kw name="Run Keyword And Return Status" owner="BuiltIn">
<kw name="Should Contain" owner="BuiltIn">
<msg time="2026-03-12T14:08:27.998922" level="FAIL">'{'Execute': 'Execute', 'UniqueID': 'UniqueID', 'TestcaseID': 'TestcaseID', 'TestcaseName': 'TestcaseName', 'UserName': 'UserName'}' does not contain 'Correct_Card_And_Address'</msg>
<arg>${TEST DATA DICT}</arg>
<arg>Correct_Card_And_Address</arg>
<doc>Fails if ``container`` does not contain ``item`` one or more times.</doc>
<status status="FAIL" start="2026-03-12T14:08:27.998922" elapsed="0.000000">'{'Execute': 'Execute', 'UniqueID': 'UniqueID', 'TestcaseID': 'TestcaseID', 'TestcaseName': 'TestcaseName', 'UserName': 'UserName'}' does not contain 'Correct_Card_And_Address'</status>
</kw>
<msg time="2026-03-12T14:08:27.998922" level="INFO">${CORRECT_CC_DETAILS} = False</msg>
<var>${CORRECT_CC_DETAILS}</var>
<arg>Should Contain</arg>
<arg>${TEST DATA DICT}</arg>
<arg>Correct_Card_And_Address</arg>
<doc>Runs the given keyword with given arguments and returns the status as a Boolean value.</doc>
<status status="PASS" start="2026-03-12T14:08:27.998922" elapsed="0.000000"/>
</kw>
<if>
<branch type="IF" condition="${CORRECT_CC_DETAILS}">
<if>
<branch type="IF" condition="'${TEST DATA DICT.Correct_Card_And_Address}' != 'None'">
<kw name="Load Test Data For The Given Row" owner="DataUtility">
<var>&amp;{TestData}</var>
<arg>CreditCard_Details.xlsx</arg>
<arg>creditcard</arg>
<arg>${TEST DATA DICT.Correct_Card_And_Address}</arg>
<doc>Load Test Data From an Excel(.xls) File</doc>
<status status="NOT RUN" start="2026-03-12T14:08:27.999903" elapsed="0.000000"/>
</kw>
<kw name="Create Dictionary" owner="BuiltIn">
<var>&amp;{CARD_DETAILS}</var>
<arg>${TEST DATA DICT.Correct_Card_And_Address}</arg>
<arg>${TestData}</arg>
<doc>Creates and returns a dictionary based on the given ``items``.</doc>
<status status="NOT RUN" start="2026-03-12T14:08:27.999903" elapsed="0.000000"/>
</kw>
<kw name="Combine Two Dictionary" owner="CollectionUtilities">
<var>&amp;{TEST DATA DICT}</var>
<arg>${TEST DATA DICT}</arg>
<arg>${CARD_DETAILS}</arg>
<status status="NOT RUN" start="2026-03-12T14:08:27.999903" elapsed="0.000000"/>
</kw>
<status status="NOT RUN" start="2026-03-12T14:08:27.999903" elapsed="0.000537"/>
</branch>
<status status="NOT RUN" start="2026-03-12T14:08:27.999903" elapsed="0.000599"/>
</if>
<status status="NOT RUN" start="2026-03-12T14:08:27.998922" elapsed="0.001580"/>
</branch>
<status status="PASS" start="2026-03-12T14:08:27.998922" elapsed="0.001580"/>
</if>
<kw name="Run Keyword And Return Status" owner="BuiltIn">
<kw name="Should Contain" owner="BuiltIn">
<msg time="2026-03-12T14:08:28.000502" level="FAIL">'{'Execute': 'Execute', 'UniqueID': 'UniqueID', 'TestcaseID': 'TestcaseID', 'TestcaseName': 'TestcaseName', 'UserName': 'UserName'}' does not contain 'Wrong_CreditCard_And_Correct_Address'</msg>
<arg>${TEST DATA DICT}</arg>
<arg>Wrong_CreditCard_And_Correct_Address</arg>
<doc>Fails if ``container`` does not contain ``item`` one or more times.</doc>
<status status="FAIL" start="2026-03-12T14:08:28.000502" elapsed="0.000000">'{'Execute': 'Execute', 'UniqueID': 'UniqueID', 'TestcaseID': 'TestcaseID', 'TestcaseName': 'TestcaseName', 'UserName': 'UserName'}' does not contain 'Wrong_CreditCard_And_Correct_Address'</status>
</kw>
<msg time="2026-03-12T14:08:28.000502" level="INFO">${WRONG_CC_DETAILS_STATUS} = False</msg>
<var>${WRONG_CC_DETAILS_STATUS}</var>
<arg>Should Contain</arg>
<arg>${TEST DATA DICT}</arg>
<arg>Wrong_CreditCard_And_Correct_Address</arg>
<doc>Runs the given keyword with given arguments and returns the status as a Boolean value.</doc>
<status status="PASS" start="2026-03-12T14:08:28.000502" elapsed="0.000000"/>
</kw>
<if>
<branch type="IF" condition="${WRONG_CC_DETAILS_STATUS}">
<if>
<branch type="IF" condition="'${TEST DATA DICT.Wrong_CreditCard_And_Correct_Address}' != 'None'">
<kw name="Load Test Data For The Given Row" owner="DataUtility">
<var>&amp;{TestData}</var>
<arg>CreditCard_Details.xlsx</arg>
<arg>creditcard</arg>
<arg>${TEST DATA DICT.Wrong_CreditCard_And_Correct_Address}</arg>
<doc>Load Test Data From an Excel(.xls) File</doc>
<status status="NOT RUN" start="2026-03-12T14:08:28.001515" elapsed="0.000000"/>
</kw>
<kw name="Create Dictionary" owner="BuiltIn">
<var>&amp;{CARD_DETAILS}</var>
<arg>${TEST DATA DICT.Wrong_CreditCard_And_Correct_Address}</arg>
<arg>${TestData}</arg>
<doc>Creates and returns a dictionary based on the given ``items``.</doc>
<status status="NOT RUN" start="2026-03-12T14:08:28.001515" elapsed="0.000000"/>
</kw>
<kw name="Combine Two Dictionary" owner="CollectionUtilities">
<var>&amp;{TEST DATA DICT}</var>
<arg>${TEST DATA DICT}</arg>
<arg>${CARD_DETAILS}</arg>
<status status="NOT RUN" start="2026-03-12T14:08:28.001515" elapsed="0.000000"/>
</kw>
<status status="NOT RUN" start="2026-03-12T14:08:28.000502" elapsed="0.001013"/>
</branch>
<status status="NOT RUN" start="2026-03-12T14:08:28.000502" elapsed="0.001013"/>
</if>
<status status="NOT RUN" start="2026-03-12T14:08:28.000502" elapsed="0.001013"/>
</branch>
<status status="PASS" start="2026-03-12T14:08:28.000502" elapsed="0.001013"/>
</if>
<kw name="Run Keyword And Return Status" owner="BuiltIn">
<kw name="Should Contain" owner="BuiltIn">
<msg time="2026-03-12T14:08:28.001515" level="FAIL">'{'Execute': 'Execute', 'UniqueID': 'UniqueID', 'TestcaseID': 'TestcaseID', 'TestcaseName': 'TestcaseName', 'UserName': 'UserName'}' does not contain 'Correct_Card_And_Wrong_Address'</msg>
<arg>${TEST DATA DICT}</arg>
<arg>Correct_Card_And_Wrong_Address</arg>
<doc>Fails if ``container`` does not contain ``item`` one or more times.</doc>
<status status="FAIL" start="2026-03-12T14:08:28.001515" elapsed="0.001041">'{'Execute': 'Execute', 'UniqueID': 'UniqueID', 'TestcaseID': 'TestcaseID', 'TestcaseName': 'TestcaseName', 'UserName': 'UserName'}' does not contain 'Correct_Card_And_Wrong_Address'</status>
</kw>
<msg time="2026-03-12T14:08:28.002556" level="INFO">${WRONG_ADDRESS_DETAILS_STATUS} = False</msg>
<var>${WRONG_ADDRESS_DETAILS_STATUS}</var>
<arg>Should Contain</arg>
<arg>${TEST DATA DICT}</arg>
<arg>Correct_Card_And_Wrong_Address</arg>
<doc>Runs the given keyword with given arguments and returns the status as a Boolean value.</doc>
<status status="PASS" start="2026-03-12T14:08:28.001515" elapsed="0.001041"/>
</kw>
<if>
<branch type="IF" condition="${WRONG_ADDRESS_DETAILS_STATUS}">
<if>
<branch type="IF" condition="'${TEST DATA DICT.Correct_Card_And_Wrong_Address}' != 'None'">
<kw name="Load Test Data For The Given Row" owner="DataUtility">
<var>&amp;{TestData}</var>
<arg>CreditCard_Details.xlsx</arg>
<arg>creditcard</arg>
<arg>${TEST DATA DICT.Correct_Card_And_Wrong_Address}</arg>
<doc>Load Test Data From an Excel(.xls) File</doc>
<status status="NOT RUN" start="2026-03-12T14:08:28.002556" elapsed="0.000000"/>
</kw>
<kw name="Create Dictionary" owner="BuiltIn">
<var>&amp;{CARD_DETAILS}</var>
<arg>${TEST DATA DICT.Correct_Card_And_Wrong_Address}</arg>
<arg>${TestData}</arg>
<doc>Creates and returns a dictionary based on the given ``items``.</doc>
<status status="NOT RUN" start="2026-03-12T14:08:28.002556" elapsed="0.000000"/>
</kw>
<kw name="Combine Two Dictionary" owner="CollectionUtilities">
<var>&amp;{TEST DATA DICT}</var>
<arg>${TEST DATA DICT}</arg>
<arg>${CARD_DETAILS}</arg>
<status status="NOT RUN" start="2026-03-12T14:08:28.002556" elapsed="0.000000"/>
</kw>
<status status="NOT RUN" start="2026-03-12T14:08:28.002556" elapsed="0.000000"/>
</branch>
<status status="NOT RUN" start="2026-03-12T14:08:28.002556" elapsed="0.000000"/>
</if>
<status status="NOT RUN" start="2026-03-12T14:08:28.002556" elapsed="0.000000"/>
</branch>
<status status="PASS" start="2026-03-12T14:08:28.002556" elapsed="0.000000"/>
</if>
<kw name="Run Keyword And Return Status" owner="BuiltIn">
<kw name="Should Contain" owner="BuiltIn">
<msg time="2026-03-12T14:08:28.003516" level="FAIL">'{'Execute': 'Execute', 'UniqueID': 'UniqueID', 'TestcaseID': 'TestcaseID', 'TestcaseName': 'TestcaseName', 'UserName': 'UserName'}' does not contain 'ShippingAddress'</msg>
<arg>${TEST DATA DICT}</arg>
<arg>ShippingAddress</arg>
<doc>Fails if ``container`` does not contain ``item`` one or more times.</doc>
<status status="FAIL" start="2026-03-12T14:08:28.003516" elapsed="0.000000">'{'Execute': 'Execute', 'UniqueID': 'UniqueID', 'TestcaseID': 'TestcaseID', 'TestcaseName': 'TestcaseName', 'UserName': 'UserName'}' does not contain 'ShippingAddress'</status>
</kw>
<msg time="2026-03-12T14:08:28.003516" level="INFO">${SHIP_ADDRESS_DETAILS_STATUS} = False</msg>
<var>${SHIP_ADDRESS_DETAILS_STATUS}</var>
<arg>Should Contain</arg>
<arg>${TEST DATA DICT}</arg>
<arg>ShippingAddress</arg>
<doc>Runs the given keyword with given arguments and returns the status as a Boolean value.</doc>
<status status="PASS" start="2026-03-12T14:08:28.002556" elapsed="0.000960"/>
</kw>
<if>
<branch type="IF" condition="${SHIP_ADDRESS_DETAILS_STATUS}">
<if>
<branch type="IF" condition="'${TEST DATA DICT.ShippingAddress}' != 'None'">
<kw name="Load Test Data For The Given Row" owner="DataUtility">
<var>&amp;{TestData}</var>
<arg>ShippingAddress.xlsx</arg>
<arg>Shipping_Address</arg>
<arg>${TEST DATA DICT.ShippingAddress}</arg>
<doc>Load Test Data From an Excel(.xls) File</doc>
<status status="NOT RUN" start="2026-03-12T14:08:28.004101" elapsed="0.000000"/>
</kw>
<kw name="Create Dictionary" owner="BuiltIn">
<var>&amp;{SHIP_ADDRESS}</var>
<arg>${TEST DATA DICT.ShippingAddress}</arg>
<arg>${TestData}</arg>
<doc>Creates and returns a dictionary based on the given ``items``.</doc>
<status status="NOT RUN" start="2026-03-12T14:08:28.004101" elapsed="0.000000"/>
</kw>
<kw name="Combine Two Dictionary" owner="CollectionUtilities">
<var>&amp;{TEST DATA DICT}</var>
<arg>${TEST DATA DICT}</arg>
<arg>${SHIP_ADDRESS}</arg>
<status status="NOT RUN" start="2026-03-12T14:08:28.004101" elapsed="0.000000"/>
</kw>
<status status="NOT RUN" start="2026-03-12T14:08:28.004101" elapsed="0.000000"/>
</branch>
<status status="NOT RUN" start="2026-03-12T14:08:28.004101" elapsed="0.000000"/>
</if>
<status status="NOT RUN" start="2026-03-12T14:08:28.004101" elapsed="0.000000"/>
</branch>
<status status="PASS" start="2026-03-12T14:08:28.004101" elapsed="0.000000"/>
</if>
<return>
<value>&amp;{TEST DATA DICT}</value>
<status status="PASS" start="2026-03-12T14:08:28.004101" elapsed="0.000000"/>
</return>
<msg time="2026-03-12T14:08:28.005117" level="INFO">&amp;{TEST DATA DICT} = { Execute=Execute | UniqueID=UniqueID | TestcaseID=TestcaseID | TestcaseName=TestcaseName | UserName=UserName }</msg>
<var>&amp;{TEST DATA DICT}</var>
<arg>${TEST DATA DICT}</arg>
<doc>Get Creditcard And Shipping Address Detail</doc>
<status status="PASS" start="2026-03-12T14:08:27.998922" elapsed="0.006195"/>
</kw>
<kw name="Log To Console" owner="BuiltIn">
<arg>"Inside Load Testdata from file... 4"</arg>
<doc>Logs the given message to the console.</doc>
<status status="PASS" start="2026-03-12T14:08:28.005117" elapsed="0.000000"/>
</kw>
<return>
<value>&amp;{TEST DATA DICT}</value>
<status status="PASS" start="2026-03-12T14:08:28.006148" elapsed="0.000000"/>
</return>
<msg time="2026-03-12T14:08:28.006148" level="INFO">&amp;{TestData} = { Execute=Execute | UniqueID=UniqueID | TestcaseID=TestcaseID | TestcaseName=TestcaseName | UserName=UserName }</msg>
<var>&amp;{TestData}</var>
<arg>TestData.xlsx</arg>
<arg>ServiceWA</arg>
<arg>Login001</arg>
<doc>Load Test Data From an Excel(.xls) File</doc>
<status status="PASS" start="2026-03-12T14:08:22.679801" elapsed="5.326347"/>
</kw>
<kw name="Log To Console" owner="BuiltIn">
<arg>Login001</arg>
<doc>Logs the given message to the console.</doc>
<status status="PASS" start="2026-03-12T14:08:28.007159" elapsed="0.000000"/>
</kw>
<kw name="Set Environment Variable" owner="OperatingSystem">
<msg time="2026-03-12T14:08:28.008915" level="INFO">Environment variable 'TCID' set to value 'TestcaseID'.</msg>
<arg>TCID</arg>
<arg>${TestData.TestcaseID}</arg>
<doc>Sets an environment variable to a specified value.</doc>
<status status="PASS" start="2026-03-12T14:08:28.007159" elapsed="0.001756"/>
</kw>
<kw name="Extent TestCaseHeader" owner="ExtentReportListener">
<arg>${TEST NAME}</arg>
<arg>${TestData.TestcaseID}</arg>
<arg>ServiceWA Application</arg>
<status status="PASS" start="2026-03-12T14:08:28.008915" elapsed="0.001036"/>
</kw>
<kw name="Log" owner="BuiltIn">
<msg time="2026-03-12T14:08:28.010953" level="INFO">Launching Application</msg>
<arg>Launching Application</arg>
<doc>Logs the given message with the given level.</doc>
<status status="PASS" start="2026-03-12T14:08:28.010953" elapsed="0.000550"/>
</kw>
<kw name="Launch Application" owner="Common">
<kw name="Log" owner="BuiltIn">
<msg time="2026-03-12T14:08:28.012599" level="INFO">Inside Launch Application</msg>
<arg>Inside Launch Application</arg>
<doc>Logs the given message with the given level.</doc>
<status status="PASS" start="2026-03-12T14:08:28.012599" elapsed="0.000000"/>
</kw>
<kw name="Log" owner="BuiltIn">
<msg time="2026-03-12T14:08:28.014612" level="INFO">Platform: Mobile</msg>
<arg>Platform: %{EXECUTION_PLATFORM}</arg>
<doc>Logs the given message with the given level.</doc>
<status status="PASS" start="2026-03-12T14:08:28.014612" elapsed="0.000541"/>
</kw>
<if>
<branch type="IF" condition="&quot;%{EXECUTION_PLATFORM}&quot; == &quot;Mobile&quot;">
<kw name="Import Library" owner="BuiltIn">
<arg>AppiumLibrary</arg>
<arg>timeout=90</arg>
<doc>Imports a library with the given name and optional arguments.</doc>
<status status="PASS" start="2026-03-12T14:08:28.015218" elapsed="0.016402"/>
</kw>
<kw name="Log" owner="BuiltIn">
<msg time="2026-03-12T14:08:28.032641" level="INFO">Appium Library Loaded</msg>
<arg>Appium Library Loaded</arg>
<doc>Logs the given message with the given level.</doc>
<status status="PASS" start="2026-03-12T14:08:28.032641" elapsed="0.001008"/>
</kw>
<kw name="Launch Mobile Application on BrowserStack" owner="AppiumCommon">
<kw name="Set Global Variable" owner="BuiltIn">
<msg time="2026-03-12T14:08:28.037468" level="INFO">${LOGIN STATUS} = False</msg>
<arg>${LOGIN STATUS}</arg>
<arg>False</arg>
<doc>Makes a variable available globally in all tests and suites.</doc>
<status status="PASS" start="2026-03-12T14:08:28.036289" elapsed="0.001179"/>
</kw>
<kw name="Log To Console" owner="BuiltIn">
<arg>Inside~Launch Mobile Application 1</arg>
<doc>Logs the given message to the console.</doc>
<status status="PASS" start="2026-03-12T14:08:28.038285" elapsed="0.000586"/>
</kw>
<kw name="Log To Console" owner="BuiltIn">
<arg>Device Name : %{DEVICE_NAME}</arg>
<doc>Logs the given message to the console.</doc>
<status status="PASS" start="2026-03-12T14:08:28.039921" elapsed="0.000000"/>
</kw>
<kw name="Log To Console" owner="BuiltIn">
<arg>App Path : %{APP_PATH}</arg>
<doc>Logs the given message to the console.</doc>
<status status="PASS" start="2026-03-12T14:08:28.039921" elapsed="0.000000"/>
</kw>
<kw name="Set Variable" owner="BuiltIn">
<msg time="2026-03-12T14:08:28.041932" level="INFO">${DevName} = iPhone 15 Pro</msg>
<var>${DevName}</var>
<arg>%{DEVICE_NAME}</arg>
<doc>Returns the given values which can then be assigned to a variables.</doc>
<status status="PASS" start="2026-03-12T14:08:28.041063" elapsed="0.000869"/>
</kw>
<kw name="Load Config Properties Data" owner="PropertyUtilities">
<kw name="Read Properties" owner="ReadConfig_Properties">
[...]
</kw>
<status status="NOT RUN" start="2026-03-12T14:09:32.993753" elapsed="0.000000"/>
</branch>
<status status="PASS" start="2026-03-12T14:09:32.932420" elapsed="0.061333"/>
</if>
<kw name="Log" owner="BuiltIn">
<msg time="2026-03-12T14:09:32.993753" level="INFO">Visibility Status of Continue Button is False</msg>
<arg>Visibility Status of ${ElementName} is ${STATUS}</arg>
<doc>Logs the given message with the given level.</doc>
<status status="PASS" start="2026-03-12T14:09:32.993753" elapsed="0.000000"/>
</kw>
<if>
<branch type="IF" condition="&quot;${STATUS}&quot; == &quot;True&quot;">
<kw name="Write Extent Test Steps" owner="ExtentUtilityListener">
<arg>${ElementName} is visible</arg>
<arg>Pass</arg>
<arg>True</arg>
<status status="NOT RUN" start="2026-03-12T14:09:32.995955" elapsed="0.000000"/>
</kw>
<status status="NOT RUN" start="2026-03-12T14:09:32.993753" elapsed="0.002202"/>
</branch>
<branch type="ELSE">
<kw name="Write Extent Test Steps" owner="ExtentUtilityListener">
<kw name="Set Variable" owner="BuiltIn">
<msg time="2026-03-12T14:09:32.995955" level="INFO">${TestCaseID} = TestcaseID</msg>
<var>${TestCaseID}</var>
<arg>%{TCID}</arg>
<doc>Returns the given values which can then be assigned to a variables.</doc>
<status status="PASS" start="2026-03-12T14:09:32.995955" elapsed="0.000000"/>
</kw>
<kw name="Create User Directory" owner="ExtentReportListener">
<msg time="2026-03-12T14:09:32.998141" level="INFO">14-09-32
D:/Users/snatarajan/Desktop/Sundar/ServiceWAMobile/ServiceWA/ServiceWA/ExtentUtilities/Reports/Screenshots/TestcaseID/12-Mar-2026/14-09-32</msg>
<msg time="2026-03-12T14:09:32.998141" level="INFO">${PathFinder} = D:/Users/snatarajan/Desktop/Sundar/ServiceWAMobile/ServiceWA/ServiceWA/ExtentUtilities/Reports/Screenshots/TestcaseID/12-Mar-2026/14-09-32</msg>
<var>${PathFinder}</var>
<arg>${TestCaseID}</arg>
<arg>${ScreenshotFlag}</arg>
<status status="PASS" start="2026-03-12T14:09:32.997042" elapsed="0.001099"/>
</kw>
<kw name="Log To Console" owner="BuiltIn">
<arg>EXECUTION_PLATFORM : %{EXECUTION_PLATFORM}</arg>
<doc>Logs the given message to the console.</doc>
<status status="PASS" start="2026-03-12T14:09:32.998141" elapsed="0.001104"/>
</kw>
<kw name="Log To Console" owner="BuiltIn">
<arg>ScreenshotFlag : ${ScreenshotFlag}</arg>
<doc>Logs the given message to the console.</doc>
<status status="PASS" start="2026-03-12T14:09:33.000350" elapsed="0.000000"/>
</kw>
<kw name="Log To Console" owner="BuiltIn">
<arg>CaptureScreenShotsOnlyForFailure : %{CaptureScreenShotsOnlyForFailure}</arg>
<doc>Logs the given message to the console.</doc>
<status status="PASS" start="2026-03-12T14:09:33.000350" elapsed="0.001726"/>
</kw>
<if>
<branch type="IF" condition="&quot;%{CaptureScreenShotsOnlyForFailure}&quot; == &quot;True&quot;">
<if>
<branch type="IF" condition="&quot;${TestStepStatus}&quot; == &quot;Pass&quot;">
<kw name="Log To Console" owner="BuiltIn">
<arg>~~TrueOne~~</arg>
<doc>Logs the given message to the console.</doc>
<status status="NOT RUN" start="2026-03-12T14:09:33.002671" elapsed="0.000000"/>
</kw>
<kw name="Set Variable" owner="BuiltIn">
<var>${ScreenshotFlag}</var>
<arg>False</arg>
<doc>Returns the given values which can then be assigned to a variables.</doc>
<status status="NOT RUN" start="2026-03-12T14:09:33.003710" elapsed="0.000000"/>
</kw>
<status status="NOT RUN" start="2026-03-12T14:09:33.002671" elapsed="0.001089"/>
</branch>
<status status="NOT RUN" start="2026-03-12T14:09:33.002671" elapsed="0.001089"/>
</if>
<status status="NOT RUN" start="2026-03-12T14:09:33.002671" elapsed="0.001089"/>
</branch>
<status status="PASS" start="2026-03-12T14:09:33.002076" elapsed="0.001684"/>
</if>
<if>
<branch type="IF" condition="'${ScreenshotFlag}'!='None'">
<kw name="Log To Console" owner="BuiltIn">
<arg>Inside IF</arg>
<doc>Logs the given message to the console.</doc>
<status status="PASS" start="2026-03-12T14:09:33.003760" elapsed="0.001268"/>
</kw>
<kw name="Set Variable" owner="BuiltIn">
<msg time="2026-03-12T14:09:33.005028" level="INFO">${TestStepsFileName} = PassedStep.jpg</msg>
<var>${TestStepsFileName}</var>
<arg>PassedStep.jpg</arg>
<doc>Returns the given values which can then be assigned to a variables.</doc>
<status status="PASS" start="2026-03-12T14:09:33.005028" elapsed="0.000000"/>
</kw>
<kw name="Sleep" owner="BuiltIn">
<msg time="2026-03-12T14:09:34.005235" level="INFO">Slept 1 second.</msg>
<arg>1</arg>
<doc>Pauses the test executed for the given time.</doc>
<status status="PASS" start="2026-03-12T14:09:33.005028" elapsed="1.000207"/>
</kw>
<if>
<branch type="IF" condition="&quot;${ScreenshotFlag}&quot; == &quot;True&quot;">
<if>
<branch type="IF" condition="&quot;%{EXECUTION_PLATFORM}&quot; == &quot;Mobile&quot;">
<kw name="Capture Page Screenshot" owner="AppiumLibrary">
<msg time="2026-03-12T14:09:34.297795" level="INFO" html="true">&lt;/td&gt;&lt;/tr&gt;&lt;tr&gt;&lt;td colspan="3"&gt;&lt;a href="../Reports/Screenshots/TestcaseID/12-Mar-2026/14-09-32/PassedStep.jpg"&gt;&lt;img src="../Reports/Screenshots/TestcaseID/12-Mar-2026/14-09-32/PassedStep.jpg" width="800px"&gt;&lt;/a&gt;</msg>
<arg>${PathFinder}/${TestStepsFileName}</arg>
<doc>Takes a screenshot of the current page and embeds it into the log.</doc>
<status status="PASS" start="2026-03-12T14:09:34.005235" elapsed="0.292560"/>
</kw>
<status status="PASS" start="2026-03-12T14:09:34.005235" elapsed="0.292560"/>
</branch>
<branch type="ELSE">
<kw name="Capture Page Screenshot" owner="SeleniumLibrary">
<arg>${PathFinder}/${TestStepsFileName}</arg>
<doc>Takes a screenshot of the current page and embeds it into a log file.</doc>
<status status="NOT RUN" start="2026-03-12T14:09:34.297795" elapsed="0.000000"/>
</kw>
<status status="NOT RUN" start="2026-03-12T14:09:34.297795" elapsed="0.000000"/>
</branch>
<status status="PASS" start="2026-03-12T14:09:34.005235" elapsed="0.293785"/>
</if>
<kw name="Extent TestCaseSteps" owner="ExtentReportListener">
<msg time="2026-03-12T14:09:34.299069" level="INFO">Inside: Extent_TestCaseSteps</msg>
<arg>${TestStepDescription}</arg>
<arg>${TestStepStatus}</arg>
<arg>${PathFinder}/${TestStepsFileName}</arg>
<status status="PASS" start="2026-03-12T14:09:34.299069" elapsed="0.000000"/>
</kw>
<status status="PASS" start="2026-03-12T14:09:34.005235" elapsed="0.293834"/>
</branch>
<branch type="ELSE">
<kw name="Extent TestCaseSteps" owner="ExtentReportListener">
<arg>${TestStepDescription}</arg>
<arg>${TestStepStatus}</arg>
<arg>None</arg>
<status status="NOT RUN" start="2026-03-12T14:09:34.299069" elapsed="0.000000"/>
</kw>
<status status="NOT RUN" start="2026-03-12T14:09:34.299069" elapsed="0.000000"/>
</branch>
<status status="PASS" start="2026-03-12T14:09:34.005235" elapsed="0.293834"/>
</if>
<status status="PASS" start="2026-03-12T14:09:33.003760" elapsed="1.295309"/>
</branch>
<branch type="ELSE">
<kw name="Log To Console" owner="BuiltIn">
<arg>Inside ELSE</arg>
<doc>Logs the given message to the console.</doc>
<status status="NOT RUN" start="2026-03-12T14:09:34.299069" elapsed="0.000000"/>
</kw>
<kw name="Extent TestCaseSteps" owner="ExtentReportListener">
<arg>${TestStepDescription}</arg>
<arg>${TestStepStatus}</arg>
<arg>None</arg>
<status status="NOT RUN" start="2026-03-12T14:09:34.299069" elapsed="0.000000"/>
</kw>
<status status="NOT RUN" start="2026-03-12T14:09:34.299069" elapsed="0.000000"/>
</branch>
<status status="PASS" start="2026-03-12T14:09:33.003760" elapsed="1.295309"/>
</if>
<arg>${ElementName} is not visible</arg>
<arg>Fail</arg>
<arg>True</arg>
<status status="PASS" start="2026-03-12T14:09:32.995955" elapsed="1.303114"/>
</kw>
<status status="PASS" start="2026-03-12T14:09:32.995955" elapsed="1.303114"/>
</branch>
<status status="PASS" start="2026-03-12T14:09:32.993753" elapsed="1.305316"/>
</if>
<return>
<value>${STATUS}</value>
<status status="PASS" start="2026-03-12T14:09:34.299069" elapsed="0.000000"/>
</return>
<arg>${Continue}</arg>
<arg>Continue Button</arg>
<status status="PASS" start="2026-03-12T14:09:32.931104" elapsed="1.367965"/>
</kw>
<kw name="Swipe" owner="AppiumLibrary">
<arg>0</arg>
<arg>495</arg>
<arg>0</arg>
<arg>150</arg>
<doc>Swipe from one point to another point, for an optional duration.</doc>
<status status="PASS" start="2026-03-12T14:09:34.299069" elapsed="1.409461"/>
</kw>
<kw name="Click Button" owner="Common">
<if>
<branch type="IF" condition="&quot;%{EXECUTION_PLATFORM}&quot; == &quot;Mobile&quot;">
<kw name="Wait for Element" owner="Common">
<kw name="Log To Console" owner="BuiltIn">
<arg>Inside -&gt; Wait for Element</arg>
<doc>Logs the given message to the console.</doc>
<status status="PASS" start="2026-03-12T14:09:35.709695" elapsed="0.001843"/>
</kw>
<kw name="Log To Console" owner="BuiltIn">
<arg>EXECUTION_PLATFORM : %{EXECUTION_PLATFORM}</arg>
<doc>Logs the given message to the console.</doc>
<status status="PASS" start="2026-03-12T14:09:35.711538" elapsed="0.001670"/>
</kw>
<if>
<branch type="IF" condition="&quot;%{EXECUTION_PLATFORM}&quot; == &quot;Mobile&quot;">
<try>
<branch type="TRY">
<kw name="Wait Until Page Contains Element" owner="AppiumLibrary">
<msg time="2026-03-12T14:09:35.842304" level="INFO">xpath criteria: //XCUIElementTypeButton[@name="Continue"]</msg>
<arg>${ElementIdentifier}</arg>
<arg>timeout=30s</arg>
<doc>Waits until element specified with `locator` appears on current page.</doc>
<status status="PASS" start="2026-03-12T14:09:35.713208" elapsed="0.129096"/>
</kw>
<status status="PASS" start="2026-03-12T14:09:35.713208" elapsed="0.129096"/>
</branch>
<branch type="EXCEPT">
<kw name="Write Extent Test Steps" owner="ExtentUtilityListener">
<arg>Exception Occurred; Element didn't appear. ${ElementIdentifier}</arg>
<arg>Fail</arg>
<arg>True</arg>
<status status="NOT RUN" start="2026-03-12T14:09:35.842304" elapsed="0.000000"/>
</kw>
<status status="NOT RUN" start="2026-03-12T14:09:35.842304" elapsed="0.000000"/>
</branch>
<status status="PASS" start="2026-03-12T14:09:35.713208" elapsed="0.129096"/>
</try>
<status status="PASS" start="2026-03-12T14:09:35.713208" elapsed="0.129096"/>
</branch>
<branch type="ELSE">
<kw name="Log To Console" owner="BuiltIn">
<arg>Calling Selenium Library</arg>
<doc>Logs the given message to the console.</doc>
<status status="NOT RUN" start="2026-03-12T14:09:35.842304" elapsed="0.000000"/>
</kw>
<try>
<branch type="TRY">
<kw name="Wait Until Page Contains Element" owner="SeleniumLibrary">
<arg>${ElementIdentifier}</arg>
<doc>Waits until the element ``locator`` appears on the current page.</doc>
<status status="NOT RUN" start="2026-03-12T14:09:35.842304" elapsed="0.000000"/>
</kw>
<status status="NOT RUN" start="2026-03-12T14:09:35.842304" elapsed="0.000000"/>
</branch>
<branch type="EXCEPT">
<kw name="Write Extent Test Steps" owner="ExtentUtilityListener">
<arg>Exception Occurred; Element didn't load. ${ElementIdentifier}</arg>
<arg>Fail</arg>
<arg>True</arg>
<status status="NOT RUN" start="2026-03-12T14:09:35.843787" elapsed="0.000000"/>
</kw>
<status status="NOT RUN" start="2026-03-12T14:09:35.842304" elapsed="0.001483"/>
</branch>
<status status="NOT RUN" start="2026-03-12T14:09:35.842304" elapsed="0.001483"/>
</try>
<status status="NOT RUN" start="2026-03-12T14:09:35.842304" elapsed="0.001483"/>
</branch>
<status status="PASS" start="2026-03-12T14:09:35.713208" elapsed="0.130579"/>
</if>
<kw name="Log To Console" owner="BuiltIn">
<arg>Done ${ElementIdentifier}</arg>
<doc>Logs the given message to the console.</doc>
<status status="PASS" start="2026-03-12T14:09:35.843787" elapsed="0.001136"/>
</kw>
<arg>${ElementIdentifier}</arg>
<doc>Keyword to Launch Application based on execution location, device type and required capablities</doc>
<status status="PASS" start="2026-03-12T14:09:35.709695" elapsed="0.135228"/>
</kw>
<kw name="Click Element" owner="AppiumLibrary">
<msg time="2026-03-12T14:09:35.848298" level="INFO">Clicking element '//XCUIElementTypeButton[@name="Continue"]'.</msg>
<msg time="2026-03-12T14:09:36.293275" level="INFO">xpath criteria: //XCUIElementTypeButton[@name="Continue"]</msg>
<arg>${ElementIdentifier}</arg>
<doc>Click element identified by `locator`.</doc>
<status status="PASS" start="2026-03-12T14:09:35.844923" elapsed="0.448352"/>
</kw>
<status status="PASS" start="2026-03-12T14:09:35.709114" elapsed="0.585227"/>
</branch>
<branch type="ELSE">
<kw name="Wait for Element" owner="Common">
<arg>${ElementIdentifier}</arg>
<doc>Keyword to Launch Application based on execution location, device type and required capablities</doc>
<status status="NOT RUN" start="2026-03-12T14:09:36.294395" elapsed="0.000000"/>
</kw>
<kw name="Click Element" owner="SeleniumLibrary">
<arg>${ElementIdentifier}</arg>
<doc>Click the element identified by ``locator``.</doc>
<status status="NOT RUN" start="2026-03-12T14:09:36.294395" elapsed="0.000000"/>
</kw>
<status status="NOT RUN" start="2026-03-12T14:09:36.294395" elapsed="0.000000"/>
</branch>
<status status="PASS" start="2026-03-12T14:09:35.709114" elapsed="0.585281"/>
</if>
<kw name="Log To Console" owner="BuiltIn">
<arg>Clicked on ${Details} Button</arg>
<doc>Logs the given message to the console.</doc>
<status status="PASS" start="2026-03-12T14:09:36.294395" elapsed="0.002248"/>
</kw>
<arg>${Continue}</arg>
<arg>Continue</arg>
<doc>Keyword to click Button</doc>
<status status="PASS" start="2026-03-12T14:09:35.709114" elapsed="0.587529"/>
</kw>
<arg>username@servicewa.com</arg>
<arg>myPassword</arg>
<doc>Keyword to Login to Mobile Application through Shopping Cart</doc>
<status status="PASS" start="2026-03-12T14:08:59.121494" elapsed="37.175149"/>
</kw>
<tag>Login001</tag>
<tag>Regression</tag>
<tag>Smoke</tag>
<status status="PASS" start="2026-03-12T14:08:22.646743" elapsed="73.651305"/>
</test>
<kw name="Close Application" owner="Common" type="TEARDOWN">
<kw name="Log To Console" owner="BuiltIn">
<arg>Inside~ Close application %{EXECUTION_PLATFORM}</arg>
<doc>Logs the given message to the console.</doc>
<status status="PASS" start="2026-03-12T14:09:36.300736" elapsed="0.022108"/>
</kw>
<if>
<branch type="IF" condition="&quot;%{EXECUTION_PLATFORM}&quot; == &quot;Mobile&quot;">
<kw name="Log To Console" owner="BuiltIn">
<arg>Closing Mobile Application</arg>
<doc>Logs the given message to the console.</doc>
<status status="PASS" start="2026-03-12T14:09:36.322844" elapsed="0.001238"/>
</kw>
<kw name="Close Application" owner="AppiumLibrary">
<doc>Closes the current application and also close webdriver session.</doc>
<status status="PASS" start="2026-03-12T14:09:36.324082" elapsed="1.477017"/>
</kw>
<status status="PASS" start="2026-03-12T14:09:36.322844" elapsed="1.478255"/>
</branch>
<branch type="ELSE">
<kw name="Log To Console" owner="BuiltIn">
<arg>Closing Web Application</arg>
<doc>Logs the given message to the console.</doc>
<status status="NOT RUN" start="2026-03-12T14:09:37.802213" elapsed="0.000000"/>
</kw>
<kw name="Close Browser" owner="SeleniumLibrary">
<doc>Closes the current browser.</doc>
<status status="NOT RUN" start="2026-03-12T14:09:37.802213" elapsed="0.000000"/>
</kw>
<status status="NOT RUN" start="2026-03-12T14:09:37.801099" elapsed="0.001114"/>
</branch>
<status status="PASS" start="2026-03-12T14:09:36.322844" elapsed="1.479369"/>
</if>
<kw name="Log To Console" owner="BuiltIn">
<arg>*** Closed the application ***</arg>
<doc>Logs the given message to the console.</doc>
<status status="PASS" start="2026-03-12T14:09:37.802213" elapsed="0.001043"/>
</kw>
<kw name="Close Extent Report" owner="ExtentReportListener">
<status status="PASS" start="2026-03-12T14:09:37.804559" elapsed="0.030680"/>
</kw>
<kw name="Log To Console" owner="BuiltIn">
<arg>Dir: ${EXECDIR}</arg>
<doc>Logs the given message to the console.</doc>
<status status="PASS" start="2026-03-12T14:09:37.836562" elapsed="0.009423"/>
</kw>
<kw name="Sleep" owner="BuiltIn">
<msg time="2026-03-12T14:09:38.848195" level="INFO">Slept 1 second.</msg>
<arg>1</arg>
<doc>Pauses the test executed for the given time.</doc>
<status status="PASS" start="2026-03-12T14:09:37.845985" elapsed="1.002210"/>
</kw>
<kw name="Convert To Lower Case" owner="String">
<msg time="2026-03-12T14:09:38.848195" level="INFO">${PIPELINE_EXECUTION} = false</msg>
<var>${PIPELINE_EXECUTION}</var>
<arg>%{PIPELINE_EXECUTION}</arg>
<doc>Converts string to lower case.</doc>
<status status="PASS" start="2026-03-12T14:09:38.848195" elapsed="0.000000"/>
</kw>
<kw name="Log To Console" owner="BuiltIn">
<arg>PipeLineExecution: ${PIPELINE_EXECUTION}</arg>
<doc>Logs the given message to the console.</doc>
<status status="PASS" start="2026-03-12T14:09:38.848195" elapsed="0.003104"/>
</kw>
<if>
<branch type="IF" condition="'${PIPELINE_EXECUTION}' == 'false'">
<kw name="Log To Console" owner="BuiltIn">
<arg>Inside ~ IF</arg>
<doc>Logs the given message to the console.</doc>
<status status="PASS" start="2026-03-12T14:09:38.851877" elapsed="0.001087"/>
</kw>
<kw name="Start Process" owner="Process">
<msg time="2026-03-12T14:09:38.854055" level="INFO">Starting process:
java -jar \"D:\Users\snatarajan\Desktop\Sundar\ServiceWAMobile\ServiceWA\ServiceWA\ExtentUtilitiesiComfortWebMobileEmailableReport.jar\"</msg>
<arg>java</arg>
<arg>-jar</arg>
<arg>"${EXECDIR}\iComfortWebMobileEmailableReport.jar"</arg>
<doc>Starts a new process on background.</doc>
<status status="PASS" start="2026-03-12T14:09:38.854055" elapsed="0.008040"/>
</kw>
<kw name="Wait For Process" owner="Process">
<msg time="2026-03-12T14:09:38.862095" level="INFO">Waiting for process to complete.</msg>
<msg time="2026-03-12T14:09:38.963053" level="INFO">Process completed.</msg>
<msg time="2026-03-12T14:09:38.963053" level="INFO">${result} = &lt;result object with rc 1&gt;</msg>
<var>${result}</var>
<arg>timeout=1min 30s</arg>
<arg>on_timeout=kill</arg>
<doc>Waits for the process to complete or to reach the given timeout.</doc>
<status status="PASS" start="2026-03-12T14:09:38.862095" elapsed="0.100958"/>
</kw>
<kw name="Log To Console" owner="BuiltIn">
<arg>Result: ${result}</arg>
<doc>Logs the given message to the console.</doc>
<status status="PASS" start="2026-03-12T14:09:38.963676" elapsed="0.001094"/>
</kw>
<status status="PASS" start="2026-03-12T14:09:38.851877" elapsed="0.112893"/>
</branch>
<status status="PASS" start="2026-03-12T14:09:38.851877" elapsed="0.112893"/>
</if>
<doc>Wrapper keyword to close application</doc>
<status status="PASS" start="2026-03-12T14:09:36.299296" elapsed="2.665474"/>
</kw>
<doc>These test cases used for checking Login Options by using ServiceWA Android app</doc>
<status status="PASS" start="2026-03-12T14:08:21.628914" elapsed="77.335856"/>
</suite>
<statistics>
<total>
<stat pass="1" fail="0" skip="0">All Tests</stat>
</total>
<tag>
<stat pass="1" fail="0" skip="0">Login001</stat>
<stat pass="1" fail="0" skip="0">Regression</stat>
<stat pass="1" fail="0" skip="0">Smoke</stat>
</tag>
<suite>
<stat pass="1" fail="0" skip="0" id="s1" name="ServiceWA login">ServiceWA login</stat>
</suite>
</statistics>
<errors>
<msg time="2026-03-12T14:09:28.605597" level="WARN">Keyword 'Capture Page Screenshot' could not be run on failure: Multiple keywords with name 'Capture Page Screenshot' found. Give the full name of the keyword you want to use:
    AppiumLibrary.Capture Page Screenshot
    SeleniumLibrary.Capture Page Screenshot</msg>
<msg time="2026-03-12T14:09:30.935011" level="WARN">Keyword 'Capture Page Screenshot' could not be run on failure: Multiple keywords with name 'Capture Page Screenshot' found. Give the full name of the keyword you want to use:
    AppiumLibrary.Capture Page Screenshot
    SeleniumLibrary.Capture Page Screenshot</msg>
<msg time="2026-03-12T14:09:32.984724" level="WARN">Keyword 'Capture Page Screenshot' could not be run on failure: Multiple keywords with name 'Capture Page Screenshot' found. Give the full name of the keyword you want to use:
    AppiumLibrary.Capture Page Screenshot
    SeleniumLibrary.Capture Page Screenshot</msg>
</errors>
</robot>
