<?xml version="1.0" encoding="UTF-8"?>
<robot generator="Robot 7.4.2 (Python 3.12.7 on win32)" generated="2026-03-08T17:12:38.723313" rpa="false" schemaversion="5">
<suite id="s1" name="ServiceWA Login" source="E:\MyProjects\Automation\ServiceWA\ExtentUtilities\..\rf-tests\ServiceWA_Login.robot">
<kw name="Extent Report Creation" owner="ExtentReportListener" type="SETUP">
<status status="PASS" start="2026-03-08T17:12:42.544536" elapsed="0.001987"/>
</kw>
<test id="s1-t1" name="Stability_TC_03_Mobile App_Validation of login and logout" line="25">
<kw name="Log To Console" owner="BuiltIn">
<arg>*************************************** User to perform Login &amp; logout from Unified Mobile app ***************************************</arg>
<doc>Logs the given message to the console.</doc>
<status status="PASS" start="2026-03-08T17:12:42.547521" elapsed="0.003828"/>
</kw>
<kw name="Load Config Properties Data" owner="PropertyUtilities">
<kw name="Read Properties" owner="ReadConfig_Properties">
<msg time="2026-03-08T17:12:42.565447" level="INFO">{'ConnectionURL': 'http://sundarn1:P07oQRc8akOpHI5hvIyW@hub-cloud.browserstack.com/wd/hub', 'App_Environment': 'QA', 'TestType': 'smoke', 'App_Version': 'Android - Version 3.95.019 (92) &amp; iOS - 3.95.026 (72)', 'QA_URL': 'NA', 'MobileTestExecutionPlatform': 'BrowserStack', 'App_Path_Android': 'bs://859d7a576761fdfdd40c4127fba9effb9f8dab6d', 'App_Path_iOS': 'bs://df6b6a2061d009930fabb5ecf364650ebce13abf', 'ExecutionPlatform': 'Mobile', 'OS_ExecutionPlatform': 'Android', 'Orientation': 'PORTRAIT', 'AndroidDeviceName': 'Google Pixel 9', 'iOSDeviceName': 'iPhone 16', 'UserAccount': 'Batch1', 'App_URL': 'NA', 'Browser': 'chrome', 'PIPELINE_EXECUTION': 'false', 'CaptureScreenShotsOnlyForFailure': 'False', 'BASE_URL': 'https://qaic3messaging.myicomfort.com'}</msg>
<msg time="2026-03-08T17:12:42.565447" level="INFO">&amp;{Load Prop} = { ConnectionURL=http://sundarn1:P07oQRc8akOpHI5hvIyW@hub-cloud.browserstack.com/wd/hub | App_Environment=QA | TestType=smoke | App_Version=Android - Version 3.95.019 (92) &amp; iOS - 3.95.026 (72) | QA_UR...</msg>
<var>&amp;{Load Prop}</var>
<arg>${PROPERTY FILE PATH}</arg>
<status status="PASS" start="2026-03-08T17:12:42.554403" elapsed="0.011044"/>
</kw>
<kw name="Log To Console" owner="BuiltIn">
<arg>${Load Prop}[ConnectionURL]</arg>
<doc>Logs the given message to the console.</doc>
<status status="PASS" start="2026-03-08T17:12:42.565447" elapsed="0.003159"/>
</kw>
<kw name="Set Environment Variable" owner="OperatingSystem">
<msg time="2026-03-08T17:12:42.569611" level="INFO">Environment variable 'MobileTestExecutionPlatform' set to value 'BrowserStack'.</msg>
<arg>MobileTestExecutionPlatform</arg>
<arg>${Load Prop}[MobileTestExecutionPlatform]</arg>
<doc>Sets an environment variable to a specified value.</doc>
<status status="PASS" start="2026-03-08T17:12:42.568606" elapsed="0.002767"/>
</kw>
<kw name="Set Environment Variable" owner="OperatingSystem">
<msg time="2026-03-08T17:12:42.638060" level="INFO">Environment variable 'ANDROID_DEVICE_NAME' set to value 'Google Pixel 9'.</msg>
<arg>ANDROID_DEVICE_NAME</arg>
<arg>${Load Prop}[AndroidDeviceName]</arg>
<doc>Sets an environment variable to a specified value.</doc>
<status status="PASS" start="2026-03-08T17:12:42.623417" elapsed="0.014643"/>
</kw>
<kw name="Set Environment Variable" owner="OperatingSystem">
<msg time="2026-03-08T17:12:42.639581" level="INFO">Environment variable 'IOS_DEVICE_NAME' set to value 'iPhone 16'.</msg>
<arg>IOS_DEVICE_NAME</arg>
<arg>${Load Prop}[iOSDeviceName]</arg>
<doc>Sets an environment variable to a specified value.</doc>
<status status="PASS" start="2026-03-08T17:12:42.638060" elapsed="0.001521"/>
</kw>
<kw name="Set Environment Variable" owner="OperatingSystem">
<msg time="2026-03-08T17:12:42.652710" level="INFO">Environment variable 'CONNECTION_URL' set to value 'http://sundarn1:P07oQRc8akOpHI5hvIyW@hub-cloud.browserstack.com/wd/hub'.</msg>
<arg>CONNECTION_URL</arg>
<arg>${Load Prop}[ConnectionURL]</arg>
<doc>Sets an environment variable to a specified value.</doc>
<status status="PASS" start="2026-03-08T17:12:42.640602" elapsed="0.013129"/>
</kw>
<kw name="Set Environment Variable" owner="OperatingSystem">
<msg time="2026-03-08T17:12:42.657470" level="INFO">Environment variable 'TEST_TYPE' set to value 'smoke'.</msg>
<arg>TEST_TYPE</arg>
<arg>${Load Prop}[TestType]</arg>
<doc>Sets an environment variable to a specified value.</doc>
<status status="PASS" start="2026-03-08T17:12:42.656453" elapsed="0.001017"/>
</kw>
<kw name="Set Environment Variable" owner="OperatingSystem">
<msg time="2026-03-08T17:12:42.658892" level="INFO">Environment variable 'USER_ACCOUNT' set to value 'Batch1'.</msg>
<arg>USER_ACCOUNT</arg>
<arg>${Load Prop}[UserAccount]</arg>
<doc>Sets an environment variable to a specified value.</doc>
<status status="PASS" start="2026-03-08T17:12:42.658892" elapsed="0.000000"/>
</kw>
<kw name="Set Environment Variable" owner="OperatingSystem">
<msg time="2026-03-08T17:12:42.659908" level="INFO">Environment variable 'PIPELINE_EXECUTION' set to value 'false'.</msg>
<arg>PIPELINE_EXECUTION</arg>
<arg>${Load Prop}[PIPELINE_EXECUTION]</arg>
<doc>Sets an environment variable to a specified value.</doc>
<status status="PASS" start="2026-03-08T17:12:42.659908" elapsed="0.000000"/>
</kw>
<kw name="Set Environment Variable" owner="OperatingSystem">
<msg time="2026-03-08T17:12:42.661496" level="INFO">Environment variable 'MOBILE_VIEW' set to value 'NA'.</msg>
<arg>MOBILE_VIEW</arg>
<arg>${Load Prop}[QA_URL]</arg>
<doc>Sets an environment variable to a specified value.</doc>
<status status="PASS" start="2026-03-08T17:12:42.661496" elapsed="0.000000"/>
</kw>
<kw name="Set Environment Variable" owner="OperatingSystem">
<msg time="2026-03-08T17:12:42.663544" level="INFO">Environment variable 'EXECUTION_PLATFORM' set to value 'Mobile'.</msg>
<arg>EXECUTION_PLATFORM</arg>
<arg>${Load Prop}[ExecutionPlatform]</arg>
<doc>Sets an environment variable to a specified value.</doc>
<status status="PASS" start="2026-03-08T17:12:42.662518" elapsed="0.001026"/>
</kw>
<kw name="Set Environment Variable" owner="OperatingSystem">
<msg time="2026-03-08T17:12:42.664536" level="INFO">Environment variable 'APP_URL' set to value 'NA'.</msg>
<arg>APP_URL</arg>
<arg>${Load Prop}[App_URL]</arg>
<doc>Sets an environment variable to a specified value.</doc>
<status status="PASS" start="2026-03-08T17:12:42.663544" elapsed="0.000992"/>
</kw>
<kw name="Set Environment Variable" owner="OperatingSystem">
<msg time="2026-03-08T17:12:42.665535" level="INFO">Environment variable 'BROWSER' set to value 'chrome'.</msg>
<arg>BROWSER</arg>
<arg>${Load Prop}[Browser]</arg>
<doc>Sets an environment variable to a specified value.</doc>
<status status="PASS" start="2026-03-08T17:12:42.664536" elapsed="0.000999"/>
</kw>
<kw name="Set Environment Variable" owner="OperatingSystem">
<msg time="2026-03-08T17:12:42.665535" level="INFO">Environment variable 'MOBILE_VIEW' set to value 'NA'.</msg>
<arg>MOBILE_VIEW</arg>
<arg>${Load Prop}[QA_URL]</arg>
<doc>Sets an environment variable to a specified value.</doc>
<status status="PASS" start="2026-03-08T17:12:42.665535" elapsed="0.000000"/>
</kw>
<kw name="Set Environment Variable" owner="OperatingSystem">
<msg time="2026-03-08T17:12:42.667626" level="INFO">Environment variable 'CaptureScreenShotsOnlyForFailure' set to value 'False'.</msg>
<arg>CaptureScreenShotsOnlyForFailure</arg>
<arg>${Load Prop}[CaptureScreenShotsOnlyForFailure]</arg>
<doc>Sets an environment variable to a specified value.</doc>
<status status="PASS" start="2026-03-08T17:12:42.667048" elapsed="0.000578"/>
</kw>
<kw name="Set Environment Variable" owner="OperatingSystem">
<msg time="2026-03-08T17:12:42.668653" level="INFO">Environment variable 'BASE_URL' set to value 'https://qaic3messaging.myicomfort.com'.</msg>
<arg>BASE_URL</arg>
<arg>${Load Prop}[BASE_URL]</arg>
<doc>Sets an environment variable to a specified value.</doc>
<status status="PASS" start="2026-03-08T17:12:42.667626" elapsed="0.001027"/>
</kw>
<kw name="Log" owner="BuiltIn">
<msg time="2026-03-08T17:12:42.670163" level="INFO">Execution Platform is Android</msg>
<arg>Execution Platform is ${Load Prop}[OS_ExecutionPlatform]</arg>
<doc>Logs the given message with the given level.</doc>
<status status="PASS" start="2026-03-08T17:12:42.669647" elapsed="0.000516"/>
</kw>
<if>
<branch type="IF" condition="&quot;${Load Prop}[OS_ExecutionPlatform]&quot; == &quot;Android&quot;">
<kw name="Set Environment Variable" owner="OperatingSystem">
<msg time="2026-03-08T17:12:42.671688" level="INFO">Environment variable 'DEVICE_NAME' set to value 'Google Pixel 9'.</msg>
<arg>DEVICE_NAME</arg>
<arg>${Load Prop}[AndroidDeviceName]</arg>
<doc>Sets an environment variable to a specified value.</doc>
<status status="PASS" start="2026-03-08T17:12:42.671688" elapsed="0.000000"/>
</kw>
<kw name="Set Environment Variable" owner="OperatingSystem">
<msg time="2026-03-08T17:12:42.672706" level="INFO">Environment variable 'APP_PATH' set to value 'bs://859d7a576761fdfdd40c4127fba9effb9f8dab6d'.</msg>
<arg>APP_PATH</arg>
<arg>${Load Prop}[App_Path_Android]</arg>
<doc>Sets an environment variable to a specified value.</doc>
<status status="PASS" start="2026-03-08T17:12:42.671688" elapsed="0.001018"/>
</kw>
<status status="PASS" start="2026-03-08T17:12:42.670163" elapsed="0.002543"/>
</branch>
<branch type="ELSE">
<kw name="Set Environment Variable" owner="OperatingSystem">
<arg>DEVICE_NAME</arg>
<arg>${Load Prop}[iOSDeviceName]</arg>
<doc>Sets an environment variable to a specified value.</doc>
<status status="NOT RUN" start="2026-03-08T17:12:42.672706" elapsed="0.000000"/>
</kw>
<kw name="Set Environment Variable" owner="OperatingSystem">
<arg>APP_PATH</arg>
<arg>${Load Prop}[App_Path_iOS]</arg>
<doc>Sets an environment variable to a specified value.</doc>
<status status="NOT RUN" start="2026-03-08T17:12:42.673730" elapsed="0.000000"/>
</kw>
<status status="NOT RUN" start="2026-03-08T17:12:42.672706" elapsed="0.001024"/>
</branch>
<status status="PASS" start="2026-03-08T17:12:42.670163" elapsed="0.003567"/>
</if>
<return>
<value>&amp;{Load Prop}</value>
<status status="PASS" start="2026-03-08T17:12:42.673730" elapsed="0.000000"/>
</return>
<msg time="2026-03-08T17:12:42.674724" level="INFO">&amp;{prop} = { ConnectionURL=http://sundarn1:P07oQRc8akOpHI5hvIyW@hub-cloud.browserstack.com/wd/hub | App_Environment=QA | TestType=smoke | App_Version=Android - Version 3.95.019 (92) &amp; iOS - 3.95.026 (72) | QA_UR...</msg>
<var>&amp;{prop}</var>
<doc>Keyword wrapper to load the properties file</doc>
<status status="PASS" start="2026-03-08T17:12:42.553395" elapsed="0.121329"/>
</kw>
<kw name="Load Test Data From File" owner="DataUtility">
<kw name="Log To Console" owner="BuiltIn">
<arg>"Inside Load Testdata from file"</arg>
<doc>Logs the given message to the console.</doc>
<status status="PASS" start="2026-03-08T17:12:42.677739" elapsed="0.000519"/>
</kw>
<kw name="Generate Random String" owner="String">
<msg time="2026-03-08T17:12:42.680801" level="INFO">${doc_id} = 2463</msg>
<var>${doc_id}</var>
<arg>4</arg>
<arg>0123456789</arg>
<doc>Generates a string with a desired ``length`` from the given ``chars``.</doc>
<status status="PASS" start="2026-03-08T17:12:42.679782" elapsed="0.001019"/>
</kw>
<kw name="Convert To Lower Case" owner="String">
<msg time="2026-03-08T17:12:42.680801" level="INFO">${TEST_TYPE} = smoke</msg>
<var>${TEST_TYPE}</var>
<arg>%{TEST_TYPE}</arg>
<doc>Converts string to lower case.</doc>
<status status="PASS" start="2026-03-08T17:12:42.680801" elapsed="0.000000"/>
</kw>
<kw name="Open Excel Document" owner="ExcelLibrary">
<arg>${TESTDATA FILE PATH}\\${TEST_TYPE}\\${FileName}</arg>
<arg>${doc_id}</arg>
<doc>Opens xlsx document file.</doc>
<status status="PASS" start="2026-03-08T17:12:42.682426" elapsed="14.207958"/>
</kw>
<kw name="Read Excel Row" owner="ExcelLibrary">
<msg time="2026-03-08T17:12:56.891379" level="INFO">@{FIRST ROW COLUMN VALUE} = [ Execute | UniqueID | TestcaseID | TestcaseName | UserName ]</msg>
<var>@{FIRST ROW COLUMN VALUE}</var>
<arg>row_num=1</arg>
<arg>sheet_name=${Sheet Name}</arg>
<doc>Returns content of a row from the current sheet of the document.</doc>
<status status="PASS" start="2026-03-08T17:12:56.891379" elapsed="0.000000"/>
</kw>
<kw name="Log To Console" owner="BuiltIn">
<arg>"Inside Load Testdata from file... 1"</arg>
<doc>Logs the given message to the console.</doc>
<status status="PASS" start="2026-03-08T17:12:56.891379" elapsed="0.001653"/>
</kw>
<for flavor="IN ENUMERATE" start="1">
<iter>
<if>
<branch type="IF" condition="'${item}' == 'UniqueID'">
<kw name="Set Variable" owner="BuiltIn">
<var>${colmn_num}</var>
<arg>${index}</arg>
<doc>Returns the given values which can then be assigned to a variables.</doc>
<status status="NOT RUN" start="2026-03-08T17:12:56.894762" elapsed="0.000000"/>
</kw>
<kw name="Exit For Loop" owner="BuiltIn">
<doc>Stops executing the enclosing FOR loop.</doc>
<status status="NOT RUN" start="2026-03-08T17:12:56.894762" elapsed="0.000000"/>
</kw>
<status status="NOT RUN" start="2026-03-08T17:12:56.894762" elapsed="0.001687"/>
</branch>
<status status="PASS" start="2026-03-08T17:12:56.894762" elapsed="0.001687"/>
</if>
<var name="${index}">1</var>
<var name="${item}">Execute</var>
<status status="PASS" start="2026-03-08T17:12:56.894762" elapsed="0.001687"/>
</iter>
<iter>
<if>
<branch type="IF" condition="'${item}' == 'UniqueID'">
<kw name="Set Variable" owner="BuiltIn">
<msg time="2026-03-08T17:12:56.897524" level="INFO">${colmn_num} = 2</msg>
<var>${colmn_num}</var>
<arg>${index}</arg>
<doc>Returns the given values which can then be assigned to a variables.</doc>
<status status="PASS" start="2026-03-08T17:12:56.897524" elapsed="0.000000"/>
</kw>
<kw name="Exit For Loop" owner="BuiltIn">
<msg time="2026-03-08T17:12:56.899079" level="INFO">Exiting for loop altogether.</msg>
<doc>Stops executing the enclosing FOR loop.</doc>
<status status="PASS" start="2026-03-08T17:12:56.897524" elapsed="0.001555"/>
</kw>
<status status="PASS" start="2026-03-08T17:12:56.896449" elapsed="0.002630"/>
</branch>
<status status="PASS" start="2026-03-08T17:12:56.896449" elapsed="0.002630"/>
</if>
<var name="${index}">2</var>
<var name="${item}">UniqueID</var>
<status status="PASS" start="2026-03-08T17:12:56.896449" elapsed="0.002630"/>
</iter>
<var>${index}</var>
<var>${item}</var>
<value>@{FIRST ROW COLUMN VALUE}</value>
<status status="PASS" start="2026-03-08T17:12:56.894089" elapsed="0.004990"/>
</for>
<kw name="Run Keyword And Return Status" owner="BuiltIn">
<kw name="Evaluate" owner="BuiltIn">
<arg>${colmn_num} in globals()</arg>
<doc>Evaluates the given expression in Python and returns the result.</doc>
<status status="PASS" start="2026-03-08T17:12:56.900673" elapsed="0.001149"/>
</kw>
<msg time="2026-03-08T17:12:56.901822" level="INFO">${Column_name_exist} = True</msg>
<var>${Column_name_exist}</var>
<arg>Evaluate</arg>
<arg>${colmn_num} in globals()</arg>
<doc>Runs the specified keyword and returns the status as a Boolean value.</doc>
<status status="PASS" start="2026-03-08T17:12:56.899079" elapsed="0.002743"/>
</kw>
<if>
<branch type="IF" condition="not ${Column_name_exist}">
<kw name="Fail" owner="BuiltIn">
<arg>Given first row column header name 'TestcaseID' not exists in the following xls/xlsx file '${File Name}'</arg>
<doc>Fails the test with the given message and optionally alters its tags.</doc>
<status status="NOT RUN" start="2026-03-08T17:12:56.902737" elapsed="0.000000"/>
</kw>
<status status="NOT RUN" start="2026-03-08T17:12:56.901822" elapsed="0.000915"/>
</branch>
<status status="PASS" start="2026-03-08T17:12:56.901822" elapsed="0.000915"/>
</if>
<kw name="Log To Console" owner="BuiltIn">
<arg>"Inside Load Testdata from file... 2"</arg>
<doc>Logs the given message to the console.</doc>
<status status="PASS" start="2026-03-08T17:12:56.902737" elapsed="0.001607"/>
</kw>
<kw name="Read Excel Column" owner="ExcelLibrary">
<msg time="2026-03-08T17:12:56.905434" level="INFO">@{COLUMN VALUE} = [ UniqueID | ServiceDashboard0001 ]</msg>
<var>@{COLUMN VALUE}</var>
<arg>col_num=${colmn_num}</arg>
<arg>sheet_name=${Sheet Name}</arg>
<doc>Returns content of a column from the current sheet of the document.</doc>
<status status="PASS" start="2026-03-08T17:12:56.904344" elapsed="0.001090"/>
</kw>
<kw name="Get Length" owner="BuiltIn">
<msg time="2026-03-08T17:12:56.906435" level="INFO">Length is 2.</msg>
<msg time="2026-03-08T17:12:56.906435" level="INFO">${ROW COUNT} = 2</msg>
<var>${ROW COUNT}</var>
<arg>${COLUMN VALUE}</arg>
<doc>Returns and logs the length of the given item as an integer.</doc>
<status status="PASS" start="2026-03-08T17:12:56.905434" elapsed="0.001001"/>
</kw>
<kw name="Get Index From List" owner="Collections">
<msg time="2026-03-08T17:12:56.907479" level="INFO">${TESTDATA ROW NUMBER} = -1</msg>
<var>${TESTDATA ROW NUMBER}</var>
<arg>${COLUMN VALUE}</arg>
<arg>${Row Name}</arg>
<doc>Returns the index of the first occurrence of the ``value`` on the list.</doc>
<status status="PASS" start="2026-03-08T17:12:56.907479" elapsed="0.000000"/>
</kw>
<kw name="Evaluate" owner="BuiltIn">
<msg time="2026-03-08T17:12:56.907479" level="INFO">${TESTDATA ROW NUMBER} = 0</msg>
<var>${TESTDATA ROW NUMBER}</var>
<arg>int(${TESTDATA ROW NUMBER}) + 1</arg>
<doc>Evaluates the given expression in Python and returns the result.</doc>
<status status="PASS" start="2026-03-08T17:12:56.907479" elapsed="0.001563"/>
</kw>
<kw name="Read Excel Row" owner="ExcelLibrary">
<msg time="2026-03-08T17:12:56.910108" level="INFO">@{SELECTED ROW VALUE} = [ Execute | UniqueID | TestcaseID | TestcaseName | UserName ]</msg>
<var>@{SELECTED ROW VALUE}</var>
<arg>row_num=${TESTDATA ROW NUMBER}</arg>
<arg>sheet_name=${Sheet Name}</arg>
<doc>Returns content of a row from the current sheet of the document.</doc>
<status status="PASS" start="2026-03-08T17:12:56.909042" elapsed="0.001066"/>
</kw>
<kw name="Read Excel Row" owner="ExcelLibrary">
<msg time="2026-03-08T17:12:56.911108" level="INFO">@{HEADER ROW VALUE} = [ Execute | UniqueID | TestcaseID | TestcaseName | UserName ]</msg>
<var>@{HEADER ROW VALUE}</var>
<arg>row_num=1</arg>
<arg>sheet_name=${Sheet Name}</arg>
<doc>Returns content of a row from the current sheet of the document.</doc>
<status status="PASS" start="2026-03-08T17:12:56.910108" elapsed="0.001000"/>
</kw>
<kw name="Log To Console" owner="BuiltIn">
<arg>"Inside Load Testdata from file... 3"</arg>
<doc>Logs the given message to the console.</doc>
<status status="PASS" start="2026-03-08T17:12:56.912117" elapsed="0.000000"/>
</kw>
<kw name="Convert Two List Into Dictionary" owner="DataUtility">
<kw name="Create Dictionary" owner="BuiltIn">
<msg time="2026-03-08T17:12:56.915385" level="INFO">&amp;{Dict Data} = { }</msg>
<var>&amp;{Dict Data}</var>
<doc>Creates and returns a dictionary based on the given ``items``.</doc>
<status status="PASS" start="2026-03-08T17:12:56.915385" elapsed="0.000000"/>
</kw>
<for flavor="IN ZIP">
<iter>
<kw name="Run Keyword And Return Status" owner="BuiltIn">
<kw name="Should Contain" owner="BuiltIn">
<msg time="2026-03-08T17:12:56.920652" level="FAIL">'Execute' does not contain '"'</msg>
<arg>${value}</arg>
<arg>"</arg>
<doc>Fails if ``container`` does not contain ``item`` one or more times.</doc>
<status status="FAIL" start="2026-03-08T17:12:56.919588" elapsed="0.001064">'Execute' does not contain '"'</status>
</kw>
<msg time="2026-03-08T17:12:56.921719" level="INFO">${STATUS} = False</msg>
<var>${STATUS}</var>
<arg>Should Contain</arg>
<arg>${value}</arg>
<arg>"</arg>
<doc>Runs the specified keyword and returns the status as a Boolean value.</doc>
<status status="PASS" start="2026-03-08T17:12:56.918016" elapsed="0.003703"/>
</kw>
<kw name="Run Keyword And Return Status" owner="BuiltIn">
<kw name="Should Contain" owner="BuiltIn">
<msg time="2026-03-08T17:12:56.924364" level="FAIL">'Execute' does not contain '''</msg>
<arg>${value}</arg>
<arg>'</arg>
<doc>Fails if ``container`` does not contain ``item`` one or more times.</doc>
<status status="FAIL" start="2026-03-08T17:12:56.922762" elapsed="0.001602">'Execute' does not contain '''</status>
</kw>
<msg time="2026-03-08T17:12:56.925422" level="INFO">${STATUS1} = False</msg>
<var>${STATUS1}</var>
<arg>Should Contain</arg>
<arg>${value}</arg>
<arg>'</arg>
<doc>Runs the specified keyword and returns the status as a Boolean value.</doc>
<status status="PASS" start="2026-03-08T17:12:56.922762" elapsed="0.002660"/>
</kw>
<if>
<branch type="IF" condition="not ${STATUS} and not ${STATUS1}">
<kw name="Evaluate" owner="BuiltIn">
<msg time="2026-03-08T17:12:56.926453" level="INFO">${value} = Execute</msg>
<var>${value}</var>
<arg>str('${value}')</arg>
<doc>Evaluates the given expression in Python and returns the result.</doc>
<status status="PASS" start="2026-03-08T17:12:56.926453" elapsed="0.000000"/>
</kw>
<status status="PASS" start="2026-03-08T17:12:56.925422" elapsed="0.002081"/>
</branch>
<status status="PASS" start="2026-03-08T17:12:56.925422" elapsed="0.002081"/>
</if>
<kw name="Strip String" owner="String">
<msg time="2026-03-08T17:12:56.927503" level="INFO">${value} = Execute</msg>
<var>${value}</var>
<arg>${value}</arg>
<doc>Remove leading and/or trailing whitespaces from the given string.</doc>
<status status="PASS" start="2026-03-08T17:12:56.927503" elapsed="0.000000"/>
</kw>
<if>
<branch type="IF" condition="'${key}' == 'Catalog'">
<kw name="Convert To Upper Case" owner="String">
<var>${value}</var>
<arg>${value}</arg>
<doc>Converts string to upper case.</doc>
<status status="NOT RUN" start="2026-03-08T17:12:56.929074" elapsed="0.000000"/>
</kw>
<status status="NOT RUN" start="2026-03-08T17:12:56.927503" elapsed="0.001571"/>
</branch>
<status status="PASS" start="2026-03-08T17:12:56.927503" elapsed="0.001571"/>
</if>
<kw name="Set To Dictionary" owner="Collections">
<arg>${Dict Data}</arg>
<arg>${Key}</arg>
<arg>${value}</arg>
<doc>Adds the given ``key_value_pairs`` and/or ``items`` to the ``dictionary``.</doc>
<status status="PASS" start="2026-03-08T17:12:56.929074" elapsed="0.001057"/>
</kw>
<var name="${key}">Execute</var>
<var name="${value}">Execute</var>
<status status="PASS" start="2026-03-08T17:12:56.916949" elapsed="0.013182"/>
</iter>
<iter>
<kw name="Run Keyword And Return Status" owner="BuiltIn">
<kw name="Should Contain" owner="BuiltIn">
<msg time="2026-03-08T17:12:56.932140" level="FAIL">'UniqueID' does not contain '"'</msg>
<arg>${value}</arg>
<arg>"</arg>
<doc>Fails if ``container`` does not contain ``item`` one or more times.</doc>
<status status="FAIL" start="2026-03-08T17:12:56.932140" elapsed="0.000000">'UniqueID' does not contain '"'</status>
</kw>
<msg time="2026-03-08T17:12:56.932140" level="INFO">${STATUS} = False</msg>
<var>${STATUS}</var>
<arg>Should Contain</arg>
<arg>${value}</arg>
<arg>"</arg>
<doc>Runs the specified keyword and returns the status as a Boolean value.</doc>
<status status="PASS" start="2026-03-08T17:12:56.931147" elapsed="0.000993"/>
</kw>
<kw name="Run Keyword And Return Status" owner="BuiltIn">
<kw name="Should Contain" owner="BuiltIn">
<msg time="2026-03-08T17:12:56.933803" level="FAIL">'UniqueID' does not contain '''</msg>
<arg>${value}</arg>
<arg>'</arg>
<doc>Fails if ``container`` does not contain ``item`` one or more times.</doc>
<status status="FAIL" start="2026-03-08T17:12:56.933803" elapsed="0.000000">'UniqueID' does not contain '''</status>
</kw>
<msg time="2026-03-08T17:12:56.933803" level="INFO">${STATUS1} = False</msg>
<var>${STATUS1}</var>
<arg>Should Contain</arg>
<arg>${value}</arg>
<arg>'</arg>
<doc>Runs the specified keyword and returns the status as a Boolean value.</doc>
<status status="PASS" start="2026-03-08T17:12:56.933237" elapsed="0.000566"/>
</kw>
<if>
<branch type="IF" condition="not ${STATUS} and not ${STATUS1}">
<kw name="Evaluate" owner="BuiltIn">
<msg time="2026-03-08T17:12:56.935485" level="INFO">${value} = UniqueID</msg>
<var>${value}</var>
<arg>str('${value}')</arg>
<doc>Evaluates the given expression in Python and returns the result.</doc>
<status status="PASS" start="2026-03-08T17:12:56.935485" elapsed="0.000000"/>
</kw>
<status status="PASS" start="2026-03-08T17:12:56.934916" elapsed="0.002132"/>
</branch>
<status status="PASS" start="2026-03-08T17:12:56.934916" elapsed="0.002132"/>
</if>
<kw name="Strip String" owner="String">
<msg time="2026-03-08T17:12:56.937048" level="INFO">${value} = UniqueID</msg>
<var>${value}</var>
<arg>${value}</arg>
<doc>Remove leading and/or trailing whitespaces from the given string.</doc>
<status status="PASS" start="2026-03-08T17:12:56.937048" elapsed="0.000000"/>
</kw>
<if>
<branch type="IF" condition="'${key}' == 'Catalog'">
<kw name="Convert To Upper Case" owner="String">
<var>${value}</var>
<arg>${value}</arg>
<doc>Converts string to upper case.</doc>
<status status="NOT RUN" start="2026-03-08T17:12:56.938643" elapsed="0.000000"/>
</kw>
<status status="NOT RUN" start="2026-03-08T17:12:56.938643" elapsed="0.000697"/>
</branch>
<status status="PASS" start="2026-03-08T17:12:56.937048" elapsed="0.002292"/>
</if>
<kw name="Set To Dictionary" owner="Collections">
<arg>${Dict Data}</arg>
<arg>${Key}</arg>
<arg>${value}</arg>
<doc>Adds the given ``key_value_pairs`` and/or ``items`` to the ``dictionary``.</doc>
<status status="PASS" start="2026-03-08T17:12:56.939340" elapsed="0.002075"/>
</kw>
<var name="${key}">UniqueID</var>
<var name="${value}">UniqueID</var>
<status status="PASS" start="2026-03-08T17:12:56.931147" elapsed="0.010268"/>
</iter>
<iter>
<kw name="Run Keyword And Return Status" owner="BuiltIn">
<kw name="Should Contain" owner="BuiltIn">
<msg time="2026-03-08T17:12:56.947862" level="FAIL">'TestcaseID' does not contain '"'</msg>
<arg>${value}</arg>
<arg>"</arg>
<doc>Fails if ``container`` does not contain ``item`` one or more times.</doc>
<status status="FAIL" start="2026-03-08T17:12:56.945707" elapsed="0.002155">'TestcaseID' does not contain '"'</status>
</kw>
<msg time="2026-03-08T17:12:56.947862" level="INFO">${STATUS} = False</msg>
<var>${STATUS}</var>
<arg>Should Contain</arg>
<arg>${value}</arg>
<arg>"</arg>
<doc>Runs the specified keyword and returns the status as a Boolean value.</doc>
<status status="PASS" start="2026-03-08T17:12:56.944036" elapsed="0.004825"/>
</kw>
<kw name="Run Keyword And Return Status" owner="BuiltIn">
<kw name="Should Contain" owner="BuiltIn">
<msg time="2026-03-08T17:12:56.953057" level="FAIL">'TestcaseID' does not contain '''</msg>
<arg>${value}</arg>
<arg>'</arg>
<doc>Fails if ``container`` does not contain ``item`` one or more times.</doc>
<status status="FAIL" start="2026-03-08T17:12:56.950992" elapsed="0.002065">'TestcaseID' does not contain '''</status>
</kw>
<msg time="2026-03-08T17:12:56.953057" level="INFO">${STATUS1} = False</msg>
<var>${STATUS1}</var>
<arg>Should Contain</arg>
<arg>${value}</arg>
<arg>'</arg>
<doc>Runs the specified keyword and returns the status as a Boolean value.</doc>
<status status="PASS" start="2026-03-08T17:12:56.948861" elapsed="0.004196"/>
</kw>
<if>
<branch type="IF" condition="not ${STATUS} and not ${STATUS1}">
<kw name="Evaluate" owner="BuiltIn">
<msg time="2026-03-08T17:12:56.957685" level="INFO">${value} = TestcaseID</msg>
<var>${value}</var>
<arg>str('${value}')</arg>
<doc>Evaluates the given expression in Python and returns the result.</doc>
<status status="PASS" start="2026-03-08T17:12:56.955680" elapsed="0.002981"/>
</kw>
<status status="PASS" start="2026-03-08T17:12:56.954054" elapsed="0.004607"/>
</branch>
<status status="PASS" start="2026-03-08T17:12:56.954054" elapsed="0.005165"/>
</if>
<kw name="Strip String" owner="String">
<msg time="2026-03-08T17:12:56.960258" level="INFO">${value} = TestcaseID</msg>
<var>${value}</var>
<arg>${value}</arg>
<doc>Remove leading and/or trailing whitespaces from the given string.</doc>
<status status="PASS" start="2026-03-08T17:12:56.960258" elapsed="0.001016"/>
</kw>
<if>
<branch type="IF" condition="'${key}' == 'Catalog'">
<kw name="Convert To Upper Case" owner="String">
<var>${value}</var>
<arg>${value}</arg>
<doc>Converts string to upper case.</doc>
<status status="NOT RUN" start="2026-03-08T17:12:56.962840" elapsed="0.000000"/>
</kw>
<status status="NOT RUN" start="2026-03-08T17:12:56.961274" elapsed="0.001566"/>
</branch>
<status status="PASS" start="2026-03-08T17:12:56.961274" elapsed="0.001566"/>
</if>
<kw name="Set To Dictionary" owner="Collections">
<arg>${Dict Data}</arg>
<arg>${Key}</arg>
<arg>${value}</arg>
<doc>Adds the given ``key_value_pairs`` and/or ``items`` to the ``dictionary``.</doc>
<status status="PASS" start="2026-03-08T17:12:56.962840" elapsed="0.001063"/>
</kw>
<var name="${key}">TestcaseID</var>
<var name="${value}">TestcaseID</var>
<status status="PASS" start="2026-03-08T17:12:56.942970" elapsed="0.020933"/>
</iter>
<iter>
<kw name="Run Keyword And Return Status" owner="BuiltIn">
<kw name="Should Contain" owner="BuiltIn">
<msg time="2026-03-08T17:12:56.965520" level="FAIL">'TestcaseName' does not contain '"'</msg>
<arg>${value}</arg>
<arg>"</arg>
<doc>Fails if ``container`` does not contain ``item`` one or more times.</doc>
<status status="FAIL" start="2026-03-08T17:12:56.965520" elapsed="0.000000">'TestcaseName' does not contain '"'</status>
</kw>
<msg time="2026-03-08T17:12:56.965520" level="INFO">${STATUS} = False</msg>
<var>${STATUS}</var>
<arg>Should Contain</arg>
<arg>${value}</arg>
<arg>"</arg>
<doc>Runs the specified keyword and returns the status as a Boolean value.</doc>
<status status="PASS" start="2026-03-08T17:12:56.964959" elapsed="0.002124"/>
</kw>
<kw name="Run Keyword And Return Status" owner="BuiltIn">
<kw name="Should Contain" owner="BuiltIn">
<msg time="2026-03-08T17:12:56.968650" level="FAIL">'TestcaseName' does not contain '''</msg>
<arg>${value}</arg>
<arg>'</arg>
<doc>Fails if ``container`` does not contain ``item`` one or more times.</doc>
<status status="FAIL" start="2026-03-08T17:12:56.967083" elapsed="0.002621">'TestcaseName' does not contain '''</status>
</kw>
<msg time="2026-03-08T17:12:56.969704" level="INFO">${STATUS1} = False</msg>
<var>${STATUS1}</var>
<arg>Should Contain</arg>
<arg>${value}</arg>
<arg>'</arg>
<doc>Runs the specified keyword and returns the status as a Boolean value.</doc>
<status status="PASS" start="2026-03-08T17:12:56.967083" elapsed="0.002621"/>
</kw>
<if>
<branch type="IF" condition="not ${STATUS} and not ${STATUS1}">
<kw name="Evaluate" owner="BuiltIn">
<msg time="2026-03-08T17:12:56.972717" level="INFO">${value} = TestcaseName</msg>
<var>${value}</var>
<arg>str('${value}')</arg>
<doc>Evaluates the given expression in Python and returns the result.</doc>
<status status="PASS" start="2026-03-08T17:12:56.970703" elapsed="0.002014"/>
</kw>
<status status="PASS" start="2026-03-08T17:12:56.969704" elapsed="0.003013"/>
</branch>
<status status="PASS" start="2026-03-08T17:12:56.969704" elapsed="0.003013"/>
</if>
<kw name="Strip String" owner="String">
<msg time="2026-03-08T17:12:56.973720" level="INFO">${value} = TestcaseName</msg>
<var>${value}</var>
<arg>${value}</arg>
<doc>Remove leading and/or trailing whitespaces from the given string.</doc>
<status status="PASS" start="2026-03-08T17:12:56.972717" elapsed="0.001003"/>
</kw>
<if>
<branch type="IF" condition="'${key}' == 'Catalog'">
<kw name="Convert To Upper Case" owner="String">
<var>${value}</var>
<arg>${value}</arg>
<doc>Converts string to upper case.</doc>
<status status="NOT RUN" start="2026-03-08T17:12:56.974372" elapsed="0.000000"/>
</kw>
<status status="NOT RUN" start="2026-03-08T17:12:56.973720" elapsed="0.000652"/>
</branch>
<status status="PASS" start="2026-03-08T17:12:56.973720" elapsed="0.001224"/>
</if>
<kw name="Set To Dictionary" owner="Collections">
<arg>${Dict Data}</arg>
<arg>${Key}</arg>
<arg>${value}</arg>
<doc>Adds the given ``key_value_pairs`` and/or ``items`` to the ``dictionary``.</doc>
<status status="PASS" start="2026-03-08T17:12:56.974944" elapsed="0.001112"/>
</kw>
<var name="${key}">TestcaseName</var>
<var name="${value}">TestcaseName</var>
<status status="PASS" start="2026-03-08T17:12:56.963903" elapsed="0.012153"/>
</iter>
<iter>
<kw name="Run Keyword And Return Status" owner="BuiltIn">
<kw name="Should Contain" owner="BuiltIn">
<msg time="2026-03-08T17:12:56.979246" level="FAIL">'UserName' does not contain '"'</msg>
<arg>${value}</arg>
<arg>"</arg>
<doc>Fails if ``container`` does not contain ``item`` one or more times.</doc>
<status status="FAIL" start="2026-03-08T17:12:56.977627" elapsed="0.001619">'UserName' does not contain '"'</status>
</kw>
<msg time="2026-03-08T17:12:56.979246" level="INFO">${STATUS} = False</msg>
<var>${STATUS}</var>
<arg>Should Contain</arg>
<arg>${value}</arg>
<arg>"</arg>
<doc>Runs the specified keyword and returns the status as a Boolean value.</doc>
<status status="PASS" start="2026-03-08T17:12:56.977061" elapsed="0.002185"/>
</kw>
<kw name="Run Keyword And Return Status" owner="BuiltIn">
<kw name="Should Contain" owner="BuiltIn">
<msg time="2026-03-08T17:12:56.981869" level="FAIL">'UserName' does not contain '''</msg>
<arg>${value}</arg>
<arg>'</arg>
<doc>Fails if ``container`` does not contain ``item`` one or more times.</doc>
<status status="FAIL" start="2026-03-08T17:12:56.981869" elapsed="0.000000">'UserName' does not contain '''</status>
</kw>
<msg time="2026-03-08T17:12:56.982868" level="INFO">${STATUS1} = False</msg>
<var>${STATUS1}</var>
<arg>Should Contain</arg>
<arg>${value}</arg>
<arg>'</arg>
<doc>Runs the specified keyword and returns the status as a Boolean value.</doc>
<status status="PASS" start="2026-03-08T17:12:56.980807" elapsed="0.002061"/>
</kw>
<if>
<branch type="IF" condition="not ${STATUS} and not ${STATUS1}">
<kw name="Evaluate" owner="BuiltIn">
<msg time="2026-03-08T17:12:56.983867" level="INFO">${value} = UserName</msg>
<var>${value}</var>
<arg>str('${value}')</arg>
<doc>Evaluates the given expression in Python and returns the result.</doc>
<status status="PASS" start="2026-03-08T17:12:56.982868" elapsed="0.000999"/>
</kw>
<status status="PASS" start="2026-03-08T17:12:56.982868" elapsed="0.001566"/>
</branch>
<status status="PASS" start="2026-03-08T17:12:56.982868" elapsed="0.001566"/>
</if>
<kw name="Strip String" owner="String">
<msg time="2026-03-08T17:12:56.985489" level="INFO">${value} = UserName</msg>
<var>${value}</var>
<arg>${value}</arg>
<doc>Remove leading and/or trailing whitespaces from the given string.</doc>
<status status="PASS" start="2026-03-08T17:12:56.984434" elapsed="0.001055"/>
</kw>
<if>
<branch type="IF" condition="'${key}' == 'Catalog'">
<kw name="Convert To Upper Case" owner="String">
<var>${value}</var>
<arg>${value}</arg>
<doc>Converts string to upper case.</doc>
<status status="NOT RUN" start="2026-03-08T17:12:56.985489" elapsed="0.000000"/>
</kw>
<status status="NOT RUN" start="2026-03-08T17:12:56.985489" elapsed="0.000993"/>
</branch>
<status status="PASS" start="2026-03-08T17:12:56.985489" elapsed="0.000993"/>
</if>
<kw name="Set To Dictionary" owner="Collections">
<arg>${Dict Data}</arg>
<arg>${Key}</arg>
<arg>${value}</arg>
<doc>Adds the given ``key_value_pairs`` and/or ``items`` to the ``dictionary``.</doc>
<status status="PASS" start="2026-03-08T17:12:56.986482" elapsed="0.000997"/>
</kw>
<var name="${key}">UserName</var>
<var name="${value}">UserName</var>
<status status="PASS" start="2026-03-08T17:12:56.976056" elapsed="0.011423"/>
</iter>
<var>${key}</var>
<var>${value}</var>
<value>${LIST1}</value>
<value>${LIST2}</value>
<status status="PASS" start="2026-03-08T17:12:56.915385" elapsed="0.072094"/>
</for>
<return>
<value>&amp;{Dict Data}</value>
<status status="PASS" start="2026-03-08T17:12:56.987479" elapsed="0.000000"/>
</return>
<msg time="2026-03-08T17:12:56.987479" level="INFO">&amp;{TEST DATA DICT} = { Execute=Execute | UniqueID=UniqueID | TestcaseID=TestcaseID | TestcaseName=TestcaseName | UserName=UserName }</msg>
<var>&amp;{TEST DATA DICT}</var>
<arg>${HEADER ROW VALUE}</arg>
<arg>${SELECTED ROW VALUE}</arg>
<doc>keyword wrapper to convert the two list into dictionary</doc>
<status status="PASS" start="2026-03-08T17:12:56.913721" elapsed="0.073758"/>
</kw>
<kw name="Set Environment Variable" owner="OperatingSystem">
<msg time="2026-03-08T17:12:56.997032" level="INFO">Environment variable 'EXECUTE_TEST' set to value 'Execute'.</msg>
<arg>EXECUTE_TEST</arg>
<arg>${TEST DATA DICT.Execute}</arg>
<doc>Sets an environment variable to a specified value.</doc>
<status status="PASS" start="2026-03-08T17:12:56.989032" elapsed="0.008000"/>
</kw>
<kw name="Close Current Excel Document" owner="ExcelLibrary">
<doc>Closes current document.</doc>
<status status="PASS" start="2026-03-08T17:12:56.998095" elapsed="0.000553"/>
</kw>
<if>
<branch type="IF" condition="'${TEST DATA DICT.UserName}' != 'None'">
<if>
<branch type="IF" condition="${USER_DATA} == {}">
<kw name="Load Login Credential From User Credential File" owner="DataUtility">
<kw name="Generate Random String" owner="String">
<msg time="2026-03-08T17:12:57.009586" level="INFO">${doc_id} = a816</msg>
<var>${doc_id}</var>
<arg>4</arg>
<arg>0123456789abc</arg>
<doc>Generates a string with a desired ``length`` from the given ``chars``.</doc>
<status status="PASS" start="2026-03-08T17:12:57.009024" elapsed="0.000562"/>
</kw>
<kw name="Open Excel Document" owner="ExcelLibrary">
<arg>${USER CREDENTIAL FILE PATH}</arg>
<arg>${doc_id}</arg>
<doc>Opens xlsx document file.</doc>
<status status="PASS" start="2026-03-08T17:12:57.009586" elapsed="0.030920"/>
</kw>
<kw name="Create List" owner="BuiltIn">
<msg time="2026-03-08T17:12:57.041507" level="INFO">${PASSWORD_KEY} = []</msg>
<var>${PASSWORD_KEY}</var>
<doc>Returns a list containing given items.</doc>
<status status="PASS" start="2026-03-08T17:12:57.041507" elapsed="0.000000"/>
</kw>
<kw name="Read Excel Column" owner="ExcelLibrary">
<msg time="2026-03-08T17:12:57.043066" level="INFO">@{FIRST COLUMN VALUE} = [ UserName | serviceWA_User1 ]</msg>
<var>@{FIRST COLUMN VALUE}</var>
<arg>col_num=1</arg>
<arg>sheet_name=${Sheet Name}</arg>
<doc>Returns content of a column from the current sheet of the document.</doc>
<status status="PASS" start="2026-03-08T17:12:57.041507" elapsed="0.001559"/>
</kw>
<kw name="Read Excel Row" owner="ExcelLibrary">
<msg time="2026-03-08T17:12:57.043066" level="INFO">@{HEADER ROW VALUE} = [ UserName | Batch1 | Batch2 | Batch3 | Batch4 | Batch5 | Batch1_Password | Batch2_Password | Batch3_Password | Batch4_Password | Batch5_Password ]</msg>
<var>@{HEADER ROW VALUE}</var>
<arg>row_num=1</arg>
<arg>sheet_name=${Sheet Name}</arg>
<doc>Returns content of a row from the current sheet of the document.</doc>
<status status="PASS" start="2026-03-08T17:12:57.043066" elapsed="0.000000"/>
</kw>
<kw name="Get Length" owner="BuiltIn">
<msg time="2026-03-08T17:12:57.044130" level="INFO">Length is 11.</msg>
<msg time="2026-03-08T17:12:57.045189" level="INFO">${COLUMN COUNT} = 11</msg>
<var>${COLUMN COUNT}</var>
<arg>${HEADER ROW VALUE}</arg>
<doc>Returns and logs the length of the given item as an integer.</doc>
<status status="PASS" start="2026-03-08T17:12:57.044130" elapsed="0.001059"/>
</kw>
<kw name="Remove Given Index From List" owner="CollectionUtilities">
<msg time="2026-03-08T17:12:57.045751" level="INFO">@{USER_NAME_KEY} = [ serviceWA_User1 ]</msg>
<var>@{USER_NAME_KEY}</var>
<arg>${FIRST COLUMN VALUE}</arg>
<arg>0</arg>
<status status="PASS" start="2026-03-08T17:12:57.045751" elapsed="0.000000"/>
</kw>
<for flavor="IN ENUMERATE" start="1">
<iter>
<if>
<branch type="IF" condition="'${item}' == '${COLUMN_NAME}'">
<kw name="Set Variable" owner="BuiltIn">
<var>${col_num}</var>
<arg>${index}</arg>
<doc>Returns the given values which can then be assigned to a variables.</doc>
<status status="NOT RUN" start="2026-03-08T17:12:57.047312" elapsed="0.000000"/>
</kw>
<kw name="Exit For Loop" owner="BuiltIn">
<doc>Stops executing the enclosing FOR loop.</doc>
<status status="NOT RUN" start="2026-03-08T17:12:57.047312" elapsed="0.000000"/>
</kw>
<status status="NOT RUN" start="2026-03-08T17:12:57.047312" elapsed="0.000000"/>
</branch>
<status status="PASS" start="2026-03-08T17:12:57.047312" elapsed="0.000000"/>
</if>
<var name="${index}">1</var>
<var name="${item}">UserName</var>
<status status="PASS" start="2026-03-08T17:12:57.045751" elapsed="0.003128"/>
</iter>
<iter>
<if>
<branch type="IF" condition="'${item}' == '${COLUMN_NAME}'">
<kw name="Set Variable" owner="BuiltIn">
<msg time="2026-03-08T17:12:57.051944" level="INFO">${col_num} = 2</msg>
<var>${col_num}</var>
<arg>${index}</arg>
<doc>Returns the given values which can then be assigned to a variables.</doc>
<status status="PASS" start="2026-03-08T17:12:57.050945" elapsed="0.000999"/>
</kw>
<kw name="Exit For Loop" owner="BuiltIn">
<msg time="2026-03-08T17:12:57.052947" level="INFO">Exiting for loop altogether.</msg>
<doc>Stops executing the enclosing FOR loop.</doc>
<status status="PASS" start="2026-03-08T17:12:57.051944" elapsed="0.001003"/>
</kw>
<status status="PASS" start="2026-03-08T17:12:57.049949" elapsed="0.002998"/>
</branch>
<status status="PASS" start="2026-03-08T17:12:57.049949" elapsed="0.004001"/>
</if>
<var name="${index}">2</var>
<var name="${item}">Batch1</var>
<status status="PASS" start="2026-03-08T17:12:57.049949" elapsed="0.004001"/>
</iter>
<var>${index}</var>
<var>${item}</var>
<value>@{HEADER ROW VALUE}</value>
<status status="PASS" start="2026-03-08T17:12:57.045751" elapsed="0.008199"/>
</for>
<for flavor="IN ENUMERATE" start="1">
<iter>
<if>
<branch type="IF" condition="'${item}' == '${COLUMN_NAME}_Password'">
<kw name="Set Variable" owner="BuiltIn">
<var>${pass_col_num}</var>
<arg>${index}</arg>
<doc>Returns the given values which can then be assigned to a variables.</doc>
<status status="NOT RUN" start="2026-03-08T17:12:57.055582" elapsed="0.000000"/>
</kw>
<kw name="Exit For Loop" owner="BuiltIn">
<doc>Stops executing the enclosing FOR loop.</doc>
<status status="NOT RUN" start="2026-03-08T17:12:57.055582" elapsed="0.000000"/>
</kw>
<status status="NOT RUN" start="2026-03-08T17:12:57.055582" elapsed="0.000000"/>
</branch>
<status status="PASS" start="2026-03-08T17:12:57.055582" elapsed="0.000000"/>
</if>
<var name="${index}">1</var>
<var name="${item}">UserName</var>
<status status="PASS" start="2026-03-08T17:12:57.055582" elapsed="0.000000"/>
</iter>
<iter>
<if>
<branch type="IF" condition="'${item}' == '${COLUMN_NAME}_Password'">
<kw name="Set Variable" owner="BuiltIn">
<var>${pass_col_num}</var>
<arg>${index}</arg>
<doc>Returns the given values which can then be assigned to a variables.</doc>
<status status="NOT RUN" start="2026-03-08T17:12:57.057263" elapsed="0.000000"/>
</kw>
<kw name="Exit For Loop" owner="BuiltIn">
<doc>Stops executing the enclosing FOR loop.</doc>
<status status="NOT RUN" start="2026-03-08T17:12:57.057263" elapsed="0.000000"/>
</kw>
<status status="NOT RUN" start="2026-03-08T17:12:57.057263" elapsed="0.000000"/>
</branch>
<status status="PASS" start="2026-03-08T17:12:57.057263" elapsed="0.000000"/>
</if>
<var name="${index}">2</var>
<var name="${item}">Batch1</var>
<status status="PASS" start="2026-03-08T17:12:57.057263" elapsed="0.000000"/>
</iter>
<iter>
<if>
<branch type="IF" condition="'${item}' == '${COLUMN_NAME}_Password'">
<kw name="Set Variable" owner="BuiltIn">
<var>${pass_col_num}</var>
<arg>${index}</arg>
<doc>Returns the given values which can then be assigned to a variables.</doc>
<status status="NOT RUN" start="2026-03-08T17:12:57.060507" elapsed="0.000000"/>
</kw>
<kw name="Exit For Loop" owner="BuiltIn">
<doc>Stops executing the enclosing FOR loop.</doc>
<status status="NOT RUN" start="2026-03-08T17:12:57.060507" elapsed="0.000000"/>
</kw>
<status status="NOT RUN" start="2026-03-08T17:12:57.058905" elapsed="0.002666"/>
</branch>
<status status="PASS" start="2026-03-08T17:12:57.058905" elapsed="0.002666"/>
</if>
<var name="${index}">3</var>
<var name="${item}">Batch2</var>
<status status="PASS" start="2026-03-08T17:12:57.058905" elapsed="0.002666"/>
</iter>
<iter>
<if>
<branch type="IF" condition="'${item}' == '${COLUMN_NAME}_Password'">
<kw name="Set Variable" owner="BuiltIn">
<var>${pass_col_num}</var>
<arg>${index}</arg>
<doc>Returns the given values which can then be assigned to a variables.</doc>
<status status="NOT RUN" start="2026-03-08T17:12:57.063127" elapsed="0.000000"/>
</kw>
<kw name="Exit For Loop" owner="BuiltIn">
<doc>Stops executing the enclosing FOR loop.</doc>
<status status="NOT RUN" start="2026-03-08T17:12:57.063730" elapsed="0.000000"/>
</kw>
<status status="NOT RUN" start="2026-03-08T17:12:57.061571" elapsed="0.002159"/>
</branch>
<status status="PASS" start="2026-03-08T17:12:57.061571" elapsed="0.002159"/>
</if>
<var name="${index}">4</var>
<var name="${item}">Batch3</var>
<status status="PASS" start="2026-03-08T17:12:57.061571" elapsed="0.002159"/>
</iter>
<iter>
<if>
<branch type="IF" condition="'${item}' == '${COLUMN_NAME}_Password'">
<kw name="Set Variable" owner="BuiltIn">
<var>${pass_col_num}</var>
<arg>${index}</arg>
<doc>Returns the given values which can then be assigned to a variables.</doc>
<status status="NOT RUN" start="2026-03-08T17:12:57.065785" elapsed="0.000000"/>
</kw>
<kw name="Exit For Loop" owner="BuiltIn">
<doc>Stops executing the enclosing FOR loop.</doc>
<status status="NOT RUN" start="2026-03-08T17:12:57.065785" elapsed="0.000000"/>
</kw>
<status status="NOT RUN" start="2026-03-08T17:12:57.063730" elapsed="0.002055"/>
</branch>
<status status="PASS" start="2026-03-08T17:12:57.063730" elapsed="0.004059"/>
</if>
<var name="${index}">5</var>
<var name="${item}">Batch4</var>
<status status="PASS" start="2026-03-08T17:12:57.063730" elapsed="0.004059"/>
</iter>
<iter>
<if>
<branch type="IF" condition="'${item}' == '${COLUMN_NAME}_Password'">
<kw name="Set Variable" owner="BuiltIn">
<var>${pass_col_num}</var>
<arg>${index}</arg>
<doc>Returns the given values which can then be assigned to a variables.</doc>
<status status="NOT RUN" start="2026-03-08T17:12:57.069359" elapsed="0.000000"/>
</kw>
<kw name="Exit For Loop" owner="BuiltIn">
<doc>Stops executing the enclosing FOR loop.</doc>
<status status="NOT RUN" start="2026-03-08T17:12:57.070401" elapsed="0.000000"/>
</kw>
<status status="NOT RUN" start="2026-03-08T17:12:57.068792" elapsed="0.001609"/>
</branch>
<status status="PASS" start="2026-03-08T17:12:57.068792" elapsed="0.001609"/>
</if>
<var name="${index}">6</var>
<var name="${item}">Batch5</var>
<status status="PASS" start="2026-03-08T17:12:57.068792" elapsed="0.001609"/>
</iter>
<iter>
<if>
<branch type="IF" condition="'${item}' == '${COLUMN_NAME}_Password'">
<kw name="Set Variable" owner="BuiltIn">
<msg time="2026-03-08T17:12:57.071453" level="INFO">${pass_col_num} = 7</msg>
<var>${pass_col_num}</var>
<arg>${index}</arg>
<doc>Returns the given values which can then be assigned to a variables.</doc>
<status status="PASS" start="2026-03-08T17:12:57.071453" elapsed="0.000000"/>
</kw>
<kw name="Exit For Loop" owner="BuiltIn">
<msg time="2026-03-08T17:12:57.071453" level="INFO">Exiting for loop altogether.</msg>
<doc>Stops executing the enclosing FOR loop.</doc>
<status status="PASS" start="2026-03-08T17:12:57.071453" elapsed="0.001559"/>
</kw>
<status status="PASS" start="2026-03-08T17:12:57.070401" elapsed="0.002611"/>
</branch>
<status status="PASS" start="2026-03-08T17:12:57.070401" elapsed="0.002611"/>
</if>
<var name="${index}">7</var>
<var name="${item}">Batch1_Password</var>
<status status="PASS" start="2026-03-08T17:12:57.070401" elapsed="0.002611"/>
</iter>
<var>${index}</var>
<var>${item}</var>
<value>@{HEADER ROW VALUE}</value>
<status status="PASS" start="2026-03-08T17:12:57.054519" elapsed="0.018493"/>
</for>
<kw name="Read Excel Column" owner="ExcelLibrary">
<msg time="2026-03-08T17:12:57.074073" level="INFO">@{EMAIL_ID} = [ Batch1 | serviceWAUser1@servicewa.com ]</msg>
<var>@{EMAIL_ID}</var>
<arg>col_num=${col_num}</arg>
<arg>sheet_name=${Sheet Name}</arg>
<doc>Returns content of a column from the current sheet of the document.</doc>
<status status="PASS" start="2026-03-08T17:12:57.073012" elapsed="0.001061"/>
</kw>
<kw name="Remove Given Index From List" owner="CollectionUtilities">
<msg time="2026-03-08T17:12:57.074073" level="INFO">@{EMAIL_ID} = [ serviceWAUser1@servicewa.com ]</msg>
<var>@{EMAIL_ID}</var>
<arg>${EMAIL_ID}</arg>
<arg>0</arg>
<status status="PASS" start="2026-03-08T17:12:57.074073" elapsed="0.000000"/>
</kw>
<kw name="Read Excel Column" owner="ExcelLibrary">
<msg time="2026-03-08T17:12:57.075834" level="INFO">@{PASSWORD} = [ Batch1_Password | Test123 ]</msg>
<var>@{PASSWORD}</var>
<arg>col_num=${pass_col_num}</arg>
<arg>sheet_name=${Sheet Name}</arg>
<doc>Returns content of a column from the current sheet of the document.</doc>
<status status="PASS" start="2026-03-08T17:12:57.074073" elapsed="0.001761"/>
</kw>
<kw name="Remove Given Index From List" owner="CollectionUtilities">
<msg time="2026-03-08T17:12:57.075834" level="INFO">@{PASSWORD} = [ Test123 ]</msg>
<var>@{PASSWORD}</var>
<arg>${PASSWORD}</arg>
<arg>0</arg>
<status status="PASS" start="2026-03-08T17:12:57.075834" elapsed="0.000000"/>
</kw>
<for flavor="IN">
<iter>
<kw name="Append To List" owner="Collections">
<arg>${PASSWORD_KEY}</arg>
<arg>${item}_Password</arg>
<doc>Adds ``values`` to the end of ``list``.</doc>
<status status="PASS" start="2026-03-08T17:12:57.075834" elapsed="0.001664"/>
</kw>
<var name="${item}">serviceWA_User1</var>
<status status="PASS" start="2026-03-08T17:12:57.075834" elapsed="0.001664"/>
</iter>
<var>${item}</var>
<value>@{USER_NAME_KEY}</value>
<status status="PASS" start="2026-03-08T17:12:57.075834" elapsed="0.001664"/>
</for>
<kw name="Convert Two List Into Dictionary" owner="DataUtility">
<kw name="Create Dictionary" owner="BuiltIn">
<msg time="2026-03-08T17:12:57.116060" level="INFO">&amp;{Dict Data} = { }</msg>
<var>&amp;{Dict Data}</var>
<doc>Creates and returns a dictionary based on the given ``items``.</doc>
<status status="PASS" start="2026-03-08T17:12:57.115056" elapsed="0.001004"/>
</kw>
<for flavor="IN ZIP">
<iter>
<kw name="Run Keyword And Return Status" owner="BuiltIn">
<kw name="Should Contain" owner="BuiltIn">
<msg time="2026-03-08T17:12:57.121668" level="FAIL">'serviceWAUser1@servicewa.com' does not contain '"'</msg>
<arg>${value}</arg>
<arg>"</arg>
<doc>Fails if ``container`` does not contain ``item`` one or more times.</doc>
<status status="FAIL" start="2026-03-08T17:12:57.120674" elapsed="0.000994">'serviceWAUser1@servicewa.com' does not contain '"'</status>
</kw>
<msg time="2026-03-08T17:12:57.121668" level="INFO">${STATUS} = False</msg>
<var>${STATUS}</var>
<arg>Should Contain</arg>
<arg>${value}</arg>
<arg>"</arg>
<doc>Runs the specified keyword and returns the status as a Boolean value.</doc>
<status status="PASS" start="2026-03-08T17:12:57.117051" elapsed="0.004617"/>
</kw>
<kw name="Run Keyword And Return Status" owner="BuiltIn">
<kw name="Should Contain" owner="BuiltIn">
<msg time="2026-03-08T17:12:57.123772" level="FAIL">'serviceWAUser1@servicewa.com' does not contain '''</msg>
<arg>${value}</arg>
<arg>'</arg>
<doc>Fails if ``container`` does not contain ``item`` one or more times.</doc>
<status status="FAIL" start="2026-03-08T17:12:57.123772" elapsed="0.000000">'serviceWAUser1@servicewa.com' does not contain '''</status>
</kw>
<msg time="2026-03-08T17:12:57.125464" level="INFO">${STATUS1} = False</msg>
<var>${STATUS1}</var>
<arg>Should Contain</arg>
<arg>${value}</arg>
<arg>'</arg>
<doc>Runs the specified keyword and returns the status as a Boolean value.</doc>
<status status="PASS" start="2026-03-08T17:12:57.123223" elapsed="0.002241"/>
</kw>
<if>
<branch type="IF" condition="not ${STATUS} and not ${STATUS1}">
<kw name="Evaluate" owner="BuiltIn">
<msg time="2026-03-08T17:12:57.127530" level="INFO">${value} = serviceWAUser1@servicewa.com</msg>
<var>${value}</var>
<arg>str('${value}')</arg>
<doc>Evaluates the given expression in Python and returns the result.</doc>
<status status="PASS" start="2026-03-08T17:12:57.126527" elapsed="0.001003"/>
</kw>
<status status="PASS" start="2026-03-08T17:12:57.125464" elapsed="0.002066"/>
</branch>
<status status="PASS" start="2026-03-08T17:12:57.125464" elapsed="0.002635"/>
</if>
<kw name="Strip String" owner="String">
<msg time="2026-03-08T17:12:57.128099" level="INFO">${value} = serviceWAUser1@servicewa.com</msg>
<var>${value}</var>
<arg>${value}</arg>
<doc>Remove leading and/or trailing whitespaces from the given string.</doc>
<status status="PASS" start="2026-03-08T17:12:57.128099" elapsed="0.000000"/>
</kw>
<if>
<branch type="IF" condition="'${key}' == 'Catalog'">
<kw name="Convert To Upper Case" owner="String">
<var>${value}</var>
<arg>${value}</arg>
<doc>Converts string to upper case.</doc>
<status status="NOT RUN" start="2026-03-08T17:12:57.129157" elapsed="0.000000"/>
</kw>
<status status="NOT RUN" start="2026-03-08T17:12:57.129157" elapsed="0.000000"/>
</branch>
<status status="PASS" start="2026-03-08T17:12:57.129157" elapsed="0.000000"/>
</if>
<kw name="Set To Dictionary" owner="Collections">
<arg>${Dict Data}</arg>
<arg>${Key}</arg>
<arg>${value}</arg>
<doc>Adds the given ``key_value_pairs`` and/or ``items`` to the ``dictionary``.</doc>
<status status="PASS" start="2026-03-08T17:12:57.130225" elapsed="0.000000"/>
</kw>
<var name="${key}">serviceWA_User1</var>
<var name="${value}">serviceWAUser1@servicewa.com</var>
<status status="PASS" start="2026-03-08T17:12:57.117051" elapsed="0.014167"/>
</iter>
<var>${key}</var>
<var>${value}</var>
<value>${LIST1}</value>
<value>${LIST2}</value>
<status status="PASS" start="2026-03-08T17:12:57.116060" elapsed="0.015158"/>
</for>
<return>
<value>&amp;{Dict Data}</value>
<status status="PASS" start="2026-03-08T17:12:57.131218" elapsed="0.000000"/>
</return>
<msg time="2026-03-08T17:12:57.131218" level="INFO">&amp;{USER_DICT} = { serviceWA_User1=serviceWAUser1@servicewa.com }</msg>
<var>&amp;{USER_DICT}</var>
<arg>${USER_NAME_KEY}</arg>
<arg>${EMAIL_ID}</arg>
<doc>keyword wrapper to convert the two list into dictionary</doc>
<status status="PASS" start="2026-03-08T17:12:57.079058" elapsed="0.052160"/>
</kw>
<kw name="Convert Two List Into Dictionary" owner="DataUtility">
<kw name="Create Dictionary" owner="BuiltIn">
<msg time="2026-03-08T17:12:57.133907" level="INFO">&amp;{Dict Data} = { }</msg>
<var>&amp;{Dict Data}</var>
<doc>Creates and returns a dictionary based on the given ``items``.</doc>
<status status="PASS" start="2026-03-08T17:12:57.133907" elapsed="0.000000"/>
</kw>
<for flavor="IN ZIP">
<iter>
<kw name="Run Keyword And Return Status" owner="BuiltIn">
<kw name="Should Contain" owner="BuiltIn">
<msg time="2026-03-08T17:12:57.143018" level="FAIL">'Test123' does not contain '"'</msg>
<arg>${value}</arg>
<arg>"</arg>
<doc>Fails if ``container`` does not contain ``item`` one or more times.</doc>
<status status="FAIL" start="2026-03-08T17:12:57.142008" elapsed="0.001010">'Test123' does not contain '"'</status>
</kw>
<msg time="2026-03-08T17:12:57.143018" level="INFO">${STATUS} = False</msg>
<var>${STATUS}</var>
<arg>Should Contain</arg>
<arg>${value}</arg>
<arg>"</arg>
<doc>Runs the specified keyword and returns the status as a Boolean value.</doc>
<status status="PASS" start="2026-03-08T17:12:57.138740" elapsed="0.004278"/>
</kw>
<kw name="Run Keyword And Return Status" owner="BuiltIn">
<kw name="Should Contain" owner="BuiltIn">
<msg time="2026-03-08T17:12:57.146622" level="FAIL">'Test123' does not contain '''</msg>
<arg>${value}</arg>
<arg>'</arg>
<doc>Fails if ``container`` does not contain ``item`` one or more times.</doc>
<status status="FAIL" start="2026-03-08T17:12:57.145627" elapsed="0.000995">'Test123' does not contain '''</status>
</kw>
<msg time="2026-03-08T17:12:57.147573" level="INFO">${STATUS1} = False</msg>
<var>${STATUS1}</var>
<arg>Should Contain</arg>
<arg>${value}</arg>
<arg>'</arg>
<doc>Runs the specified keyword and returns the status as a Boolean value.</doc>
<status status="PASS" start="2026-03-08T17:12:57.144005" elapsed="0.003568"/>
</kw>
<if>
<branch type="IF" condition="not ${STATUS} and not ${STATUS1}">
<kw name="Evaluate" owner="BuiltIn">
<msg time="2026-03-08T17:12:57.150105" level="INFO">${value} = Test123</msg>
<var>${value}</var>
<arg>str('${value}')</arg>
<doc>Evaluates the given expression in Python and returns the result.</doc>
<status status="PASS" start="2026-03-08T17:12:57.147573" elapsed="0.002532"/>
</kw>
<status status="PASS" start="2026-03-08T17:12:57.147573" elapsed="0.002532"/>
</branch>
<status status="PASS" start="2026-03-08T17:12:57.147573" elapsed="0.003530"/>
</if>
<kw name="Strip String" owner="String">
<msg time="2026-03-08T17:12:57.152109" level="INFO">${value} = Test123</msg>
<var>${value}</var>
<arg>${value}</arg>
<doc>Remove leading and/or trailing whitespaces from the given string.</doc>
<status status="PASS" start="2026-03-08T17:12:57.151103" elapsed="0.001006"/>
</kw>
<if>
<branch type="IF" condition="'${key}' == 'Catalog'">
<kw name="Convert To Upper Case" owner="String">
<var>${value}</var>
<arg>${value}</arg>
<doc>Converts string to upper case.</doc>
<status status="NOT RUN" start="2026-03-08T17:12:57.153105" elapsed="0.000000"/>
</kw>
<status status="NOT RUN" start="2026-03-08T17:12:57.153105" elapsed="0.001016"/>
</branch>
<status status="PASS" start="2026-03-08T17:12:57.153105" elapsed="0.001016"/>
</if>
<kw name="Set To Dictionary" owner="Collections">
<arg>${Dict Data}</arg>
<arg>${Key}</arg>
<arg>${value}</arg>
<doc>Adds the given ``key_value_pairs`` and/or ``items`` to the ``dictionary``.</doc>
<status status="PASS" start="2026-03-08T17:12:57.154121" elapsed="0.001181"/>
</kw>
<var name="${key}">serviceWA_User1_Password</var>
<var name="${value}">Test123</var>
<status status="PASS" start="2026-03-08T17:12:57.136605" elapsed="0.018697"/>
</iter>
<var>${key}</var>
<var>${value}</var>
<value>${LIST1}</value>
<value>${LIST2}</value>
<status status="PASS" start="2026-03-08T17:12:57.135541" elapsed="0.019761"/>
</for>
<return>
<value>&amp;{Dict Data}</value>
<status status="PASS" start="2026-03-08T17:12:57.155302" elapsed="0.000000"/>
</return>
<msg time="2026-03-08T17:12:57.156390" level="INFO">&amp;{PASSWORD_DICT} = { serviceWA_User1_Password=Test123 }</msg>
<var>&amp;{PASSWORD_DICT}</var>
<arg>${PASSWORD_KEY}</arg>
<arg>${PASSWORD}</arg>
<doc>keyword wrapper to convert the two list into dictionary</doc>
<status status="PASS" start="2026-03-08T17:12:57.132843" elapsed="0.023547"/>
</kw>
<kw name="Combine Two Dictionary" owner="CollectionUtilities">
<msg time="2026-03-08T17:12:57.157333" level="INFO">&amp;{USER_CREDENTIAL_DICT} = { serviceWA_User1=serviceWAUser1@servicewa.com | serviceWA_User1_Password=Test123 }</msg>
<var>&amp;{USER_CREDENTIAL_DICT}</var>
<arg>${USER_DICT}</arg>
<arg>${PASSWORD_DICT}</arg>
<status status="PASS" start="2026-03-08T17:12:57.157333" elapsed="0.000000"/>
</kw>
<kw name="Close Current Excel Document" owner="ExcelLibrary">
<doc>Closes current document.</doc>
<status status="PASS" start="2026-03-08T17:12:57.157333" elapsed="0.000000"/>
</kw>
<return>
<value>&amp;{USER_CREDENTIAL_DICT}</value>
<status status="PASS" start="2026-03-08T17:12:57.159025" elapsed="0.000000"/>
</return>
<msg time="2026-03-08T17:12:57.159025" level="INFO">${USER_DATA} = {'serviceWA_User1': 'serviceWAUser1@servicewa.com', 'serviceWA_User1_Password': 'Test123'}</msg>
<var>${USER_DATA}</var>
<doc>Load Test Data From an Excel(.xls) File</doc>
<status status="PASS" start="2026-03-08T17:12:57.008057" elapsed="0.150968"/>
</kw>
<kw name="Set Global Variable" owner="BuiltIn">
<msg time="2026-03-08T17:12:57.161083" level="INFO">${USER_DATA} = {'serviceWA_User1': 'serviceWAUser1@servicewa.com', 'serviceWA_User1_Password': 'Test123'}</msg>
<arg>${USER_DATA}</arg>
<doc>Makes a variable available globally in all tests and suites.</doc>
<status status="PASS" start="2026-03-08T17:12:57.160052" elapsed="0.001031"/>
</kw>
<status status="PASS" start="2026-03-08T17:12:57.007022" elapsed="0.154061"/>
</branch>
<status status="PASS" start="2026-03-08T17:12:57.007022" elapsed="0.154061"/>
</if>
<kw name="Convert Given String To List Based On Delimiter" owner="DataUtility">
<kw name="Split String" owner="String">
<msg time="2026-03-08T17:12:57.173981" level="INFO">@{DATA LIST} = [ UserName ]</msg>
<var>@{DATA LIST}</var>
<arg>${STRING}</arg>
<arg>${SEPARATOR}</arg>
<doc>Splits the ``string`` using ``separator`` as a delimiter string.</doc>
<status status="PASS" start="2026-03-08T17:12:57.172926" elapsed="0.001055"/>
</kw>
<if>
<branch type="IF" condition="${STRIP}">
<kw name="Evaluate" owner="BuiltIn">
<msg time="2026-03-08T17:12:57.175561" level="INFO">@{DATA LIST} = [ UserName ]</msg>
<var>@{DATA LIST}</var>
<arg>[value.strip() for value in ${DATA LIST}]</arg>
<doc>Evaluates the given expression in Python and returns the result.</doc>
<status status="PASS" start="2026-03-08T17:12:57.173981" elapsed="0.001580"/>
</kw>
<status status="PASS" start="2026-03-08T17:12:57.173981" elapsed="0.001580"/>
</branch>
<status status="PASS" start="2026-03-08T17:12:57.173981" elapsed="0.001580"/>
</if>
<return>
<value>@{DATA LIST}</value>
<status status="PASS" start="2026-03-08T17:12:57.175561" elapsed="0.000000"/>
</return>
<msg time="2026-03-08T17:12:57.176622" level="INFO">@{USER_LIST} = [ UserName ]</msg>
<var>@{USER_LIST}</var>
<arg>${TEST DATA DICT.UserName}</arg>
<arg>&amp;</arg>
<doc>keyword wrapper to convert string to list based on delimiter</doc>
<status status="PASS" start="2026-03-08T17:12:57.161644" elapsed="0.014978"/>
</kw>
<kw name="Evaluate" owner="BuiltIn">
<msg time="2026-03-08T17:12:57.177614" level="INFO">@{PASS_LIST} = [ UserName_Password ]</msg>
<var>@{PASS_LIST}</var>
<arg>[ list_item+"_Password" for list_item in ${USER_LIST}]</arg>
<doc>Evaluates the given expression in Python and returns the result.</doc>
<status status="PASS" start="2026-03-08T17:12:57.176622" elapsed="0.000992"/>
</kw>
<kw name="Combine Lists" owner="Collections">
<msg time="2026-03-08T17:12:57.179195" level="INFO">@{USER_LIST} = [ UserName | UserName_Password ]</msg>
<var>@{USER_LIST}</var>
<arg>${USER_LIST}</arg>
<arg>${PASS_LIST}</arg>
<doc>Combines the given ``lists`` together and returns the result.</doc>
<status status="PASS" start="2026-03-08T17:12:57.177614" elapsed="0.001581"/>
</kw>
<kw name="Create New Dict For Given Values" owner="CollectionUtilities">
<msg time="2026-03-08T17:12:57.180202" level="INFO">&amp;{USER_DICT} = { }</msg>
<var>&amp;{USER_DICT}</var>
<arg>${USER_DATA}</arg>
<arg>${USER_LIST}</arg>
<status status="PASS" start="2026-03-08T17:12:57.179195" elapsed="0.001007"/>
</kw>
<kw name="Combine Two Dictionary" owner="CollectionUtilities">
<msg time="2026-03-08T17:12:57.181244" level="INFO">&amp;{TEST DATA DICT} = { Execute=Execute | UniqueID=UniqueID | TestcaseID=TestcaseID | TestcaseName=TestcaseName | UserName=UserName }</msg>
<var>&amp;{TEST DATA DICT}</var>
<arg>${TEST DATA DICT}</arg>
<arg>${USER_DICT}</arg>
<status status="PASS" start="2026-03-08T17:12:57.180202" elapsed="0.001042"/>
</kw>
<kw name="Set Environment Variable" owner="OperatingSystem">
<msg time="2026-03-08T17:12:57.189101" level="INFO">Environment variable 'USER_LOGIN' set to value 'UserName'.</msg>
<arg>USER_LOGIN</arg>
<arg>${TEST DATA DICT.UserName}</arg>
<doc>Sets an environment variable to a specified value.</doc>
<status status="PASS" start="2026-03-08T17:12:57.181244" elapsed="0.007857"/>
</kw>
<status status="PASS" start="2026-03-08T17:12:56.998648" elapsed="0.192069"/>
</branch>
<branch type="ELSE">
<kw name="Set Environment Variable" owner="OperatingSystem">
<arg>USER_LOGIN</arg>
<arg>${TEST DATA DICT.UserName}</arg>
<doc>Sets an environment variable to a specified value.</doc>
<status status="NOT RUN" start="2026-03-08T17:12:57.190717" elapsed="0.000000"/>
</kw>
<status status="NOT RUN" start="2026-03-08T17:12:57.190717" elapsed="0.000000"/>
</branch>
<status status="PASS" start="2026-03-08T17:12:56.998648" elapsed="0.192069"/>
</if>
<kw name="Get Creditcard And Shipping Address Details From Test Data file" owner="DataUtility">
<kw name="Run Keyword And Return Status" owner="BuiltIn">
<kw name="Should Contain" owner="BuiltIn">
<msg time="2026-03-08T17:12:57.193778" level="FAIL">'{'Execute': 'Execute', 'UniqueID': 'UniqueID', 'TestcaseID': 'TestcaseID', 'TestcaseName': 'TestcaseName', 'UserName': 'UserName'}' does not contain 'Correct_Card_And_Address'</msg>
<arg>${TEST DATA DICT}</arg>
<arg>Correct_Card_And_Address</arg>
<doc>Fails if ``container`` does not contain ``item`` one or more times.</doc>
<status status="FAIL" start="2026-03-08T17:12:57.192826" elapsed="0.001581">'{'Execute': 'Execute', 'UniqueID': 'UniqueID', 'TestcaseID': 'TestcaseID', 'TestcaseName': 'TestcaseName', 'UserName': 'UserName'}' does not contain 'Correct_Card_And_Address'</status>
</kw>
<msg time="2026-03-08T17:12:57.194407" level="INFO">${CORRECT_CC_DETAILS} = False</msg>
<var>${CORRECT_CC_DETAILS}</var>
<arg>Should Contain</arg>
<arg>${TEST DATA DICT}</arg>
<arg>Correct_Card_And_Address</arg>
<doc>Runs the specified keyword and returns the status as a Boolean value.</doc>
<status status="PASS" start="2026-03-08T17:12:57.192826" elapsed="0.001581"/>
</kw>
<if>
<branch type="IF" condition="${CORRECT_CC_DETAILS}">
<if>
<branch type="IF" condition="'${TEST DATA DICT.Correct_Card_And_Address}' != 'None'">
<kw name="Load Test Data For The Given Row" owner="DataUtility">
<var>&amp;{TestData}</var>
<arg>CreditCard_Details.xlsx</arg>
<arg>creditcard</arg>
<arg>${TEST DATA DICT.Correct_Card_And_Address}</arg>
<doc>Load Test Data From an Excel(.xls) File</doc>
<status status="NOT RUN" start="2026-03-08T17:12:57.195448" elapsed="0.000000"/>
</kw>
<kw name="Create Dictionary" owner="BuiltIn">
<var>&amp;{CARD_DETAILS}</var>
<arg>${TEST DATA DICT.Correct_Card_And_Address}</arg>
<arg>${TestData}</arg>
<doc>Creates and returns a dictionary based on the given ``items``.</doc>
<status status="NOT RUN" start="2026-03-08T17:12:57.195448" elapsed="0.000000"/>
</kw>
<kw name="Combine Two Dictionary" owner="CollectionUtilities">
<var>&amp;{TEST DATA DICT}</var>
<arg>${TEST DATA DICT}</arg>
<arg>${CARD_DETAILS}</arg>
<status status="NOT RUN" start="2026-03-08T17:12:57.196505" elapsed="0.000000"/>
</kw>
<status status="NOT RUN" start="2026-03-08T17:12:57.194407" elapsed="0.002098"/>
</branch>
<status status="NOT RUN" start="2026-03-08T17:12:57.194407" elapsed="0.002098"/>
</if>
<status status="NOT RUN" start="2026-03-08T17:12:57.194407" elapsed="0.002098"/>
</branch>
<status status="PASS" start="2026-03-08T17:12:57.194407" elapsed="0.002098"/>
</if>
<kw name="Run Keyword And Return Status" owner="BuiltIn">
<kw name="Should Contain" owner="BuiltIn">
<msg time="2026-03-08T17:12:57.197507" level="FAIL">'{'Execute': 'Execute', 'UniqueID': 'UniqueID', 'TestcaseID': 'TestcaseID', 'TestcaseName': 'TestcaseName', 'UserName': 'UserName'}' does not contain 'Wrong_CreditCard_And_Correct_Address'</msg>
<arg>${TEST DATA DICT}</arg>
<arg>Wrong_CreditCard_And_Correct_Address</arg>
<doc>Fails if ``container`` does not contain ``item`` one or more times.</doc>
<status status="FAIL" start="2026-03-08T17:12:57.197507" elapsed="0.000000">'{'Execute': 'Execute', 'UniqueID': 'UniqueID', 'TestcaseID': 'TestcaseID', 'TestcaseName': 'TestcaseName', 'UserName': 'UserName'}' does not contain 'Wrong_CreditCard_And_Correct_Address'</status>
</kw>
<msg time="2026-03-08T17:12:57.197507" level="INFO">${WRONG_CC_DETAILS_STATUS} = False</msg>
<var>${WRONG_CC_DETAILS_STATUS}</var>
<arg>Should Contain</arg>
<arg>${TEST DATA DICT}</arg>
<arg>Wrong_CreditCard_And_Correct_Address</arg>
<doc>Runs the specified keyword and returns the status as a Boolean value.</doc>
<status status="PASS" start="2026-03-08T17:12:57.196505" elapsed="0.001002"/>
</kw>
<if>
<branch type="IF" condition="${WRONG_CC_DETAILS_STATUS}">
<if>
<branch type="IF" condition="'${TEST DATA DICT.Wrong_CreditCard_And_Correct_Address}' != 'None'">
<kw name="Load Test Data For The Given Row" owner="DataUtility">
<var>&amp;{TestData}</var>
<arg>CreditCard_Details.xlsx</arg>
<arg>creditcard</arg>
<arg>${TEST DATA DICT.Wrong_CreditCard_And_Correct_Address}</arg>
<doc>Load Test Data From an Excel(.xls) File</doc>
<status status="NOT RUN" start="2026-03-08T17:12:57.199026" elapsed="0.000000"/>
</kw>
<kw name="Create Dictionary" owner="BuiltIn">
<var>&amp;{CARD_DETAILS}</var>
<arg>${TEST DATA DICT.Wrong_CreditCard_And_Correct_Address}</arg>
<arg>${TestData}</arg>
<doc>Creates and returns a dictionary based on the given ``items``.</doc>
<status status="NOT RUN" start="2026-03-08T17:12:57.200085" elapsed="0.000000"/>
</kw>
<kw name="Combine Two Dictionary" owner="CollectionUtilities">
<var>&amp;{TEST DATA DICT}</var>
<arg>${TEST DATA DICT}</arg>
<arg>${CARD_DETAILS}</arg>
<status status="NOT RUN" start="2026-03-08T17:12:57.200085" elapsed="0.000000"/>
</kw>
<status status="NOT RUN" start="2026-03-08T17:12:57.199026" elapsed="0.001059"/>
</branch>
<status status="NOT RUN" start="2026-03-08T17:12:57.199026" elapsed="0.001059"/>
</if>
<status status="NOT RUN" start="2026-03-08T17:12:57.199026" elapsed="0.001059"/>
</branch>
<status status="PASS" start="2026-03-08T17:12:57.199026" elapsed="0.001059"/>
</if>
<kw name="Run Keyword And Return Status" owner="BuiltIn">
<kw name="Should Contain" owner="BuiltIn">
<msg time="2026-03-08T17:12:57.203041" level="FAIL">'{'Execute': 'Execute', 'UniqueID': 'UniqueID', 'TestcaseID': 'TestcaseID', 'TestcaseName': 'TestcaseName', 'UserName': 'UserName'}' does not contain 'Correct_Card_And_Wrong_Address'</msg>
<arg>${TEST DATA DICT}</arg>
<arg>Correct_Card_And_Wrong_Address</arg>
<doc>Fails if ``container`` does not contain ``item`` one or more times.</doc>
<status status="FAIL" start="2026-03-08T17:12:57.202044" elapsed="0.000997">'{'Execute': 'Execute', 'UniqueID': 'UniqueID', 'TestcaseID': 'TestcaseID', 'TestcaseName': 'TestcaseName', 'UserName': 'UserName'}' does not contain 'Correct_Card_And_Wrong_Address'</status>
</kw>
<msg time="2026-03-08T17:12:57.203041" level="INFO">${WRONG_ADDRESS_DETAILS_STATUS} = False</msg>
<var>${WRONG_ADDRESS_DETAILS_STATUS}</var>
<arg>Should Contain</arg>
<arg>${TEST DATA DICT}</arg>
<arg>Correct_Card_And_Wrong_Address</arg>
<doc>Runs the specified keyword and returns the status as a Boolean value.</doc>
<status status="PASS" start="2026-03-08T17:12:57.200085" elapsed="0.002956"/>
</kw>
<if>
<branch type="IF" condition="${WRONG_ADDRESS_DETAILS_STATUS}">
<if>
<branch type="IF" condition="'${TEST DATA DICT.Correct_Card_And_Wrong_Address}' != 'None'">
<kw name="Load Test Data For The Given Row" owner="DataUtility">
<var>&amp;{TestData}</var>
<arg>CreditCard_Details.xlsx</arg>
<arg>creditcard</arg>
<arg>${TEST DATA DICT.Correct_Card_And_Wrong_Address}</arg>
<doc>Load Test Data From an Excel(.xls) File</doc>
<status status="NOT RUN" start="2026-03-08T17:12:57.204119" elapsed="0.000000"/>
</kw>
<kw name="Create Dictionary" owner="BuiltIn">
<var>&amp;{CARD_DETAILS}</var>
<arg>${TEST DATA DICT.Correct_Card_And_Wrong_Address}</arg>
<arg>${TestData}</arg>
<doc>Creates and returns a dictionary based on the given ``items``.</doc>
<status status="NOT RUN" start="2026-03-08T17:12:57.204119" elapsed="0.001644"/>
</kw>
<kw name="Combine Two Dictionary" owner="CollectionUtilities">
<var>&amp;{TEST DATA DICT}</var>
<arg>${TEST DATA DICT}</arg>
<arg>${CARD_DETAILS}</arg>
<status status="NOT RUN" start="2026-03-08T17:12:57.205763" elapsed="0.000000"/>
</kw>
<status status="NOT RUN" start="2026-03-08T17:12:57.204119" elapsed="0.001644"/>
</branch>
<status status="NOT RUN" start="2026-03-08T17:12:57.204119" elapsed="0.001644"/>
</if>
<status status="NOT RUN" start="2026-03-08T17:12:57.203041" elapsed="0.002722"/>
</branch>
<status status="PASS" start="2026-03-08T17:12:57.203041" elapsed="0.002722"/>
</if>
<kw name="Run Keyword And Return Status" owner="BuiltIn">
<kw name="Should Contain" owner="BuiltIn">
<msg time="2026-03-08T17:12:57.207874" level="FAIL">'{'Execute': 'Execute', 'UniqueID': 'UniqueID', 'TestcaseID': 'TestcaseID', 'TestcaseName': 'TestcaseName', 'UserName': 'UserName'}' does not contain 'ShippingAddress'</msg>
<arg>${TEST DATA DICT}</arg>
<arg>ShippingAddress</arg>
<doc>Fails if ``container`` does not contain ``item`` one or more times.</doc>
<status status="FAIL" start="2026-03-08T17:12:57.206874" elapsed="0.001000">'{'Execute': 'Execute', 'UniqueID': 'UniqueID', 'TestcaseID': 'TestcaseID', 'TestcaseName': 'TestcaseName', 'UserName': 'UserName'}' does not contain 'ShippingAddress'</status>
</kw>
<msg time="2026-03-08T17:12:57.208784" level="INFO">${SHIP_ADDRESS_DETAILS_STATUS} = False</msg>
<var>${SHIP_ADDRESS_DETAILS_STATUS}</var>
<arg>Should Contain</arg>
<arg>${TEST DATA DICT}</arg>
<arg>ShippingAddress</arg>
<doc>Runs the specified keyword and returns the status as a Boolean value.</doc>
<status status="PASS" start="2026-03-08T17:12:57.205763" elapsed="0.003021"/>
</kw>
<if>
<branch type="IF" condition="${SHIP_ADDRESS_DETAILS_STATUS}">
<if>
<branch type="IF" condition="'${TEST DATA DICT.ShippingAddress}' != 'None'">
<kw name="Load Test Data For The Given Row" owner="DataUtility">
<var>&amp;{TestData}</var>
<arg>ShippingAddress.xlsx</arg>
<arg>Shipping_Address</arg>
<arg>${TEST DATA DICT.ShippingAddress}</arg>
<doc>Load Test Data From an Excel(.xls) File</doc>
<status status="NOT RUN" start="2026-03-08T17:12:57.209294" elapsed="0.000000"/>
</kw>
<kw name="Create Dictionary" owner="BuiltIn">
<var>&amp;{SHIP_ADDRESS}</var>
<arg>${TEST DATA DICT.ShippingAddress}</arg>
<arg>${TestData}</arg>
<doc>Creates and returns a dictionary based on the given ``items``.</doc>
<status status="NOT RUN" start="2026-03-08T17:12:57.210305" elapsed="0.000000"/>
</kw>
<kw name="Combine Two Dictionary" owner="CollectionUtilities">
<var>&amp;{TEST DATA DICT}</var>
<arg>${TEST DATA DICT}</arg>
<arg>${SHIP_ADDRESS}</arg>
<status status="NOT RUN" start="2026-03-08T17:12:57.210305" elapsed="0.000000"/>
</kw>
<status status="NOT RUN" start="2026-03-08T17:12:57.209294" elapsed="0.001011"/>
</branch>
<status status="NOT RUN" start="2026-03-08T17:12:57.209294" elapsed="0.001011"/>
</if>
<status status="NOT RUN" start="2026-03-08T17:12:57.208784" elapsed="0.001521"/>
</branch>
<status status="PASS" start="2026-03-08T17:12:57.208784" elapsed="0.001521"/>
</if>
<return>
<value>&amp;{TEST DATA DICT}</value>
<status status="PASS" start="2026-03-08T17:12:57.210305" elapsed="0.000000"/>
</return>
<msg time="2026-03-08T17:12:57.211304" level="INFO">&amp;{TEST DATA DICT} = { Execute=Execute | UniqueID=UniqueID | TestcaseID=TestcaseID | TestcaseName=TestcaseName | UserName=UserName }</msg>
<var>&amp;{TEST DATA DICT}</var>
<arg>${TEST DATA DICT}</arg>
<doc>Get Creditcard And Shipping Address Detail</doc>
<status status="PASS" start="2026-03-08T17:12:57.191827" elapsed="0.019477"/>
</kw>
<kw name="Log To Console" owner="BuiltIn">
<arg>"Inside Load Testdata from file... 4"</arg>
<doc>Logs the given message to the console.</doc>
<status status="PASS" start="2026-03-08T17:12:57.211304" elapsed="0.000000"/>
</kw>
<return>
<value>&amp;{TEST DATA DICT}</value>
<status status="PASS" start="2026-03-08T17:12:57.212821" elapsed="0.000000"/>
</return>
<msg time="2026-03-08T17:12:57.212821" level="INFO">&amp;{TestData} = { Execute=Execute | UniqueID=UniqueID | TestcaseID=TestcaseID | TestcaseName=TestcaseName | UserName=UserName }</msg>
<var>&amp;{TestData}</var>
<arg>TestData.xlsx</arg>
<arg>ServiceWA</arg>
<arg>Login001</arg>
<doc>Load Test Data From an Excel(.xls) File</doc>
<status status="PASS" start="2026-03-08T17:12:42.676743" elapsed="14.536078"/>
</kw>
<kw name="Log To Console" owner="BuiltIn">
<arg>iComfort217783</arg>
<doc>Logs the given message to the console.</doc>
<status status="PASS" start="2026-03-08T17:12:57.213927" elapsed="0.000000"/>
</kw>
<kw name="Set Environment Variable" owner="OperatingSystem">
<msg time="2026-03-08T17:12:57.222776" level="INFO">Environment variable 'TCID' set to value 'TestcaseID'.</msg>
<arg>TCID</arg>
<arg>${TestData.TestcaseID}</arg>
<doc>Sets an environment variable to a specified value.</doc>
<status status="PASS" start="2026-03-08T17:12:57.213927" elapsed="0.008849"/>
</kw>
<kw name="Extent TestCaseHeader" owner="ExtentReportListener">
<arg>${TEST NAME}</arg>
<arg>${TestData.TestcaseID}</arg>
<arg>iComfort Application</arg>
<status status="PASS" start="2026-03-08T17:12:57.223734" elapsed="0.007119"/>
</kw>
<kw name="Log" owner="BuiltIn">
<msg time="2026-03-08T17:12:57.232820" level="INFO">DeviceName-&gt; Google Pixel 9</msg>
<arg>DeviceName-&gt; %{DEVICE_NAME}</arg>
<doc>Logs the given message with the given level.</doc>
<status status="PASS" start="2026-03-08T17:12:57.230853" elapsed="0.001967"/>
</kw>
<kw name="Log" owner="BuiltIn">
<msg time="2026-03-08T17:12:57.234349" level="INFO">Launching Application</msg>
<arg>Launching Application</arg>
<doc>Logs the given message with the given level.</doc>
<status status="PASS" start="2026-03-08T17:12:57.234349" elapsed="0.001006"/>
</kw>
<kw name="Launch Application" owner="Common">
<kw name="Log" owner="BuiltIn">
<msg time="2026-03-08T17:12:57.242958" level="INFO">Inside Launch Application</msg>
<arg>Inside Launch Application</arg>
<doc>Logs the given message with the given level.</doc>
<status status="PASS" start="2026-03-08T17:12:57.242958" elapsed="0.000000"/>
</kw>
<kw name="Log" owner="BuiltIn">
<msg time="2026-03-08T17:12:57.243945" level="INFO">Platform: Mobile</msg>
<arg>Platform: %{EXECUTION_PLATFORM}</arg>
<doc>Logs the given message with the given level.</doc>
<status status="PASS" start="2026-03-08T17:12:57.243945" elapsed="0.000568"/>
</kw>
<if>
<branch type="IF" condition="&quot;%{EXECUTION_PLATFORM}&quot; == &quot;Mobile&quot;">
<kw name="Import Library" owner="BuiltIn">
<arg>AppiumLibrary</arg>
<arg>timeout=90</arg>
<doc>Imports a library with the given name and optional arguments.</doc>
<status status="PASS" start="2026-03-08T17:12:57.244513" elapsed="0.063568"/>
</kw>
<kw name="Log" owner="BuiltIn">
<msg time="2026-03-08T17:12:57.309760" level="INFO">Appium Library Loaded</msg>
<arg>Appium Library Loaded</arg>
<doc>Logs the given message with the given level.</doc>
<status status="PASS" start="2026-03-08T17:12:57.309204" elapsed="0.000556"/>
</kw>
<kw name="Launch Mobile Application on BrowserStack" owner="AppiumCommon">
<kw name="Set Global Variable" owner="BuiltIn">
<msg time="2026-03-08T17:12:57.324355" level="INFO">${LOGIN STATUS} = False</msg>
<arg>${LOGIN STATUS}</arg>
<arg>False</arg>
<doc>Makes a variable available globally in all tests and suites.</doc>
<status status="PASS" start="2026-03-08T17:12:57.310803" elapsed="0.014602"/>
</kw>
<kw name="Log To Console" owner="BuiltIn">
<arg>Inside~Launch Mobile Application 1</arg>
<doc>Logs the given message to the console.</doc>
<status status="PASS" start="2026-03-08T17:12:57.325405" elapsed="0.001014"/>
</kw>
<kw name="Log To Console" owner="BuiltIn">
<arg>Device Name : %{DEVICE_NAME}</arg>
<doc>Logs the given message to the console.</doc>
<status status="PASS" start="2026-03-08T17:12:57.327412" elapsed="0.000000"/>
</kw>
<kw name="Log To Console" owner="BuiltIn">
<arg>App Path : %{APP_PATH}</arg>
<doc>Logs the given message to the console.</doc>
<status status="PASS" start="2026-03-08T17:12:57.327412" elapsed="0.001554"/>
</kw>
<kw name="Set Variable" owner="BuiltIn">
<msg time="2026-03-08T17:12:57.330032" level="INFO">${DevName} = Google Pixel 9</msg>
<var>${DevName}</var>
<arg>%{DEVICE_NAME}</arg>
<doc>Returns the given values which can then be assigned to a variables.</doc>
<status status="PASS" start="2026-03-08T17:12:57.330032" elapsed="0.001007"/>
</kw>
<kw name="Load Config Properties Data" owner="PropertyUtilities">
<kw name="Read Properties" owner="ReadConfig_Properties">
[...]
</kw>
<kw name="Log To Console" owner="BuiltIn">
<arg>CaptureScreenShotsOnlyForFailure : %{CaptureScreenShotsOnlyForFailure}</arg>
<doc>Logs the given message to the console.</doc>
<status status="PASS" start="2026-03-08T17:14:17.206692" elapsed="0.001014"/>
</kw>
<if>
<branch type="IF" condition="&quot;%{CaptureScreenShotsOnlyForFailure}&quot; == &quot;True&quot;">
<if>
<branch type="IF" condition="&quot;${TestStepStatus}&quot; == &quot;Pass&quot;">
<kw name="Log To Console" owner="BuiltIn">
<arg>~~TrueOne~~</arg>
<doc>Logs the given message to the console.</doc>
<status status="NOT RUN" start="2026-03-08T17:14:17.210252" elapsed="0.000000"/>
</kw>
<kw name="Set Variable" owner="BuiltIn">
<var>${ScreenshotFlag}</var>
<arg>False</arg>
<doc>Returns the given values which can then be assigned to a variables.</doc>
<status status="NOT RUN" start="2026-03-08T17:14:17.211273" elapsed="0.000000"/>
</kw>
<status status="NOT RUN" start="2026-03-08T17:14:17.210252" elapsed="0.001021"/>
</branch>
<status status="NOT RUN" start="2026-03-08T17:14:17.210252" elapsed="0.001021"/>
</if>
<status status="NOT RUN" start="2026-03-08T17:14:17.209234" elapsed="0.002039"/>
</branch>
<status status="PASS" start="2026-03-08T17:14:17.208707" elapsed="0.002566"/>
</if>
<if>
<branch type="IF" condition="'${ScreenshotFlag}'!='None'">
<kw name="Log To Console" owner="BuiltIn">
<arg>Inside IF</arg>
<doc>Logs the given message to the console.</doc>
<status status="PASS" start="2026-03-08T17:14:17.212290" elapsed="0.001000"/>
</kw>
<kw name="Set Variable" owner="BuiltIn">
<msg time="2026-03-08T17:14:17.215291" level="INFO">${TestStepsFileName} = PassedStep.jpg</msg>
<var>${TestStepsFileName}</var>
<arg>PassedStep.jpg</arg>
<doc>Returns the given values which can then be assigned to a variables.</doc>
<status status="PASS" start="2026-03-08T17:14:17.214294" elapsed="0.000997"/>
</kw>
<kw name="Sleep" owner="BuiltIn">
<msg time="2026-03-08T17:14:18.217358" level="INFO">Slept 1 second.</msg>
<arg>1</arg>
<doc>Pauses the test executed for the given time.</doc>
<status status="PASS" start="2026-03-08T17:14:17.216297" elapsed="1.001061"/>
</kw>
<if>
<branch type="IF" condition="&quot;${ScreenshotFlag}&quot; == &quot;True&quot;">
<if>
<branch type="IF" condition="&quot;%{EXECUTION_PLATFORM}&quot; == &quot;Mobile&quot;">
<kw name="Capture Page Screenshot" owner="AppiumLibrary">
<msg time="2026-03-08T17:14:19.300715" level="INFO" html="true">&lt;/td&gt;&lt;/tr&gt;&lt;tr&gt;&lt;td colspan="3"&gt;&lt;a href="../Reports/Screenshots/TestcaseID/08-Mar-2026/17-14-17/PassedStep.jpg"&gt;&lt;img src="../Reports/Screenshots/TestcaseID/08-Mar-2026/17-14-17/PassedStep.jpg" width="800px"&gt;&lt;/a&gt;</msg>
<msg time="2026-03-08T17:14:19.301725" level="INFO">C:\Program Files\Python312\Lib\site-packages\AppiumLibrary\keywords\_screenshot.py:22: UserWarning: name used for saved screenshot does not match file type. It should end with a `.png` extension
  self._current_application().get_screenshot_as_file(path)
C:\Program Files\Python312\Lib\site-packages\appium\webdriver\appium_connection.py:64: UserWarning: Embedding username and password in URL could be insecure, use ClientConfig instead
  return {**super().get_remote_connection_headers(parsed_url, keep_alive=keep_alive), **cls.extra_headers}</msg>
<arg>${PathFinder}/${TestStepsFileName}</arg>
<doc>Takes a screenshot of the current page and embeds it into the log.</doc>
<status status="PASS" start="2026-03-08T17:14:18.218982" elapsed="1.086025"/>
</kw>
<status status="PASS" start="2026-03-08T17:14:18.218468" elapsed="1.086539"/>
</branch>
<branch type="ELSE">
<kw name="Capture Page Screenshot" owner="SeleniumLibrary">
<arg>${PathFinder}/${TestStepsFileName}</arg>
<doc>Takes a screenshot of the current page and embeds it into a log file.</doc>
<status status="NOT RUN" start="2026-03-08T17:14:19.306524" elapsed="0.000000"/>
</kw>
<status status="NOT RUN" start="2026-03-08T17:14:19.305007" elapsed="0.002586"/>
</branch>
<status status="PASS" start="2026-03-08T17:14:18.218468" elapsed="1.089125"/>
</if>
<kw name="Extent TestCaseSteps" owner="ExtentReportListener">
<msg time="2026-03-08T17:14:19.309109" level="INFO">Inside: Extent_TestCaseSteps</msg>
<arg>${TestStepDescription}</arg>
<arg>${TestStepStatus}</arg>
<arg>${PathFinder}/${TestStepsFileName}</arg>
<status status="PASS" start="2026-03-08T17:14:19.308594" elapsed="0.000515"/>
</kw>
<status status="PASS" start="2026-03-08T17:14:18.217358" elapsed="1.093270"/>
</branch>
<branch type="ELSE">
<kw name="Extent TestCaseSteps" owner="ExtentReportListener">
<arg>${TestStepDescription}</arg>
<arg>${TestStepStatus}</arg>
<arg>None</arg>
<status status="NOT RUN" start="2026-03-08T17:14:19.310628" elapsed="0.000000"/>
</kw>
<status status="NOT RUN" start="2026-03-08T17:14:19.310628" elapsed="0.001020"/>
</branch>
<status status="PASS" start="2026-03-08T17:14:18.217358" elapsed="1.094290"/>
</if>
<status status="PASS" start="2026-03-08T17:14:17.211273" elapsed="2.100375"/>
</branch>
<branch type="ELSE">
<kw name="Log To Console" owner="BuiltIn">
<arg>Inside ELSE</arg>
<doc>Logs the given message to the console.</doc>
<status status="NOT RUN" start="2026-03-08T17:14:19.312668" elapsed="0.000000"/>
</kw>
<kw name="Extent TestCaseSteps" owner="ExtentReportListener">
<arg>${TestStepDescription}</arg>
<arg>${TestStepStatus}</arg>
<arg>None</arg>
<status status="NOT RUN" start="2026-03-08T17:14:19.312668" elapsed="0.000000"/>
</kw>
<status status="NOT RUN" start="2026-03-08T17:14:19.311648" elapsed="0.001020"/>
</branch>
<status status="PASS" start="2026-03-08T17:14:17.211273" elapsed="2.101395"/>
</if>
<arg>Clicked on ${Details} Button</arg>
<arg>Pass</arg>
<arg>True</arg>
<status status="PASS" start="2026-03-08T17:14:17.192569" elapsed="2.121102"/>
</kw>
<arg>${GoToSettings}</arg>
<arg>GoToSettings</arg>
<doc>Keyword to click Button</doc>
<status status="PASS" start="2026-03-08T17:14:16.416781" elapsed="2.896890"/>
</kw>
<kw name="Show Contexts" owner="AppiumCommon">
<kw name="Sleep" owner="BuiltIn">
<msg time="2026-03-08T17:14:29.316045" level="INFO">Slept 10 seconds.</msg>
<msg time="2026-03-08T17:14:29.316045" level="INFO">Wait for all context to be available</msg>
<arg>10</arg>
<arg>Wait for all context to be available</arg>
<doc>Pauses the test executed for the given time.</doc>
<status status="PASS" start="2026-03-08T17:14:19.315688" elapsed="10.000357"/>
</kw>
<kw name="Get Contexts" owner="AppiumLibrary">
<msg time="2026-03-08T17:14:29.600265" level="INFO">['NATIVE_APP']</msg>
<msg time="2026-03-08T17:14:29.600265" level="INFO">C:\Program Files\Python312\Lib\site-packages\appium\webdriver\appium_connection.py:64: UserWarning: Embedding username and password in URL could be insecure, use ClientConfig instead
  return {**super().get_remote_connection_headers(parsed_url, keep_alive=keep_alive), **cls.extra_headers}
C:\Program Files\Python312\Lib\site-packages\appium\webdriver\appium_connection.py:64: UserWarning: Embedding username and password in URL could be insecure, use ClientConfig instead
  return {**super().get_remote_connection_headers(parsed_url, keep_alive=keep_alive), **cls.extra_headers}</msg>
<msg time="2026-03-08T17:14:29.600265" level="INFO">${contexts} = ['NATIVE_APP']</msg>
<var>${contexts}</var>
<doc>Returns the available contexts.</doc>
<status status="PASS" start="2026-03-08T17:14:29.316562" elapsed="0.285218"/>
</kw>
<kw name="Log" owner="BuiltIn">
<msg time="2026-03-08T17:14:29.602297" level="INFO">Contexts:-['NATIVE_APP']</msg>
<arg>Contexts:-${contexts}</arg>
<doc>Logs the given message with the given level.</doc>
<status status="PASS" start="2026-03-08T17:14:29.602297" elapsed="0.000000"/>
</kw>
<kw name="Get Current Context" owner="AppiumLibrary">
<msg time="2026-03-08T17:14:29.695968" level="INFO">C:\Program Files\Python312\Lib\site-packages\appium\webdriver\appium_connection.py:64: UserWarning: Embedding username and password in URL could be insecure, use ClientConfig instead
  return {**super().get_remote_connection_headers(parsed_url, keep_alive=keep_alive), **cls.extra_headers}</msg>
<msg time="2026-03-08T17:14:29.697484" level="INFO">${context} = NATIVE_APP</msg>
<var>${context}</var>
<doc>Returns the current context.</doc>
<status status="PASS" start="2026-03-08T17:14:29.603319" elapsed="0.094165"/>
</kw>
<kw name="Log" owner="BuiltIn">
<msg time="2026-03-08T17:14:29.698505" level="INFO">Current Context:-NATIVE_APP</msg>
<arg>Current Context:-${context}</arg>
<doc>Logs the given message with the given level.</doc>
<status status="PASS" start="2026-03-08T17:14:29.698505" elapsed="0.000000"/>
</kw>
<kw name="Evaluate" owner="BuiltIn">
<msg time="2026-03-08T17:14:29.700025" level="INFO">${STATUS} = False</msg>
<var>${STATUS}</var>
<arg>"WEBVIEW" in """${context}"""</arg>
<doc>Evaluates the given expression in Python and returns the result.</doc>
<status status="PASS" start="2026-03-08T17:14:29.700025" elapsed="0.000000"/>
</kw>
<kw name="Log" owner="BuiltIn">
<msg time="2026-03-08T17:14:29.702605" level="INFO">STATUS:-False</msg>
<arg>STATUS:-${STATUS}</arg>
<doc>Logs the given message with the given level.</doc>
<status status="PASS" start="2026-03-08T17:14:29.701587" elapsed="0.001018"/>
</kw>
<doc>Print the Contexts</doc>
<status status="PASS" start="2026-03-08T17:14:19.313671" elapsed="10.388934"/>
</kw>
<kw name="Log To Console" owner="BuiltIn">
<arg>UserName:${User Name}, Password:${Password}</arg>
<doc>Logs the given message to the console.</doc>
<status status="PASS" start="2026-03-08T17:14:29.702605" elapsed="0.001022"/>
</kw>
<arg>username@servicewa.com</arg>
<arg>myPassword</arg>
<doc>Keyword to Login to Mobile Application through Shopping Cart</doc>
<status status="PASS" start="2026-03-08T17:13:32.414278" elapsed="57.290345"/>
</kw>
<kw name="Close Application" owner="Common">
<kw name="Log To Console" owner="BuiltIn">
<arg>Inside~ Close application %{EXECUTION_PLATFORM}</arg>
<doc>Logs the given message to the console.</doc>
<status status="PASS" start="2026-03-08T17:14:29.706619" elapsed="0.001525"/>
</kw>
<if>
<branch type="IF" condition="&quot;%{EXECUTION_PLATFORM}&quot; == &quot;Mobile&quot;">
<kw name="Log To Console" owner="BuiltIn">
<arg>Closing Mobile Application</arg>
<doc>Logs the given message to the console.</doc>
<status status="PASS" start="2026-03-08T17:14:29.708144" elapsed="0.002530"/>
</kw>
<kw name="Close Application" owner="AppiumLibrary">
<msg time="2026-03-08T17:14:50.797708" level="WARN">Retrying (Retry(total=2, connect=None, read=None, redirect=None, status=None)) after connection broken by 'ConnectTimeoutError(&lt;HTTPConnection(host='hub-cloud.browserstack.com', port=80) at 0x2b6a7543d70&gt;, 'Connection to hub-cloud.browserstack.com timed out. (connect timeout=None)')': /wd/hub/session/0efbb61900677e3594c926e2465cefa7db1c1be8</msg>
<msg time="2026-03-08T17:14:52.765752" level="INFO">C:\Program Files\Python312\Lib\site-packages\appium\webdriver\appium_connection.py:64: UserWarning: Embedding username and password in URL could be insecure, use ClientConfig instead
  return {**super().get_remote_connection_headers(parsed_url, keep_alive=keep_alive), **cls.extra_headers}</msg>
<doc>Closes the current application and the webdriver session.</doc>
<status status="PASS" start="2026-03-08T17:14:29.710674" elapsed="23.055078"/>
</kw>
<status status="PASS" start="2026-03-08T17:14:29.708144" elapsed="23.057608"/>
</branch>
<branch type="ELSE">
<kw name="Log To Console" owner="BuiltIn">
<arg>Closing Web Application</arg>
<doc>Logs the given message to the console.</doc>
<status status="NOT RUN" start="2026-03-08T17:14:52.766737" elapsed="0.000000"/>
</kw>
<kw name="Close Browser" owner="SeleniumLibrary">
<doc>Closes the current browser.</doc>
<status status="NOT RUN" start="2026-03-08T17:14:52.768007" elapsed="0.000000"/>
</kw>
<status status="NOT RUN" start="2026-03-08T17:14:52.766737" elapsed="0.001270"/>
</branch>
<status status="PASS" start="2026-03-08T17:14:29.708144" elapsed="23.059863"/>
</if>
<kw name="Log To Console" owner="BuiltIn">
<arg>*** Closed the application ***</arg>
<doc>Logs the given message to the console.</doc>
<status status="PASS" start="2026-03-08T17:14:52.769030" elapsed="0.003110"/>
</kw>
<kw name="Close Extent Report" owner="ExtentReportListener">
<status status="PASS" start="2026-03-08T17:14:52.772140" elapsed="0.098211"/>
</kw>
<kw name="Log To Console" owner="BuiltIn">
<arg>Dir: ${EXECDIR}</arg>
<doc>Logs the given message to the console.</doc>
<status status="PASS" start="2026-03-08T17:14:52.870351" elapsed="0.001516"/>
</kw>
<kw name="Sleep" owner="BuiltIn">
<msg time="2026-03-08T17:14:53.874279" level="INFO">Slept 1 second.</msg>
<arg>1</arg>
<doc>Pauses the test executed for the given time.</doc>
<status status="PASS" start="2026-03-08T17:14:52.872884" elapsed="1.001395"/>
</kw>
<kw name="Convert To Lower Case" owner="String">
<msg time="2026-03-08T17:14:53.874913" level="INFO">${PIPELINE_EXECUTION} = false</msg>
<var>${PIPELINE_EXECUTION}</var>
<arg>%{PIPELINE_EXECUTION}</arg>
<doc>Converts string to lower case.</doc>
<status status="PASS" start="2026-03-08T17:14:53.874913" elapsed="0.000000"/>
</kw>
<kw name="Log To Console" owner="BuiltIn">
<arg>PipeLineExecution: ${PIPELINE_EXECUTION}</arg>
<doc>Logs the given message to the console.</doc>
<status status="PASS" start="2026-03-08T17:14:53.875989" elapsed="0.000943"/>
</kw>
<if>
<branch type="IF" condition="'${PIPELINE_EXECUTION}' == 'false'">
<kw name="Log To Console" owner="BuiltIn">
<arg>Inside ~ IF</arg>
<doc>Logs the given message to the console.</doc>
<status status="PASS" start="2026-03-08T17:14:53.876932" elapsed="0.000999"/>
</kw>
<kw name="Start Process" owner="Process">
<msg time="2026-03-08T17:14:53.879932" level="INFO">Starting process:
java -jar \"E:\MyProjects\Automation\ServiceWA\ExtentUtilitiesiComfortWebMobileEmailableReport.jar\"</msg>
<arg>java</arg>
<arg>-jar</arg>
<arg>"${EXECDIR}\iComfortWebMobileEmailableReport.jar"</arg>
<doc>Starts a new process on background.</doc>
<status status="PASS" start="2026-03-08T17:14:53.878930" elapsed="0.028995"/>
</kw>
<kw name="Wait For Process" owner="Process">
<msg time="2026-03-08T17:14:53.909832" level="INFO">Waiting for process to complete.</msg>
<msg time="2026-03-08T17:14:54.013914" level="INFO">Process completed.</msg>
<msg time="2026-03-08T17:14:54.013914" level="INFO">${result} = &lt;result object with rc 1&gt;</msg>
<var>${result}</var>
<arg>timeout=1min 30s</arg>
<arg>on_timeout=kill</arg>
<doc>Waits for the process to complete or to reach the given timeout.</doc>
<status status="PASS" start="2026-03-08T17:14:53.907925" elapsed="0.105989"/>
</kw>
<kw name="Log To Console" owner="BuiltIn">
<arg>Result: ${result}</arg>
<doc>Logs the given message to the console.</doc>
<status status="PASS" start="2026-03-08T17:14:54.014933" elapsed="0.000537"/>
</kw>
<status status="PASS" start="2026-03-08T17:14:53.876932" elapsed="0.138538"/>
</branch>
<status status="PASS" start="2026-03-08T17:14:53.876932" elapsed="0.138538"/>
</if>
<doc>Wrapper keyword to close application</doc>
<status status="PASS" start="2026-03-08T17:14:29.705651" elapsed="24.310832"/>
</kw>
<tag>Login001</tag>
<tag>Regression</tag>
<tag>Smoke</tag>
<status status="PASS" start="2026-03-08T17:12:42.546523" elapsed="131.469960"/>
</test>
<doc>These test cases used for checking Login Options by using iComfort Android app</doc>
<status status="PASS" start="2026-03-08T17:12:38.727333" elapsed="135.291145"/>
</suite>
<statistics>
<total>
<stat pass="1" fail="0" skip="0">All Tests</stat>
</total>
<tag>
<stat pass="1" fail="0" skip="0">Login001</stat>
<stat pass="1" fail="0" skip="0">Regression</stat>
<stat pass="1" fail="0" skip="0">Smoke</stat>
</tag>
<suite>
<stat name="ServiceWA Login" id="s1" pass="1" fail="0" skip="0">ServiceWA Login</stat>
</suite>
</statistics>
<errors>
<msg time="2026-03-08T17:12:41.643079" level="WARN">Error in file 'E:\MyProjects\Automation\ServiceWA\rf-driverutils\SeleniumCommonUtils.robot' on line 3: Suite 'ServiceWA Login' has already imported library 'SeleniumLibrary' with different arguments. This import is ignored.</msg>
<msg time="2026-03-08T17:12:41.803203" level="WARN">Error in file 'E:\MyProjects\Automation\ServiceWA\rf-pageobjects\SignInScreen.robot' on line 2: Suite 'ServiceWA Login' has already imported library 'AppiumLibrary' with different arguments. This import is ignored.</msg>
<msg time="2026-03-08T17:12:41.940564" level="WARN">Error in file 'E:\MyProjects\Automation\ServiceWA\rf-pageobjects\HomeScreen.robot' on line 2: Suite 'ServiceWA Login' has already imported library 'AppiumLibrary' with different arguments. This import is ignored.</msg>
<msg time="2026-03-08T17:12:42.146286" level="WARN">Error in file 'E:\MyProjects\Automation\ServiceWA\rf-pageobjects\Settings.robot' on line 2: Suite 'ServiceWA Login' has already imported library 'AppiumLibrary' with different arguments. This import is ignored.</msg>
<msg time="2026-03-08T17:12:42.172490" level="WARN">Error in file 'E:\MyProjects\Automation\ServiceWA\rf-pageobjects\Notifications.robot' on line 2: Suite 'ServiceWA Login' has already imported library 'AppiumLibrary' with different arguments. This import is ignored.</msg>
<msg time="2026-03-08T17:12:42.192212" level="WARN">Error in file 'E:\MyProjects\Automation\ServiceWA\rf-pageobjects\ConsumerPortalAPI.robot' on line 2: Suite 'ServiceWA Login' has already imported library 'AppiumLibrary' with different arguments. This import is ignored.</msg>
<msg time="2026-03-08T17:12:42.517417" level="WARN">Error in file 'E:\MyProjects\Automation\ServiceWA\rf-pageobjects\Signup.robot' on line 2: Suite 'ServiceWA Login' has already imported library 'AppiumLibrary' with different arguments. This import is ignored.</msg>
<msg time="2026-03-08T17:12:57.307085" level="WARN">Error in file 'E:\MyProjects\Automation\ServiceWA\Resources\Common.robot' on line 109: Suite 'ServiceWA Login' has already imported library 'AppiumLibrary' with different arguments. This import is ignored.</msg>
<msg time="2026-03-08T17:13:42.930059" level="WARN">Keyword 'Capture Page Screenshot' could not be run on failure: Multiple keywords with name 'Capture Page Screenshot' found. Give the full name of the keyword you want to use:
    AppiumLibrary.Capture Page Screenshot
    SeleniumLibrary.Capture Page Screenshot</msg>
<msg time="2026-03-08T17:13:45.158217" level="WARN">Keyword 'AppiumLibrary.Element Should Be Visible' is deprecated. Use `Expect Element` instead
Verifies that the element identified by ``locator`` is visible.</msg>
<msg time="2026-03-08T17:13:48.782662" level="WARN">Keyword 'Capture Page Screenshot' could not be run on failure: Multiple keywords with name 'Capture Page Screenshot' found. Give the full name of the keyword you want to use:
    AppiumLibrary.Capture Page Screenshot
    SeleniumLibrary.Capture Page Screenshot</msg>
<msg time="2026-03-08T17:13:53.042348" level="WARN">Keyword 'Capture Page Screenshot' could not be run on failure: Multiple keywords with name 'Capture Page Screenshot' found. Give the full name of the keyword you want to use:
    AppiumLibrary.Capture Page Screenshot
    SeleniumLibrary.Capture Page Screenshot</msg>
<msg time="2026-03-08T17:14:08.427410" level="WARN">Keyword 'Capture Page Screenshot' could not be run on failure: Multiple keywords with name 'Capture Page Screenshot' found. Give the full name of the keyword you want to use:
    AppiumLibrary.Capture Page Screenshot
    SeleniumLibrary.Capture Page Screenshot</msg>
<msg time="2026-03-08T17:14:50.797708" level="WARN">Retrying (Retry(total=2, connect=None, read=None, redirect=None, status=None)) after connection broken by 'ConnectTimeoutError(&lt;HTTPConnection(host='hub-cloud.browserstack.com', port=80) at 0x2b6a7543d70&gt;, 'Connection to hub-cloud.browserstack.com timed out. (connect timeout=None)')': /wd/hub/session/0efbb61900677e3594c926e2465cefa7db1c1be8</msg>
</errors>
</robot>
